Log file open, 05/22/20 10:55:14
LogWindows: Failed to load 'aqProf.dll' (GetLastError=126)
LogWindows: File 'aqProf.dll' does not exist
LogWindows: Failed to load 'VtuneApi.dll' (GetLastError=126)
LogWindows: File 'VtuneApi.dll' does not exist
LogWindows: Failed to load 'VtuneApi32e.dll' (GetLastError=126)
LogWindows: File 'VtuneApi32e.dll' does not exist
LogConsoleResponse: Display: Failed to find resolution value strings in scalability ini. Falling back to default.
LogInit: Display: Running engine for game: Social01
LogPlatformFile: Not using cached read wrapper
LogTaskGraph: Started task graph with 5 named threads and 23 total threads with 3 sets of task threads.
LogStats: Stats thread started at 8.810012
LogD3D11RHI: Loaded GFSDK_Aftermath_Lib.x64.dll
LogICUInternationalization: ICU TimeZone Detection - Raw Offset: -4:00, Platform Override: ''
LogPluginManager: Mounting plugin Paper2D
LogPluginManager: Mounting plugin AISupport
LogPluginManager: Mounting plugin LightPropagationVolume
LogPluginManager: Mounting plugin ActorLayerUtilities
LogPluginManager: Mounting plugin AnimationSharing
LogPluginManager: Mounting plugin CLionSourceCodeAccess
LogPluginManager: Mounting plugin CodeLiteSourceCodeAccess
LogPluginManager: Mounting plugin GitSourceControl
LogPluginManager: Mounting plugin KDevelopSourceCodeAccess
LogPluginManager: Mounting plugin NullSourceCodeAccess
LogPluginManager: Mounting plugin PerforceSourceControl
LogPluginManager: Mounting plugin PlasticSourceControl
LogPluginManager: Mounting plugin SubversionSourceControl
LogPluginManager: Mounting plugin UObjectPlugin
LogPluginManager: Mounting plugin VisualStudioCodeSourceCodeAccess
LogPluginManager: Mounting plugin VisualStudioSourceCodeAccess
LogPluginManager: Mounting plugin XCodeSourceCodeAccess
LogPluginManager: Mounting plugin AssetManagerEditor
LogPluginManager: Mounting plugin CryptoKeys
LogPluginManager: Mounting plugin CurveEditorTools
LogPluginManager: Mounting plugin DataValidation
LogPluginManager: Mounting plugin EditorScriptingUtilities
LogPluginManager: Mounting plugin FacialAnimation
LogPluginManager: Mounting plugin GameplayTagsEditor
LogPluginManager: Mounting plugin MacGraphicsSwitching
LogPluginManager: Mounting plugin MaterialAnalyzer
LogPluginManager: Mounting plugin MeshEditor
LogPluginManager: Mounting plugin MobileLauncherProfileWizard
LogPluginManager: Mounting plugin PluginBrowser
LogPluginManager: Mounting plugin SpeedTreeImporter
LogPluginManager: Mounting plugin DatasmithContent
LogPluginManager: Mounting plugin DatasmithImporter
LogPluginManager: Mounting plugin StaticMeshEditorExtension
LogPluginManager: Mounting plugin VariantManager
LogPluginManager: Mounting plugin VariantManagerContent
LogPluginManager: Mounting plugin AlembicImporter
LogPluginManager: Mounting plugin AutomationUtils
LogPluginManager: Mounting plugin BackChannel
LogPluginManager: Mounting plugin BlastPlugin
LogPluginManager: Mounting plugin ChaosSolverPlugin
LogPluginManager: Mounting plugin CharacterAI
LogPluginManager: Mounting plugin DataPrepEditor
LogPluginManager: Mounting plugin GeometryCache
LogPluginManager: Mounting plugin GeometryCollectionPlugin
LogPluginManager: Mounting plugin PlatformCrypto
LogPluginManager: Mounting plugin ProxyLODPlugin
LogPluginManager: Mounting plugin PythonScriptPlugin
LogPluginManager: Mounting plugin SkeletalReduction
LogPluginManager: Mounting plugin MagicLeap
LogPluginManager: Mounting plugin MagicLeapMedia
LogPluginManager: Mounting plugin MLSDK
LogPluginManager: Mounting plugin AndroidMedia
LogPluginManager: Mounting plugin AvfMedia
LogPluginManager: Mounting plugin ImgMedia
LogPluginManager: Mounting plugin MediaCompositing
LogPluginManager: Mounting plugin MediaPlayerEditor
LogPluginManager: Mounting plugin WebMMedia
LogPluginManager: Mounting plugin WmfMedia
LogPluginManager: Mounting plugin MegascansPlugin
LogPluginManager: Mounting plugin TcpMessaging
LogPluginManager: Mounting plugin UdpMessaging
LogPluginManager: Mounting plugin ActorSequence
LogPluginManager: Mounting plugin LevelSequenceEditor
LogPluginManager: Mounting plugin MatineeToLevelSequence
LogPluginManager: Mounting plugin NetcodeUnitTest
LogPluginManager: Mounting plugin NUTUnrealEngine4
LogPluginManager: Mounting plugin OnlineSubsystemGooglePlay
LogPluginManager: Mounting plugin OnlineSubsystemIOS
LogPluginManager: Mounting plugin OnlineSubsystem
LogPluginManager: Mounting plugin OnlineSubsystemNull
LogPluginManager: Mounting plugin OnlineSubsystemUtils
LogPluginManager: Mounting plugin LauncherChunkInstaller
LogPluginManager: Mounting plugin AndroidDeviceProfileSelector
LogPluginManager: Mounting plugin AndroidMoviePlayer
LogPluginManager: Mounting plugin AndroidPermission
LogPluginManager: Mounting plugin AppleImageUtils
LogPluginManager: Mounting plugin AppleMoviePlayer
LogPluginManager: Mounting plugin ArchVisCharacter
LogPluginManager: Mounting plugin AssetTags
LogPluginManager: Mounting plugin AudioCapture
LogPluginManager: Mounting plugin CableComponent
LogPluginManager: Mounting plugin CustomMeshComponent
LogPluginManager: Mounting plugin EditableMesh
LogPluginManager: Mounting plugin ExampleDeviceProfileSelector
LogPluginManager: Mounting plugin GoogleCloudMessaging
LogPluginManager: Mounting plugin IOSDeviceProfileSelector
LogPluginManager: Mounting plugin LinuxDeviceProfileSelector
LogPluginManager: Mounting plugin LocationServicesBPLibrary
LogPluginManager: Mounting plugin MobilePatchingUtils
LogPluginManager: Mounting plugin OculusVR
LogPluginManager: Mounting plugin PhysXVehicles
LogPluginManager: Mounting plugin PostSplashScreen
LogPluginManager: Mounting plugin ProceduralMeshComponent
LogPluginManager: Mounting plugin RuntimePhysXCooking
LogPluginManager: Mounting plugin SignificanceManager
LogPluginManager: Mounting plugin SteamVR
LogPluginManager: Mounting plugin WebMMoviePlayer
LogPluginManager: Mounting plugin WindowsMoviePlayer
LogPluginManager: Mounting plugin ScreenshotTools
LogInit: Using libcurl 7.55.1-DEV
LogInit:  - built for x86_64-pc-win32
LogInit:  - supports SSL with OpenSSL/1.1.1
LogInit:  - supports HTTP deflate (compression) using libz 1.2.8
LogInit:  - other features:
LogInit:      CURL_VERSION_SSL
LogInit:      CURL_VERSION_LIBZ
LogInit:      CURL_VERSION_IPV6
LogInit:      CURL_VERSION_ASYNCHDNS
LogInit:      CURL_VERSION_LARGEFILE
LogInit:      CURL_VERSION_IDN
LogInit:  CurlRequestOptions (configurable via config and command line):
LogInit:  - bVerifyPeer = true  - Libcurl will verify peer certificate
LogInit:  - bUseHttpProxy = false  - Libcurl will NOT use HTTP proxy
LogInit:  - bDontReuseConnections = false  - Libcurl will reuse connections
LogInit:  - MaxHostConnections = 16  - Libcurl will limit the number of connections to a host
LogInit:  - LocalHostAddr = Default
LogInit:  - BufferSize = 65536
LogOnline: OSS: Creating online subsystem instance for: NULL
LogInit: WinSock: version 1.1 (2.2), MaxSocks=32767, MaxUdp=65467
LogOnline: OSS: TryLoadSubsystemAndSetDefault: Loaded subsystem for module [NULL]
LogInit: Build: ++UE4+Release-4.24-CL-11590370
LogInit: Engine Version: 4.24.3-11590370+++UE4+Release-4.24
LogInit: Compatible Engine Version: 4.24.0-10570792+++UE4+Release-4.24
LogInit: Net CL: 10570792
LogInit: OS: Windows 10 (Release 1809) (), CPU: AMD FX-8320E Eight-Core Processor              , GPU: AMD Radeon R9 200 Series
LogInit: Compiled (64-bit): Feb 24 2020 15:39:18
LogInit: Compiled with Visual C++: 19.16.27032.01
LogInit: Build Configuration: Development
LogInit: Branch Name: ++UE4+Release-4.24
LogInit: Command Line: 
LogInit: Base Directory: D:/Programas D/UE_4.24/Engine/Binaries/Win64/
LogInit: Installed Engine Build: 1
LogDevObjectVersion: Number of dev versions registered: 25
LogDevObjectVersion:   Dev-Blueprints (B0D832E4-1F89-4F0D-ACCF-7EB736FD4AA2): 10
LogDevObjectVersion:   Dev-Build (E1C64328-A22C-4D53-A36C-8E866417BD8C): 0
LogDevObjectVersion:   Dev-Core (375EC13C-06E4-48FB-B500-84F0262A717E): 3
LogDevObjectVersion:   Dev-Editor (E4B068ED-F494-42E9-A231-DA0B2E46BB41): 37
LogDevObjectVersion:   Dev-Framework (CFFC743F-43B0-4480-9391-14DF171D2073): 36
LogDevObjectVersion:   Dev-Mobile (B02B49B5-BB20-44E9-A304-32B752E40360): 2
LogDevObjectVersion:   Dev-Networking (A4E4105C-59A1-49B5-A7C5-40C4547EDFEE): 0
LogDevObjectVersion:   Dev-Online (39C831C9-5AE6-47DC-9A44-9C173E1C8E7C): 0
LogDevObjectVersion:   Dev-Physics (78F01B33-EBEA-4F98-B9B4-84EACCB95AA2): 2
LogDevObjectVersion:   Dev-Platform (6631380F-2D4D-43E0-8009-CF276956A95A): 0
LogDevObjectVersion:   Dev-Rendering (12F88B9F-8875-4AFC-A67C-D90C383ABD29): 36
LogDevObjectVersion:   Dev-Sequencer (7B5AE74C-D270-4C10-A958-57980B212A5A): 11
LogDevObjectVersion:   Dev-VR (D7296918-1DD6-4BDD-9DE2-64A83CC13884): 2
LogDevObjectVersion:   Dev-LoadTimes (C2A15278-BFE7-4AFE-6C17-90FF531DF755): 1
LogDevObjectVersion:   Private-Geometry (6EACA3D4-40EC-4CC1-B786-8BED09428FC5): 3
LogDevObjectVersion:   Dev-AnimPhys (29E575DD-E0A3-4627-9D10-D276232CDCEA): 17
LogDevObjectVersion:   Dev-Anim (AF43A65D-7FD3-4947-9873-3E8ED9C1BB05): 2
LogDevObjectVersion:   Dev-ReflectionCapture (6B266CEC-1EC7-4B8F-A30B-E4D90942FC07): 1
LogDevObjectVersion:   Dev-Automation (0DF73D61-A23F-47EA-B727-89E90C41499A): 1
LogDevObjectVersion:   FortniteMain (601D1886-AC64-4F84-AA16-D3DE0DEAC7D6): 31
LogDevObjectVersion:   Dev-Enterprise (9DFFBCD6-494F-0158-E221-12823C92A888): 8
LogDevObjectVersion:   Dev-Niagara (F2AED0AC-9AFE-416F-8664-AA7FFA26D6FC): 1
LogDevObjectVersion:   Dev-Destruction (174F1F0B-B4C6-45A5-B13F-2EE8D0FB917D): 9
LogDevObjectVersion:   Dev-Physics-Ext (35F94A83-E258-406C-A318-09F59610247C): 8
LogDevObjectVersion:   Dev-CineCamera (B2E18506-4273-CFC2-A54E-F4BB758BBA07): 1
LogInit: Presizing for max 25165824 objects, including 0 objects not considered by GC, pre-allocating 0 bytes for permanent pool.
LogInit: Object subsystem initialized
LogConfig: Setting CVar [[con.DebugEarlyDefault:1]]
LogConfig: Setting CVar [[r.setres:1280x720]]
[2020.05.22-14.55.18:958][  0]LogConfig: Setting CVar [[r.VSync:0]]
[2020.05.22-14.55.18:958][  0]LogConfig: Setting CVar [[r.RHICmdBypass:0]]
[2020.05.22-14.55.18:969][  0]LogConfig: Applying CVar settings from Section [/Script/Engine.RendererSettings] File [D:/Desarrollo Games/GITHUB/Social_01/social/Saved/Config/Windows/Engine.ini]
[2020.05.22-14.55.18:969][  0]LogConfig: Setting CVar [[r.GPUCrashDebugging:0]]
[2020.05.22-14.55.18:969][  0]LogConfig: Applying CVar settings from Section [/Script/Engine.RendererOverrideSettings] File [D:/Desarrollo Games/GITHUB/Social_01/social/Saved/Config/Windows/Engine.ini]
[2020.05.22-14.55.18:969][  0]LogConfig: Applying CVar settings from Section [/Script/Engine.StreamingSettings] File [D:/Desarrollo Games/GITHUB/Social_01/social/Saved/Config/Windows/Engine.ini]
[2020.05.22-14.55.18:969][  0]LogConfig: Setting CVar [[s.MinBulkDataSizeForAsyncLoading:131072]]
[2020.05.22-14.55.18:969][  0]LogConfig: Setting CVar [[s.AsyncLoadingThreadEnabled:0]]
[2020.05.22-14.55.18:969][  0]LogConfig: Setting CVar [[s.EventDrivenLoaderEnabled:0]]
[2020.05.22-14.55.18:969][  0]LogConfig: Setting CVar [[s.WarnIfTimeLimitExceeded:0]]
[2020.05.22-14.55.18:969][  0]LogConfig: Setting CVar [[s.TimeLimitExceededMultiplier:1.5]]
[2020.05.22-14.55.18:969][  0]LogConfig: Setting CVar [[s.TimeLimitExceededMinTime:0.005]]
[2020.05.22-14.55.18:969][  0]LogConfig: Setting CVar [[s.UseBackgroundLevelStreaming:1]]
[2020.05.22-14.55.18:969][  0]LogConfig: Setting CVar [[s.PriorityAsyncLoadingExtraTime:15.0]]
[2020.05.22-14.55.18:969][  0]LogConfig: Setting CVar [[s.LevelStreamingActorsUpdateTimeLimit:5.0]]
[2020.05.22-14.55.18:969][  0]LogConfig: Setting CVar [[s.PriorityLevelStreamingActorsUpdateExtraTime:5.0]]
[2020.05.22-14.55.18:969][  0]LogConfig: Setting CVar [[s.LevelStreamingComponentsRegistrationGranularity:10]]
[2020.05.22-14.55.18:969][  0]LogConfig: Setting CVar [[s.UnregisterComponentsTimeLimit:1.0]]
[2020.05.22-14.55.18:969][  0]LogConfig: Setting CVar [[s.LevelStreamingComponentsUnregistrationGranularity:5]]
[2020.05.22-14.55.18:970][  0]LogConfig: Setting CVar [[s.FlushStreamingOnExit:1]]
[2020.05.22-14.55.18:970][  0]LogConfig: Applying CVar settings from Section [/Script/Engine.GarbageCollectionSettings] File [D:/Desarrollo Games/GITHUB/Social_01/social/Saved/Config/Windows/Engine.ini]
[2020.05.22-14.55.18:970][  0]LogConfig: Setting CVar [[gc.MaxObjectsNotConsideredByGC:1]]
[2020.05.22-14.55.18:970][  0]LogConfig: Setting CVar [[gc.SizeOfPermanentObjectPool:0]]
[2020.05.22-14.55.18:970][  0]LogConfig: Setting CVar [[gc.FlushStreamingOnGC:0]]
[2020.05.22-14.55.18:970][  0]LogConfig: Setting CVar [[gc.NumRetriesBeforeForcingGC:10]]
[2020.05.22-14.55.18:970][  0]LogConfig: Setting CVar [[gc.AllowParallelGC:1]]
[2020.05.22-14.55.18:970][  0]LogConfig: Setting CVar [[gc.TimeBetweenPurgingPendingKillObjects:61.1]]
[2020.05.22-14.55.18:970][  0]LogConfig: Setting CVar [[gc.MaxObjectsInEditor:25165824]]
[2020.05.22-14.55.18:970][  0]LogConfig: Setting CVar [[gc.IncrementalBeginDestroyEnabled:1]]
[2020.05.22-14.55.18:970][  0]LogConfig: Setting CVar [[gc.CreateGCClusters:1]]
[2020.05.22-14.55.18:970][  0]LogConfig: Setting CVar [[gc.MinGCClusterSize:5]]
[2020.05.22-14.55.18:970][  0]LogConfig: Setting CVar [[gc.ActorClusteringEnabled:0]]
[2020.05.22-14.55.18:970][  0]LogConfig: Setting CVar [[gc.BlueprintClusteringEnabled:0]]
[2020.05.22-14.55.18:970][  0]LogConfig: Setting CVar [[gc.UseDisregardForGCOnDedicatedServers:0]]
[2020.05.22-14.55.18:970][  0]LogConfig: Applying CVar settings from Section [/Script/Engine.NetworkSettings] File [D:/Desarrollo Games/GITHUB/Social_01/social/Saved/Config/Windows/Engine.ini]
[2020.05.22-14.55.18:970][  0]LogConfig: Applying CVar settings from Section [/Script/UnrealEd.CookerSettings] File [D:/Desarrollo Games/GITHUB/Social_01/social/Saved/Config/Windows/Engine.ini]
[2020.05.22-14.55.19:044][  0]LogConfig: Applying CVar settings from Section [ViewDistanceQuality@3] File [D:/Desarrollo Games/GITHUB/Social_01/social/Saved/Config/Windows/Scalability.ini]
[2020.05.22-14.55.19:044][  0]LogConfig: Setting CVar [[r.SkeletalMeshLODBias:0]]
[2020.05.22-14.55.19:044][  0]LogConfig: Setting CVar [[r.ViewDistanceScale:1.0]]
[2020.05.22-14.55.19:044][  0]LogConfig: Applying CVar settings from Section [AntiAliasingQuality@3] File [D:/Desarrollo Games/GITHUB/Social_01/social/Saved/Config/Windows/Scalability.ini]
[2020.05.22-14.55.19:044][  0]LogConfig: Setting CVar [[r.PostProcessAAQuality:4]]
[2020.05.22-14.55.19:044][  0]LogConfig: Applying CVar settings from Section [ShadowQuality@3] File [D:/Desarrollo Games/GITHUB/Social_01/social/Saved/Config/Windows/Scalability.ini]
[2020.05.22-14.55.19:044][  0]LogConfig: Setting CVar [[r.LightFunctionQuality:1]]
[2020.05.22-14.55.19:044][  0]LogConfig: Setting CVar [[r.ShadowQuality:5]]
[2020.05.22-14.55.19:044][  0]LogConfig: Setting CVar [[r.Shadow.CSM.MaxCascades:10]]
[2020.05.22-14.55.19:044][  0]LogConfig: Setting CVar [[r.Shadow.MaxResolution:2048]]
[2020.05.22-14.55.19:044][  0]LogConfig: Setting CVar [[r.Shadow.MaxCSMResolution:2048]]
[2020.05.22-14.55.19:044][  0]LogConfig: Setting CVar [[r.Shadow.RadiusThreshold:0.01]]
[2020.05.22-14.55.19:044][  0]LogConfig: Setting CVar [[r.Shadow.DistanceScale:1.0]]
[2020.05.22-14.55.19:045][  0]LogConfig: Setting CVar [[r.Shadow.CSM.TransitionScale:1.0]]
[2020.05.22-14.55.19:045][  0]LogConfig: Setting CVar [[r.Shadow.PreShadowResolutionFactor:1.0]]
[2020.05.22-14.55.19:045][  0]LogConfig: Setting CVar [[r.DistanceFieldShadowing:1]]
[2020.05.22-14.55.19:045][  0]LogConfig: Setting CVar [[r.DistanceFieldAO:1]]
[2020.05.22-14.55.19:045][  0]LogConfig: Setting CVar [[r.AOQuality:2]]
[2020.05.22-14.55.19:045][  0]LogConfig: Setting CVar [[r.VolumetricFog:1]]
[2020.05.22-14.55.19:045][  0]LogConfig: Setting CVar [[r.VolumetricFog.GridPixelSize:8]]
[2020.05.22-14.55.19:045][  0]LogConfig: Setting CVar [[r.VolumetricFog.GridSizeZ:128]]
[2020.05.22-14.55.19:045][  0]LogConfig: Setting CVar [[r.VolumetricFog.HistoryMissSupersampleCount:4]]
[2020.05.22-14.55.19:045][  0]LogConfig: Setting CVar [[r.LightMaxDrawDistanceScale:1]]
[2020.05.22-14.55.19:045][  0]LogConfig: Setting CVar [[r.CapsuleShadows:1]]
[2020.05.22-14.55.19:045][  0]LogConfig: Applying CVar settings from Section [PostProcessQuality@3] File [D:/Desarrollo Games/GITHUB/Social_01/social/Saved/Config/Windows/Scalability.ini]
[2020.05.22-14.55.19:045][  0]LogConfig: Setting CVar [[r.MotionBlurQuality:4]]
[2020.05.22-14.55.19:045][  0]LogConfig: Setting CVar [[r.AmbientOcclusionMipLevelFactor:0.4]]
[2020.05.22-14.55.19:045][  0]LogConfig: Setting CVar [[r.AmbientOcclusionMaxQuality:100]]
[2020.05.22-14.55.19:045][  0]LogConfig: Setting CVar [[r.AmbientOcclusionLevels:-1]]
[2020.05.22-14.55.19:045][  0]LogConfig: Setting CVar [[r.AmbientOcclusionRadiusScale:1.0]]
[2020.05.22-14.55.19:045][  0]LogConfig: Setting CVar [[r.DepthOfFieldQuality:2]]
[2020.05.22-14.55.19:046][  0]LogConfig: Setting CVar [[r.RenderTargetPoolMin:400]]
[2020.05.22-14.55.19:046][  0]LogConfig: Setting CVar [[r.LensFlareQuality:2]]
[2020.05.22-14.55.19:046][  0]LogConfig: Setting CVar [[r.SceneColorFringeQuality:1]]
[2020.05.22-14.55.19:046][  0]LogConfig: Setting CVar [[r.EyeAdaptationQuality:2]]
[2020.05.22-14.55.19:046][  0]LogConfig: Setting CVar [[r.BloomQuality:5]]
[2020.05.22-14.55.19:046][  0]LogConfig: Setting CVar [[r.FastBlurThreshold:100]]
[2020.05.22-14.55.19:046][  0]LogConfig: Setting CVar [[r.Upscale.Quality:3]]
[2020.05.22-14.55.19:046][  0]LogConfig: Setting CVar [[r.Tonemapper.GrainQuantization:1]]
[2020.05.22-14.55.19:046][  0]LogConfig: Setting CVar [[r.LightShaftQuality:1]]
[2020.05.22-14.55.19:046][  0]LogConfig: Setting CVar [[r.Filter.SizeScale:1]]
[2020.05.22-14.55.19:046][  0]LogConfig: Setting CVar [[r.Tonemapper.Quality:5]]
[2020.05.22-14.55.19:046][  0]LogConfig: Setting CVar [[r.DOF.Gather.AccumulatorQuality:1        ; higher gathering accumulator quality]]
[2020.05.22-14.55.19:046][  0]LogConfig: Setting CVar [[r.DOF.Gather.PostfilterMethod:1          ; Median3x3 postfilering method]]
[2020.05.22-14.55.19:046][  0]LogConfig: Setting CVar [[r.DOF.Gather.EnableBokehSettings:0       ; no bokeh simulation when gathering]]
[2020.05.22-14.55.19:046][  0]LogConfig: Setting CVar [[r.DOF.Gather.RingCount:4                 ; medium number of samples when gathering]]
[2020.05.22-14.55.19:046][  0]LogConfig: Setting CVar [[r.DOF.Scatter.ForegroundCompositing:1    ; additive foreground scattering]]
[2020.05.22-14.55.19:046][  0]LogConfig: Setting CVar [[r.DOF.Scatter.BackgroundCompositing:2    ; additive background scattering]]
[2020.05.22-14.55.19:046][  0]LogConfig: Setting CVar [[r.DOF.Scatter.EnableBokehSettings:1      ; bokeh simulation when scattering]]
[2020.05.22-14.55.19:046][  0]LogConfig: Setting CVar [[r.DOF.Scatter.MaxSpriteRatio:0.1         ; only a maximum of 10% of scattered bokeh]]
[2020.05.22-14.55.19:047][  0]LogConfig: Setting CVar [[r.DOF.Recombine.Quality:1                ; cheap slight out of focus]]
[2020.05.22-14.55.19:047][  0]LogConfig: Setting CVar [[r.DOF.Recombine.EnableBokehSettings:0    ; no bokeh simulation on slight out of focus]]
[2020.05.22-14.55.19:047][  0]LogConfig: Setting CVar [[r.DOF.TemporalAAQuality:1                ; more stable temporal accumulation]]
[2020.05.22-14.55.19:047][  0]LogConfig: Setting CVar [[r.DOF.Kernel.MaxForegroundRadius:0.025]]
[2020.05.22-14.55.19:047][  0]LogConfig: Setting CVar [[r.DOF.Kernel.MaxBackgroundRadius:0.025]]
[2020.05.22-14.55.19:047][  0]LogConfig: Applying CVar settings from Section [TextureQuality@3] File [D:/Desarrollo Games/GITHUB/Social_01/social/Saved/Config/Windows/Scalability.ini]
[2020.05.22-14.55.19:047][  0]LogConfig: Setting CVar [[r.Streaming.MipBias:0]]
[2020.05.22-14.55.19:047][  0]LogConfig: Setting CVar [[r.Streaming.AmortizeCPUToGPUCopy:0]]
[2020.05.22-14.55.19:047][  0]LogConfig: Setting CVar [[r.Streaming.MaxNumTexturesToStreamPerFrame:0]]
[2020.05.22-14.55.19:047][  0]LogConfig: Setting CVar [[r.Streaming.Boost:1]]
[2020.05.22-14.55.19:047][  0]LogConfig: Setting CVar [[r.MaxAnisotropy:8]]
[2020.05.22-14.55.19:047][  0]LogConfig: Setting CVar [[r.VT.MaxAnisotropy:8]]
[2020.05.22-14.55.19:047][  0]LogConfig: Setting CVar [[r.Streaming.LimitPoolSizeToVRAM:0]]
[2020.05.22-14.55.19:047][  0]LogConfig: Setting CVar [[r.Streaming.PoolSize:1000]]
[2020.05.22-14.55.19:047][  0]LogConfig: Setting CVar [[r.Streaming.MaxEffectiveScreenSize:0]]
[2020.05.22-14.55.19:047][  0]LogConfig: Applying CVar settings from Section [EffectsQuality@3] File [D:/Desarrollo Games/GITHUB/Social_01/social/Saved/Config/Windows/Scalability.ini]
[2020.05.22-14.55.19:047][  0]LogConfig: Setting CVar [[r.TranslucencyLightingVolumeDim:64]]
[2020.05.22-14.55.19:047][  0]LogConfig: Setting CVar [[r.RefractionQuality:2]]
[2020.05.22-14.55.19:047][  0]LogConfig: Setting CVar [[r.SSR.Quality:3]]
[2020.05.22-14.55.19:048][  0]LogConfig: Setting CVar [[r.SSR.HalfResSceneColor:0]]
[2020.05.22-14.55.19:048][  0]LogConfig: Setting CVar [[r.SceneColorFormat:4]]
[2020.05.22-14.55.19:048][  0]LogConfig: Setting CVar [[r.DetailMode:2]]
[2020.05.22-14.55.19:048][  0]LogConfig: Setting CVar [[r.TranslucencyVolumeBlur:1]]
[2020.05.22-14.55.19:048][  0]LogConfig: Setting CVar [[r.MaterialQualityLevel:1 ; High quality]]
[2020.05.22-14.55.19:048][  0]LogConfig: Setting CVar [[r.SSS.Scale:1]]
[2020.05.22-14.55.19:048][  0]LogConfig: Setting CVar [[r.SSS.SampleSet:2]]
[2020.05.22-14.55.19:048][  0]LogConfig: Setting CVar [[r.SSS.Quality:1]]
[2020.05.22-14.55.19:048][  0]LogConfig: Setting CVar [[r.SSS.HalfRes:1]]
[2020.05.22-14.55.19:048][  0]LogConfig: Setting CVar [[r.SSGI.Quality:3]]
[2020.05.22-14.55.19:048][  0]LogConfig: Setting CVar [[r.EmitterSpawnRateScale:1.0]]
[2020.05.22-14.55.19:048][  0]LogConfig: Setting CVar [[r.ParticleLightQuality:2]]
[2020.05.22-14.55.19:048][  0]LogConfig: Setting CVar [[r.SkyAtmosphere.AerialPerspectiveLUT.FastApplyOnOpaque:1 ; Always have FastSkyLUT 1 in this case to avoid wrong sky]]
[2020.05.22-14.55.19:048][  0]LogConfig: Setting CVar [[r.SkyAtmosphere.AerialPerspectiveLUT.SampleCountPerSlice:1]]
[2020.05.22-14.55.19:048][  0]LogConfig: Setting CVar [[r.SkyAtmosphere.AerialPerspectiveLUT.DepthResolution:16.0]]
[2020.05.22-14.55.19:048][  0]LogConfig: Setting CVar [[r.SkyAtmosphere.FastSkyLUT:1]]
[2020.05.22-14.55.19:048][  0]LogConfig: Setting CVar [[r.SkyAtmosphere.FastSkyLUT.SampleCountMin:4.0]]
[2020.05.22-14.55.19:049][  0]LogConfig: Setting CVar [[r.SkyAtmosphere.FastSkyLUT.SampleCountMax:32.0]]
[2020.05.22-14.55.19:049][  0]LogConfig: Setting CVar [[r.SkyAtmosphere.SampleCountMin:4.0]]
[2020.05.22-14.55.19:049][  0]LogConfig: Setting CVar [[r.SkyAtmosphere.SampleCountMax:32.0]]
[2020.05.22-14.55.19:049][  0]LogConfig: Setting CVar [[r.SkyAtmosphere.TransmittanceLUT.UseSmallFormat:0]]
[2020.05.22-14.55.19:049][  0]LogConfig: Setting CVar [[r.SkyAtmosphere.TransmittanceLUT.SampleCount:10.0]]
[2020.05.22-14.55.19:049][  0]LogConfig: Setting CVar [[r.SkyAtmosphere.MultiScatteringLUT.SampleCount:15.0]]
[2020.05.22-14.55.19:049][  0]LogConfig: Applying CVar settings from Section [FoliageQuality@3] File [D:/Desarrollo Games/GITHUB/Social_01/social/Saved/Config/Windows/Scalability.ini]
[2020.05.22-14.55.19:049][  0]LogConfig: Setting CVar [[foliage.DensityScale:1.0]]
[2020.05.22-14.55.19:049][  0]LogConfig: Setting CVar [[grass.DensityScale:1.0]]
[2020.05.22-14.55.19:049][  0]LogConfig: Applying CVar settings from Section [ShadingQuality@3] File [D:/Desarrollo Games/GITHUB/Social_01/social/Saved/Config/Windows/Scalability.ini]
[2020.05.22-14.55.19:049][  0]LogConfig: Setting CVar [[r.HairStrands.SkyLighting.SampleCount:16]]
[2020.05.22-14.55.19:049][  0]LogConfig: Setting CVar [[r.HairStrands.SkyLighting.JitterIntegration:0]]
[2020.05.22-14.55.19:049][  0]LogConfig: Setting CVar [[r.HairStrands.SkyAO.SampleCount:16]]
[2020.05.22-14.55.19:050][  0]LogInit: Selected Device Profile: [Windows]
[2020.05.22-14.55.19:050][  0]LogInit: Applying CVar settings loaded from the selected device profile: [Windows]
[2020.05.22-14.55.19:121][  0]LogHAL: Display: Platform has ~ 8 GB [8548765696 / 8589934592 / 8], which maps to Default [LargestMinGB=32, LargerMinGB=12, DefaultMinGB=8, SmallerMinGB=6, SmallestMinGB=0)
[2020.05.22-14.55.19:121][  0]LogInit: Going up to parent DeviceProfile []
[2020.05.22-14.55.19:121][  0]LogConfig: Applying CVar settings from Section [ViewDistanceQuality@3] File [D:/Desarrollo Games/GITHUB/Social_01/social/Saved/Config/Windows/Scalability.ini]
[2020.05.22-14.55.19:121][  0]LogConfig: Setting CVar [[r.SkeletalMeshLODBias:0]]
[2020.05.22-14.55.19:121][  0]LogConfig: Setting CVar [[r.ViewDistanceScale:1.0]]
[2020.05.22-14.55.19:121][  0]LogConfig: Applying CVar settings from Section [AntiAliasingQuality@3] File [D:/Desarrollo Games/GITHUB/Social_01/social/Saved/Config/Windows/Scalability.ini]
[2020.05.22-14.55.19:121][  0]LogConfig: Setting CVar [[r.PostProcessAAQuality:4]]
[2020.05.22-14.55.19:121][  0]LogConfig: Applying CVar settings from Section [ShadowQuality@3] File [D:/Desarrollo Games/GITHUB/Social_01/social/Saved/Config/Windows/Scalability.ini]
[2020.05.22-14.55.19:121][  0]LogConfig: Setting CVar [[r.LightFunctionQuality:1]]
[2020.05.22-14.55.19:121][  0]LogConfig: Setting CVar [[r.ShadowQuality:5]]
[2020.05.22-14.55.19:121][  0]LogConfig: Setting CVar [[r.Shadow.CSM.MaxCascades:10]]
[2020.05.22-14.55.19:121][  0]LogConfig: Setting CVar [[r.Shadow.MaxResolution:2048]]
[2020.05.22-14.55.19:121][  0]LogConfig: Setting CVar [[r.Shadow.MaxCSMResolution:2048]]
[2020.05.22-14.55.19:121][  0]LogConfig: Setting CVar [[r.Shadow.RadiusThreshold:0.01]]
[2020.05.22-14.55.19:121][  0]LogConfig: Setting CVar [[r.Shadow.DistanceScale:1.0]]
[2020.05.22-14.55.19:122][  0]LogConfig: Setting CVar [[r.Shadow.CSM.TransitionScale:1.0]]
[2020.05.22-14.55.19:122][  0]LogConfig: Setting CVar [[r.Shadow.PreShadowResolutionFactor:1.0]]
[2020.05.22-14.55.19:122][  0]LogConfig: Setting CVar [[r.DistanceFieldShadowing:1]]
[2020.05.22-14.55.19:122][  0]LogConfig: Setting CVar [[r.DistanceFieldAO:1]]
[2020.05.22-14.55.19:122][  0]LogConfig: Setting CVar [[r.AOQuality:2]]
[2020.05.22-14.55.19:122][  0]LogConfig: Setting CVar [[r.VolumetricFog:1]]
[2020.05.22-14.55.19:122][  0]LogConfig: Setting CVar [[r.VolumetricFog.GridPixelSize:8]]
[2020.05.22-14.55.19:122][  0]LogConfig: Setting CVar [[r.VolumetricFog.GridSizeZ:128]]
[2020.05.22-14.55.19:122][  0]LogConfig: Setting CVar [[r.VolumetricFog.HistoryMissSupersampleCount:4]]
[2020.05.22-14.55.19:122][  0]LogConfig: Setting CVar [[r.LightMaxDrawDistanceScale:1]]
[2020.05.22-14.55.19:122][  0]LogConfig: Setting CVar [[r.CapsuleShadows:1]]
[2020.05.22-14.55.19:122][  0]LogConfig: Applying CVar settings from Section [PostProcessQuality@3] File [D:/Desarrollo Games/GITHUB/Social_01/social/Saved/Config/Windows/Scalability.ini]
[2020.05.22-14.55.19:122][  0]LogConfig: Setting CVar [[r.MotionBlurQuality:4]]
[2020.05.22-14.55.19:122][  0]LogConfig: Setting CVar [[r.AmbientOcclusionMipLevelFactor:0.4]]
[2020.05.22-14.55.19:122][  0]LogConfig: Setting CVar [[r.AmbientOcclusionMaxQuality:100]]
[2020.05.22-14.55.19:122][  0]LogConfig: Setting CVar [[r.AmbientOcclusionLevels:-1]]
[2020.05.22-14.55.19:122][  0]LogConfig: Setting CVar [[r.AmbientOcclusionRadiusScale:1.0]]
[2020.05.22-14.55.19:122][  0]LogConfig: Setting CVar [[r.DepthOfFieldQuality:2]]
[2020.05.22-14.55.19:123][  0]LogConfig: Setting CVar [[r.RenderTargetPoolMin:400]]
[2020.05.22-14.55.19:123][  0]LogConfig: Setting CVar [[r.LensFlareQuality:2]]
[2020.05.22-14.55.19:123][  0]LogConfig: Setting CVar [[r.SceneColorFringeQuality:1]]
[2020.05.22-14.55.19:123][  0]LogConfig: Setting CVar [[r.EyeAdaptationQuality:2]]
[2020.05.22-14.55.19:123][  0]LogConfig: Setting CVar [[r.BloomQuality:5]]
[2020.05.22-14.55.19:123][  0]LogConfig: Setting CVar [[r.FastBlurThreshold:100]]
[2020.05.22-14.55.19:123][  0]LogConfig: Setting CVar [[r.Upscale.Quality:3]]
[2020.05.22-14.55.19:123][  0]LogConfig: Setting CVar [[r.Tonemapper.GrainQuantization:1]]
[2020.05.22-14.55.19:123][  0]LogConfig: Setting CVar [[r.LightShaftQuality:1]]
[2020.05.22-14.55.19:123][  0]LogConfig: Setting CVar [[r.Filter.SizeScale:1]]
[2020.05.22-14.55.19:123][  0]LogConfig: Setting CVar [[r.Tonemapper.Quality:5]]
[2020.05.22-14.55.19:123][  0]LogConfig: Setting CVar [[r.DOF.Gather.AccumulatorQuality:1        ; higher gathering accumulator quality]]
[2020.05.22-14.55.19:123][  0]LogConfig: Setting CVar [[r.DOF.Gather.PostfilterMethod:1          ; Median3x3 postfilering method]]
[2020.05.22-14.55.19:123][  0]LogConfig: Setting CVar [[r.DOF.Gather.EnableBokehSettings:0       ; no bokeh simulation when gathering]]
[2020.05.22-14.55.19:123][  0]LogConfig: Setting CVar [[r.DOF.Gather.RingCount:4                 ; medium number of samples when gathering]]
[2020.05.22-14.55.19:123][  0]LogConfig: Setting CVar [[r.DOF.Scatter.ForegroundCompositing:1    ; additive foreground scattering]]
[2020.05.22-14.55.19:123][  0]LogConfig: Setting CVar [[r.DOF.Scatter.BackgroundCompositing:2    ; additive background scattering]]
[2020.05.22-14.55.19:123][  0]LogConfig: Setting CVar [[r.DOF.Scatter.EnableBokehSettings:1      ; bokeh simulation when scattering]]
[2020.05.22-14.55.19:124][  0]LogConfig: Setting CVar [[r.DOF.Scatter.MaxSpriteRatio:0.1         ; only a maximum of 10% of scattered bokeh]]
[2020.05.22-14.55.19:124][  0]LogConfig: Setting CVar [[r.DOF.Recombine.Quality:1                ; cheap slight out of focus]]
[2020.05.22-14.55.19:124][  0]LogConfig: Setting CVar [[r.DOF.Recombine.EnableBokehSettings:0    ; no bokeh simulation on slight out of focus]]
[2020.05.22-14.55.19:124][  0]LogConfig: Setting CVar [[r.DOF.TemporalAAQuality:1                ; more stable temporal accumulation]]
[2020.05.22-14.55.19:124][  0]LogConfig: Setting CVar [[r.DOF.Kernel.MaxForegroundRadius:0.025]]
[2020.05.22-14.55.19:124][  0]LogConfig: Setting CVar [[r.DOF.Kernel.MaxBackgroundRadius:0.025]]
[2020.05.22-14.55.19:124][  0]LogConfig: Applying CVar settings from Section [TextureQuality@3] File [D:/Desarrollo Games/GITHUB/Social_01/social/Saved/Config/Windows/Scalability.ini]
[2020.05.22-14.55.19:124][  0]LogConfig: Setting CVar [[r.Streaming.MipBias:0]]
[2020.05.22-14.55.19:124][  0]LogConfig: Setting CVar [[r.Streaming.AmortizeCPUToGPUCopy:0]]
[2020.05.22-14.55.19:124][  0]LogConfig: Setting CVar [[r.Streaming.MaxNumTexturesToStreamPerFrame:0]]
[2020.05.22-14.55.19:124][  0]LogConfig: Setting CVar [[r.Streaming.Boost:1]]
[2020.05.22-14.55.19:124][  0]LogConfig: Setting CVar [[r.MaxAnisotropy:8]]
[2020.05.22-14.55.19:124][  0]LogConfig: Setting CVar [[r.VT.MaxAnisotropy:8]]
[2020.05.22-14.55.19:124][  0]LogConfig: Setting CVar [[r.Streaming.LimitPoolSizeToVRAM:0]]
[2020.05.22-14.55.19:124][  0]LogConfig: Setting CVar [[r.Streaming.PoolSize:1000]]
[2020.05.22-14.55.19:124][  0]LogConfig: Setting CVar [[r.Streaming.MaxEffectiveScreenSize:0]]
[2020.05.22-14.55.19:125][  0]LogConfig: Applying CVar settings from Section [EffectsQuality@3] File [D:/Desarrollo Games/GITHUB/Social_01/social/Saved/Config/Windows/Scalability.ini]
[2020.05.22-14.55.19:125][  0]LogConfig: Setting CVar [[r.TranslucencyLightingVolumeDim:64]]
[2020.05.22-14.55.19:125][  0]LogConfig: Setting CVar [[r.RefractionQuality:2]]
[2020.05.22-14.55.19:125][  0]LogConfig: Setting CVar [[r.SSR.Quality:3]]
[2020.05.22-14.55.19:125][  0]LogConfig: Setting CVar [[r.SSR.HalfResSceneColor:0]]
[2020.05.22-14.55.19:125][  0]LogConfig: Setting CVar [[r.SceneColorFormat:4]]
[2020.05.22-14.55.19:125][  0]LogConfig: Setting CVar [[r.DetailMode:2]]
[2020.05.22-14.55.19:125][  0]LogConfig: Setting CVar [[r.TranslucencyVolumeBlur:1]]
[2020.05.22-14.55.19:125][  0]LogConfig: Setting CVar [[r.MaterialQualityLevel:1 ; High quality]]
[2020.05.22-14.55.19:125][  0]LogConfig: Setting CVar [[r.SSS.Scale:1]]
[2020.05.22-14.55.19:125][  0]LogConfig: Setting CVar [[r.SSS.SampleSet:2]]
[2020.05.22-14.55.19:125][  0]LogConfig: Setting CVar [[r.SSS.Quality:1]]
[2020.05.22-14.55.19:125][  0]LogConfig: Setting CVar [[r.SSS.HalfRes:1]]
[2020.05.22-14.55.19:125][  0]LogConfig: Setting CVar [[r.SSGI.Quality:3]]
[2020.05.22-14.55.19:125][  0]LogConfig: Setting CVar [[r.EmitterSpawnRateScale:1.0]]
[2020.05.22-14.55.19:125][  0]LogConfig: Setting CVar [[r.ParticleLightQuality:2]]
[2020.05.22-14.55.19:125][  0]LogConfig: Setting CVar [[r.SkyAtmosphere.AerialPerspectiveLUT.FastApplyOnOpaque:1 ; Always have FastSkyLUT 1 in this case to avoid wrong sky]]
[2020.05.22-14.55.19:125][  0]LogConfig: Setting CVar [[r.SkyAtmosphere.AerialPerspectiveLUT.SampleCountPerSlice:1]]
[2020.05.22-14.55.19:125][  0]LogConfig: Setting CVar [[r.SkyAtmosphere.AerialPerspectiveLUT.DepthResolution:16.0]]
[2020.05.22-14.55.19:126][  0]LogConfig: Setting CVar [[r.SkyAtmosphere.FastSkyLUT:1]]
[2020.05.22-14.55.19:126][  0]LogConfig: Setting CVar [[r.SkyAtmosphere.FastSkyLUT.SampleCountMin:4.0]]
[2020.05.22-14.55.19:126][  0]LogConfig: Setting CVar [[r.SkyAtmosphere.FastSkyLUT.SampleCountMax:32.0]]
[2020.05.22-14.55.19:126][  0]LogConfig: Setting CVar [[r.SkyAtmosphere.SampleCountMin:4.0]]
[2020.05.22-14.55.19:126][  0]LogConfig: Setting CVar [[r.SkyAtmosphere.SampleCountMax:32.0]]
[2020.05.22-14.55.19:126][  0]LogConfig: Setting CVar [[r.SkyAtmosphere.TransmittanceLUT.UseSmallFormat:0]]
[2020.05.22-14.55.19:126][  0]LogConfig: Setting CVar [[r.SkyAtmosphere.TransmittanceLUT.SampleCount:10.0]]
[2020.05.22-14.55.19:126][  0]LogConfig: Setting CVar [[r.SkyAtmosphere.MultiScatteringLUT.SampleCount:15.0]]
[2020.05.22-14.55.19:126][  0]LogConfig: Applying CVar settings from Section [FoliageQuality@3] File [D:/Desarrollo Games/GITHUB/Social_01/social/Saved/Config/Windows/Scalability.ini]
[2020.05.22-14.55.19:126][  0]LogConfig: Setting CVar [[foliage.DensityScale:1.0]]
[2020.05.22-14.55.19:126][  0]LogConfig: Setting CVar [[grass.DensityScale:1.0]]
[2020.05.22-14.55.19:126][  0]LogConfig: Applying CVar settings from Section [ShadingQuality@3] File [D:/Desarrollo Games/GITHUB/Social_01/social/Saved/Config/Windows/Scalability.ini]
[2020.05.22-14.55.19:126][  0]LogConfig: Setting CVar [[r.HairStrands.SkyLighting.SampleCount:16]]
[2020.05.22-14.55.19:126][  0]LogConfig: Setting CVar [[r.HairStrands.SkyLighting.JitterIntegration:0]]
[2020.05.22-14.55.19:126][  0]LogConfig: Setting CVar [[r.HairStrands.SkyAO.SampleCount:16]]
[2020.05.22-14.55.19:126][  0]LogConfig: Applying CVar settings from Section [Startup] File [../../../Engine/Config/ConsoleVariables.ini]
[2020.05.22-14.55.19:157][  0]LogConfig: Setting CVar [[net.UseAdaptiveNetUpdateFrequency:0]]
[2020.05.22-14.55.19:157][  0]LogConfig: Setting CVar [[p.chaos.AllowCreatePhysxBodies:1]]
[2020.05.22-14.55.19:157][  0]LogConfig: Applying CVar settings from Section [ConsoleVariables] File [D:/Desarrollo Games/GITHUB/Social_01/social/Saved/Config/Windows/Engine.ini]
[2020.05.22-14.55.19:199][  0]LogInit: Computer: DESKTOP-T7J819N
[2020.05.22-14.55.19:199][  0]LogInit: User: C137
[2020.05.22-14.55.19:199][  0]LogInit: CPU Page size=4096, Cores=4
[2020.05.22-14.55.19:199][  0]LogInit: High frequency timer resolution =10.000000 MHz
[2020.05.22-14.55.19:199][  0]LogMemory: Memory total: Physical=8.0GB (8GB approx)
[2020.05.22-14.55.19:200][  0]LogMemory: Platform Memory Stats for Windows
[2020.05.22-14.55.19:200][  0]LogMemory: Process Physical Memory: 105.61 MB used, 105.62 MB peak
[2020.05.22-14.55.19:200][  0]LogMemory: Process Virtual Memory: 100.96 MB used, 100.96 MB peak
[2020.05.22-14.55.19:200][  0]LogMemory: Physical Memory: 3401.60 MB used,  4751.14 MB free, 8152.74 MB total
[2020.05.22-14.55.19:200][  0]LogMemory: Virtual Memory: 5156.46 MB used,  134212568.00 MB free, 134217728.00 MB total
[2020.05.22-14.55.19:220][  0]LogWindows: WindowsPlatformFeatures enabled
[2020.05.22-14.55.20:186][  0]LogInit: Overriding language with editor language configuration option (en).
[2020.05.22-14.55.20:186][  0]LogInit: Overriding locale with editor locale configuration option (en).
[2020.05.22-14.55.20:924][  0]LogInit: Setting process to per monitor DPI aware
[2020.05.22-14.55.21:599][  0]LogSlate: New Slate User Created.  User Index 0, Is Virtual User: 0
[2020.05.22-14.55.21:599][  0]LogSlate: Slate User Registered.  User Index 0, Is Virtual User: 0
[2020.05.22-14.55.25:303][  0]LogHMD: Failed to initialize OpenVR with code 110
[2020.05.22-14.55.25:304][  0]LogD3D11RHI: D3D11 min allowed feature level: 11_0
[2020.05.22-14.55.25:304][  0]LogD3D11RHI: D3D11 max allowed feature level: 11_0
[2020.05.22-14.55.25:304][  0]LogD3D11RHI: D3D11 adapters:
[2020.05.22-14.55.25:405][  0]LogD3D11RHI:    0. 'AMD Radeon R9 200 Series' (Feature Level 11_0)
[2020.05.22-14.55.25:405][  0]LogD3D11RHI:       4072/0/4076 MB DedicatedVideo/DedicatedSystem/SharedSystem, Outputs:2, VendorId:0x1002
[2020.05.22-14.55.25:408][  0]LogD3D11RHI:    1. 'Microsoft Basic Render Driver' (Feature Level 11_0)
[2020.05.22-14.55.25:408][  0]LogD3D11RHI:       0/0/4076 MB DedicatedVideo/DedicatedSystem/SharedSystem, Outputs:0, VendorId:0x1414
[2020.05.22-14.55.25:408][  0]LogD3D11RHI: Chosen D3D11 Adapter: 0
[2020.05.22-14.55.25:432][  0]LogD3D11RHI: Creating new Direct3DDevice
[2020.05.22-14.55.25:489][  0]LogD3D11RHI:     GPU DeviceId: 0x67b0 (for the marketing name, search the web for "GPU Device Id")
[2020.05.22-14.55.25:489][  0]LogWindows: EnumDisplayDevices:
[2020.05.22-14.55.25:489][  0]LogWindows:    0. 'AMD Radeon R9 200 Series' (P:0 D:1)
[2020.05.22-14.55.25:490][  0]LogWindows:    1. 'AMD Radeon R9 200 Series' (P:1 D:1)
[2020.05.22-14.55.25:492][  0]LogWindows:    2. 'AMD Radeon R9 200 Series' (P:0 D:0)
[2020.05.22-14.55.25:493][  0]LogWindows:    3. 'AMD Radeon R9 200 Series' (P:0 D:0)
[2020.05.22-14.55.25:494][  0]LogWindows:    4. 'AMD Radeon R9 200 Series' (P:0 D:0)
[2020.05.22-14.55.25:495][  0]LogWindows:    5. 'AMD Radeon R9 200 Series' (P:0 D:0)
[2020.05.22-14.55.25:497][  0]LogWindows:    6. 'AMD Radeon R9 200 Series' (P:0 D:0)
[2020.05.22-14.55.25:498][  0]LogWindows:    7. 'AMD Radeon R9 200 Series' (P:0 D:0)
[2020.05.22-14.55.25:499][  0]LogWindows: DebugString: FoundDriverCount:8 
[2020.05.22-14.55.25:499][  0]LogD3D11RHI:     Adapter Name: AMD Radeon R9 200 Series
[2020.05.22-14.55.25:499][  0]LogD3D11RHI:   Driver Version: Adrenalin 2020 19.12.3 (internal:26.20.15003.5016, unified:26.20.15003.5016)
[2020.05.22-14.55.25:499][  0]LogD3D11RHI:      Driver Date: 12-16-2019
[2020.05.22-14.55.25:499][  0]LogRHI: Texture pool is 2850 MB (70% of 4072 MB)
[2020.05.22-14.55.25:582][  0]LogD3D11RHI: RHI does not have support for 64 bit atomics
[2020.05.22-14.55.25:582][  0]LogD3D11RHI: Async texture creation enabled
[2020.05.22-14.55.25:847][  0]LogD3D11RHI: GPU Timing Frequency: 27.000000 (Debug: 2 1)
[2020.05.22-14.55.27:016][  0]LogTargetPlatformManager: Display: Loaded TargetPlatform 'AllDesktop'
[2020.05.22-14.55.27:211][  0]LogTargetPlatformManager: Display: Loaded TargetPlatform 'Android'
[2020.05.22-14.55.27:211][  0]LogTargetPlatformManager: Display: Loaded TargetPlatform 'Android_ASTC'
[2020.05.22-14.55.27:211][  0]LogTargetPlatformManager: Display: Loaded TargetPlatform 'Android_ATC'
[2020.05.22-14.55.27:212][  0]LogTargetPlatformManager: Display: Loaded TargetPlatform 'Android_DXT'
[2020.05.22-14.55.27:212][  0]LogTargetPlatformManager: Display: Loaded TargetPlatform 'Android_ETC1'
[2020.05.22-14.55.27:212][  0]LogTargetPlatformManager: Display: Loaded TargetPlatform 'Android_ETC1a'
[2020.05.22-14.55.27:212][  0]LogTargetPlatformManager: Display: Loaded TargetPlatform 'Android_ETC2'
[2020.05.22-14.55.27:212][  0]LogTargetPlatformManager: Display: Loaded TargetPlatform 'Android_PVRTC'
[2020.05.22-14.55.27:212][  0]LogTargetPlatformManager: Display: Loaded TargetPlatform 'AndroidClient'
[2020.05.22-14.55.27:212][  0]LogTargetPlatformManager: Display: Loaded TargetPlatform 'Android_ASTCClient'
[2020.05.22-14.55.27:212][  0]LogTargetPlatformManager: Display: Loaded TargetPlatform 'Android_ATCClient'
[2020.05.22-14.55.27:212][  0]LogTargetPlatformManager: Display: Loaded TargetPlatform 'Android_DXTClient'
[2020.05.22-14.55.27:212][  0]LogTargetPlatformManager: Display: Loaded TargetPlatform 'Android_ETC1Client'
[2020.05.22-14.55.27:212][  0]LogTargetPlatformManager: Display: Loaded TargetPlatform 'Android_ETC1aClient'
[2020.05.22-14.55.27:212][  0]LogTargetPlatformManager: Display: Loaded TargetPlatform 'Android_ETC2Client'
[2020.05.22-14.55.27:212][  0]LogTargetPlatformManager: Display: Loaded TargetPlatform 'Android_PVRTCClient'
[2020.05.22-14.55.27:212][  0]LogTargetPlatformManager: Display: Loaded TargetPlatform 'Android_Multi'
[2020.05.22-14.55.27:212][  0]LogTargetPlatformManager: Display: Loaded TargetPlatform 'Android_MultiClient'
[2020.05.22-14.55.27:398][  0]LogTargetPlatformManager: Display: Loaded TargetPlatform 'IOSClient'
[2020.05.22-14.55.27:398][  0]LogTargetPlatformManager: Display: Loaded TargetPlatform 'IOS'
[2020.05.22-14.55.27:452][  0]LogTargetPlatformManager: Display: Loaded TargetPlatform 'LinuxNoEditor'
[2020.05.22-14.55.27:496][  0]LogTargetPlatformManager: Display: Loaded TargetPlatform 'LinuxClient'
[2020.05.22-14.55.27:530][  0]LogTargetPlatformManager: Display: Loaded TargetPlatform 'LinuxServer'
[2020.05.22-14.55.27:575][  0]LogTargetPlatformManager: Display: Loaded TargetPlatform 'LinuxAArch64NoEditor'
[2020.05.22-14.55.27:671][  0]LogTargetPlatformManager: Display: Loaded TargetPlatform 'LinuxAArch64Client'
[2020.05.22-14.55.27:710][  0]LogTargetPlatformManager: Display: Loaded TargetPlatform 'LinuxAArch64Server'
[2020.05.22-14.55.27:782][  0]LogTargetPlatformManager: Display: Loaded TargetPlatform 'Lumin'
[2020.05.22-14.55.27:782][  0]LogTargetPlatformManager: Display: Loaded TargetPlatform 'LuminClient'
[2020.05.22-14.55.27:835][  0]LogTargetPlatformManager: Display: Loaded TargetPlatform 'TVOSClient'
[2020.05.22-14.55.27:835][  0]LogTargetPlatformManager: Display: Loaded TargetPlatform 'TVOS'
[2020.05.22-14.55.27:969][  0]LogTargetPlatformManager: Display: Loaded TargetPlatform 'WindowsNoEditor'
[2020.05.22-14.55.28:015][  0]LogTargetPlatformManager: Display: Loaded TargetPlatform 'Windows'
[2020.05.22-14.55.28:056][  0]LogTargetPlatformManager: Display: Loaded TargetPlatform 'WindowsClient'
[2020.05.22-14.55.28:105][  0]LogTargetPlatformManager: Display: Loaded TargetPlatform 'WindowsServer'
[2020.05.22-14.55.28:105][  0]LogTargetPlatformManager: Display: Building Assets For Windows
[2020.05.22-14.55.28:354][  0]LogAudioDebug: Display: Lib vorbis DLL was dynamically loaded.
[2020.05.22-14.55.29:299][  0]LogShaderCompilers: Guid format shader working directory is -11 characters bigger than the processId version (../../../../../Desarrollo Games/GITHUB/Social_01/social/Intermediate/Shaders/WorkingDirectory/11656/).
[2020.05.22-14.55.29:299][  0]LogShaderCompilers: Cleaned the shader compiler working directory 'C:/Users/C137/AppData/Local/Temp/UnrealShaderWorkingDir/B2601FB048E7C18CB6F8ABB744FADC91/'.
[2020.05.22-14.55.29:300][  0]LogXGEController: Cleaning working directory: C:/Users/C137/AppData/Local/Temp/UnrealXGEWorkingDir/
[2020.05.22-14.55.29:300][  0]LogXGEController: Cannot use XGE Controller as Incredibuild is not installed on this machine.
[2020.05.22-14.55.29:301][  0]LogShaderCompilers: Cannot use XGE Shader Compiler as Incredibuild is not installed on this machine.
[2020.05.22-14.55.29:301][  0]LogShaderCompilers: Display: Using Local Shader Compiler.
[2020.05.22-14.55.34:513][  0]LogDerivedDataCache: Display: Max Cache Size: 512 MB
[2020.05.22-14.55.34:889][  0]LogDerivedDataCache: Loaded boot cache 0.38s 78MB C:/Users/C137/AppData/Local/UnrealEngine/4.24/DerivedDataCache/Boot.ddc.
[2020.05.22-14.55.34:890][  0]LogDerivedDataCache: Display: Loaded Boot cache: C:/Users/C137/AppData/Local/UnrealEngine/4.24/DerivedDataCache/Boot.ddc
[2020.05.22-14.55.34:890][  0]LogDerivedDataCache: FDerivedDataBackendGraph:  Pak pak cache file ../../../../../Desarrollo Games/GITHUB/Social_01/social/DerivedDataCache/DDC.ddp not found, will not use a pak cache.
[2020.05.22-14.55.34:890][  0]LogDerivedDataCache: Unable to find inner node Pak for hierarchical cache Hierarchy.
[2020.05.22-14.55.34:890][  0]LogDerivedDataCache: FDerivedDataBackendGraph:  CompressedPak pak cache file ../../../../../Desarrollo Games/GITHUB/Social_01/social/DerivedDataCache/Compressed.ddp not found, will not use a pak cache.
[2020.05.22-14.55.34:890][  0]LogDerivedDataCache: Unable to find inner node CompressedPak for hierarchical cache Hierarchy.
[2020.05.22-14.55.35:052][  0]LogDerivedDataCache: Display: Pak cache opened for reading ../../../Engine/DerivedDataCache/Compressed.ddp.
[2020.05.22-14.55.35:052][  0]LogDerivedDataCache: FDerivedDataBackendGraph:  EnterprisePak pak cache file ../../../Enterprise/DerivedDataCache/Compressed.ddp not found, will not use a pak cache.
[2020.05.22-14.55.35:052][  0]LogDerivedDataCache: Unable to find inner node EnterprisePak for hierarchical cache Hierarchy.
[2020.05.22-14.55.35:054][  0]LogDerivedDataCache: Using Local data cache path C:/Users/C137/AppData/Local/UnrealEngine/Common/DerivedDataCache: Writable
[2020.05.22-14.55.35:054][  0]LogDerivedDataCache: Shared data cache path not found in *engine.ini, will not use an Shared cache.
[2020.05.22-14.55.35:054][  0]LogDerivedDataCache: Unable to find inner node Shared for hierarchical cache Hierarchy.
[2020.05.22-14.55.35:133][  0]LogMaterial: Verifying Global Shaders for PCD3D_SM5
[2020.05.22-14.55.35:309][  0]LogSlate: Using FreeType 2.10.0
[2020.05.22-14.55.35:431][  0]LogSlate: SlateFontServices - WITH_FREETYPE: 1, WITH_HARFBUZZ: 1
[2020.05.22-14.55.36:761][  0]LogAssetRegistry: FAssetRegistry took 0.0107 seconds to start up
[2020.05.22-14.55.42:729][  0]LogInit: Selected Device Profile: [Windows]
[2020.05.22-14.55.46:549][  0]LogMeshReduction: Using QuadricMeshReduction for automatic static mesh reduction
[2020.05.22-14.55.46:549][  0]LogMeshReduction: Using SimplygonMeshReduction for automatic skeletal mesh reduction
[2020.05.22-14.55.46:549][  0]LogMeshReduction: Using ProxyLODMeshReduction for automatic mesh merging
[2020.05.22-14.55.46:549][  0]LogMeshReduction: No distributed automatic mesh merging module available
[2020.05.22-14.55.46:550][  0]LogMeshMerging: No distributed automatic mesh merging module available
[2020.05.22-14.55.47:164][  0]LogNetVersion: Social01 1.0.0, NetCL: 10570792, EngineNetVer: 13, GameNetVer: 0 (Checksum: 2520743753)
[2020.05.22-14.56.08:544][  0]LogPackageLocalizationCache: Processed 17 localized package path(s) for 1 prioritized culture(s) in 2.251319 seconds
[2020.05.22-14.56.08:588][  0]LogUObjectArray: 46750 objects as part of root set at end of initial load.
[2020.05.22-14.56.08:588][  0]LogUObjectAllocator: 8137160 out of 0 bytes used by permanent object pool.
[2020.05.22-14.56.08:588][  0]LogUObjectArray: CloseDisregardForGC: 0/0 objects in disregard for GC pool
[2020.05.22-14.56.15:318][  0]LogPython: Using Python 2.7.14
[2020.05.22-14.56.19:074][  0]LogTcpMessaging: Initializing TcpMessaging bridge
[2020.05.22-14.56.19:316][  0]LogUdpMessaging: Initializing bridge on interface 0.0.0.0:0 to multicast group 230.0.0.1:6666.
[2020.05.22-14.56.21:703][  0]SourceControl: Source control is disabled
[2020.05.22-14.56.21:727][  0]SourceControl: Source control is disabled
[2020.05.22-14.56.22:124][  0]SourceControl: Source control is disabled
[2020.05.22-14.56.22:303][  0]SourceControl: Source control is disabled
[2020.05.22-14.56.22:499][  0]SourceControl: Source control is disabled
[2020.05.22-14.56.34:219][  0]LogAndroidPermission: UAndroidPermissionCallbackProxy::GetInstance
[2020.05.22-14.56.34:795][  0]LogAudioCaptureCore: Display: No Audio Capture implementations found. Audio input will be silent.
[2020.05.22-14.56.34:796][  0]LogAudioCaptureCore: Display: No Audio Capture implementations found. Audio input will be silent.
[2020.05.22-14.56.35:636][  0]LogOcInput: OculusInput pre-init called
[2020.05.22-14.56.35:978][  0]LogWindows: Failed to load 'OVRPlugin.dll' (GetLastError=126)
[2020.05.22-14.56.35:978][  0]LogWindows: File 'OVRPlugin.dll' does not exist
[2020.05.22-14.56.39:615][  0]LogEngine: Initializing Engine...
[2020.05.22-14.56.39:637][  0]LogHMD: Failed to initialize OpenVR with code 110
[2020.05.22-14.56.39:822][  0]LogStats: UGameplayTagsManager::InitializeManager -  0.134 s
[2020.05.22-14.56.42:674][  0]LogLinker: While loading '../../../../../Desarrollo Games/GITHUB/Social_01/social/Content/PNCTookit/Blueprints/Interface/BPI_ObjectInteractions.uasset' failed to load '/Game/PNCAdventureTookit/Dialogue/TestDialogWave': Can't find file.
[2020.05.22-14.56.42:674][  0]LogLinker: While loading '../../../../../Desarrollo Games/GITHUB/Social_01/social/Content/PNCTookit/Blueprints/Interface/BPI_ObjectInteractions.uasset' failed to load '/Game/PNCAdventureTookit/Dialogue/TestDialogWave': Can't find file.
[2020.05.22-14.56.42:702][  0]LogLinker: While loading '../../../../../Desarrollo Games/GITHUB/Social_01/social/Content/PNCTookit/Blueprints/Interface/BPI_ObjectInteractions.uasset' failed to load '/Game/PNCAdventureTookit/Dialogue/DefaultCharacterVoice': Can't find file.
[2020.05.22-14.56.42:702][  0]LogLinker: While loading '../../../../../Desarrollo Games/GITHUB/Social_01/social/Content/PNCTookit/Blueprints/Interface/BPI_ObjectInteractions.uasset' failed to load '/Game/PNCAdventureTookit/Dialogue/DefaultCharacterVoice': Can't find file.
[2020.05.22-14.56.52:491][  0]LogInit: Initializing FReadOnlyCVARCache
[2020.05.22-14.56.53:422][  0]LogAIModule: Creating AISystem for world Untitled
[2020.05.22-14.56.53:794][  0]LogAudioMixer: Display: Audio Mixer Platform Settings:
[2020.05.22-14.56.53:794][  0]LogAudioMixer: Display: 	Sample Rate:						  44100
[2020.05.22-14.56.53:794][  0]LogAudioMixer: Display: 	Callback Buffer Frame Size Requested: 1024
[2020.05.22-14.56.53:794][  0]LogAudioMixer: Display: 	Callback Buffer Frame Size To Use:	  1024
[2020.05.22-14.56.53:794][  0]LogAudioMixer: Display: 	Number of buffers to queue:			  2
[2020.05.22-14.56.53:794][  0]LogAudioMixer: Display: 	Max Channels (voices):				  32
[2020.05.22-14.56.53:794][  0]LogAudioMixer: Display: 	Number of Async Source Workers:		  0
[2020.05.22-14.56.53:794][  0]LogAudio: Display: AudioDevice MaxSources: 32
[2020.05.22-14.56.53:817][  0]LogAudio: Display: Using built-in audio occlusion.
[2020.05.22-14.56.53:817][  0]LogAudioMixer: Display: Initializing audio mixer.
[2020.05.22-14.56.53:995][  0]LogAudioMixer: Display: Audio Device Output Speaker Info:
[2020.05.22-14.56.53:995][  0]LogAudioMixer: Display: Name: Altavoces (2- Dispositivo de High Definition Audio)
[2020.05.22-14.56.53:995][  0]LogAudioMixer: Display: Is Default: Yes
[2020.05.22-14.56.53:995][  0]LogAudioMixer: Display: Sample Rate: 48000
[2020.05.22-14.56.53:995][  0]LogAudioMixer: Display: Channel Count Used: 2
[2020.05.22-14.56.53:995][  0]LogAudioMixer: Display: Device Channel Count: 2
[2020.05.22-14.56.53:995][  0]LogAudioMixer: Display: Channel Order:
[2020.05.22-14.56.53:995][  0]LogAudioMixer: Display: 0: FrontLeft
[2020.05.22-14.56.53:995][  0]LogAudioMixer: Display: 1: FrontRight
[2020.05.22-14.56.54:084][  0]LogAudioMixer: Display: Using Audio Device Altavoces (2- Dispositivo de High Definition Audio)
[2020.05.22-14.56.54:207][  0]LogInit: FAudioDevice initialized.
[2020.05.22-14.56.54:208][  0]LogNetVersion: Set ProjectVersion to 1.1.0.0. Version Checksum will be recalculated on next use.
[2020.05.22-14.56.54:441][  0]LogDerivedDataCache: Saved boot cache 0.23s 111MB C:/Users/C137/AppData/Local/UnrealEngine/4.24/DerivedDataCache/Boot.ddc.
[2020.05.22-14.56.54:448][  0]LogInit: Texture streaming: Enabled
[2020.05.22-14.56.54:943][  0]LogEngineSessionManager: EngineSessionManager initialized
[2020.05.22-14.56.54:943][  0]LogEditorSessionSummary: Verbose: Initializing EditorSessionSummaryWriter for editor session tracking
[2020.05.22-14.56.54:945][  0]LogEditorSessionSummary: EditorSessionSummaryWriter initialized
[2020.05.22-14.56.55:873][  0]LogInit: Transaction tracking system initialized
[2020.05.22-14.56.57:164][  0]BlueprintLog: New page: Editor Load
[2020.05.22-14.57.00:821][  0]LocalizationService: Localization service is disabled
[2020.05.22-14.57.04:611][  0]LogFileCache: Scanning file cache for directory 'D:/Desarrollo Games/GITHUB/Social_01/social/Content/' took 0.08s
[2020.05.22-14.57.04:611][  0]LogCook: Display: Max memory allowance for cook 16384mb min free memory 0mb
[2020.05.22-14.57.04:611][  0]LogCook: Display: Mobile HDR setting 1
[2020.05.22-14.57.09:889][  0]SourceControl: Source control is disabled
[2020.05.22-14.57.10:256][  0]LogSlate: Took 0.028556 seconds to synchronously load lazily loaded font '../../../Engine/Content/Slate/Fonts/Roboto-Regular.ttf' (155K)
[2020.05.22-14.57.18:145][  0]LogSlate: Window 'Restore Packages' being destroyed
[2020.05.22-14.57.18:158][  0]LogWindowsTextInputMethodSystem: Display: IME system now deactivated.
[2020.05.22-14.57.18:309][  0]LogWindowsTextInputMethodSystem: Display: IME system now deactivated.
[2020.05.22-14.58.08:371][  0]LogSlate: Window 'Unable to Check Out From Source Control!' being destroyed
[2020.05.22-14.58.08:372][  0]LogWindowsTextInputMethodSystem: Display: IME system now deactivated.
[2020.05.22-14.58.08:715][  0]Cmd: MAP LOAD FILE="../../../../../Desarrollo Games/GITHUB/Social_01/social/Content/PNCTookit/PNCGame/Scenes/Overview/OverviewMap.umap" TEMPLATE=0 SHOWPROGRESS=1 FEATURELEVEL=3
[2020.05.22-14.58.08:723][  0]LightingResults: New page: Lighting Build
[2020.05.22-14.58.08:802][  0]LogWorld: UWorld::CleanupWorld for Untitled, bSessionEnded=true, bCleanupResources=true
[2020.05.22-14.58.08:840][  0]LogSlate: InvalidateAllWidgets triggered.  All widgets were invalidated
[2020.05.22-14.58.08:848][  0]MapCheck: New page: Map Check
[2020.05.22-14.58.08:848][  0]LightingResults: New page: Lighting Build
[2020.05.22-14.58.09:241][  0]LogUObjectHash: Compacting FUObjectHashTables data took   7.87ms
[2020.05.22-14.58.13:798][  0]LogAIModule: Creating AISystem for world OverviewMap
[2020.05.22-14.58.16:226][  0]LogEditorServer: Finished looking for orphan Actors (0.000 secs)
[2020.05.22-14.58.16:475][  0]LogUObjectHash: Compacting FUObjectHashTables data took   7.46ms
[2020.05.22-14.58.16:477][  0]Cmd: MAP CHECKDEP NOCLEARLOG
[2020.05.22-14.58.16:478][  0]MapCheck: Map check complete: 0 Error(s), 0 Warning(s), took 0.576ms to complete.
[2020.05.22-14.58.16:478][  0]LogFileHelpers: Loading map 'OverviewMap' took 7.772
[2020.05.22-14.58.17:270][  0]LogWindowsTextInputMethodSystem: Display: IME system now deactivated.
[2020.05.22-14.58.17:774][  0]LogSlate: Updating window title bar state: overlay mode, drag disabled, window buttons hidden, title bar hidden
[2020.05.22-14.58.17:817][  0]LogSlate: Updating window title bar state: overlay mode, drag disabled, window buttons hidden, title bar hidden
[2020.05.22-14.58.17:839][  0]LogSlate: Updating window title bar state: overlay mode, drag disabled, window buttons hidden, title bar hidden
[2020.05.22-14.58.17:855][  0]LogSlate: Updating window title bar state: overlay mode, drag disabled, window buttons hidden, title bar hidden
[2020.05.22-14.58.17:972][  0]LogCollectionManager: Loaded 0 collections in 0.003710 seconds
[2020.05.22-14.58.18:163][  0]LogFileCache: Scanning file cache for directory 'D:/Desarrollo Games/GITHUB/Social_01/social/Saved/Collections/' took 0.00s
[2020.05.22-14.58.18:163][  0]LogFileCache: Scanning file cache for directory 'D:/Desarrollo Games/GITHUB/Social_01/social/Content/Developers/C137/Collections/' took 0.00s
[2020.05.22-14.58.18:163][  0]LogFileCache: Scanning file cache for directory 'D:/Desarrollo Games/GITHUB/Social_01/social/Content/Collections/' took 0.00s
[2020.05.22-14.58.18:163][  0]LogContentBrowser: Native class hierarchy populated in 0.0368 seconds. Added 3216 classes and 787 folders.
[2020.05.22-14.58.18:237][  0]LogContentBrowser: Native class hierarchy updated for 'WidgetCarousel' in 0.0007 seconds. Added 0 classes and 0 folders.
[2020.05.22-14.58.19:210][  0]LogContentBrowser: Native class hierarchy updated for 'AddContentDialog' in 0.0007 seconds. Added 0 classes and 0 folders.
[2020.05.22-14.58.19:264][  0]LogContentBrowser: Native class hierarchy updated for 'SceneOutliner' in 0.0010 seconds. Added 2 classes and 0 folders.
[2020.05.22-14.58.20:235][  0]LogSlate: Took 0.028288 seconds to synchronously load lazily loaded font '../../../Engine/Content/Slate/Fonts/Roboto-Bold.ttf' (160K)
[2020.05.22-14.58.20:290][  0]LogSlate: Took 0.019727 seconds to synchronously load lazily loaded font '../../../Engine/Content/Editor/Slate/Fonts/FontAwesome.ttf' (139K)
[2020.05.22-14.58.20:750][  0]LogRenderer: Reallocating scene render targets to support 692x348 Format 10 NumSamples 1 (Frame:1).
[2020.05.22-14.58.21:198][  0]LogContentBrowser: Native class hierarchy updated for 'HierarchicalLODOutliner' in 0.0005 seconds. Added 0 classes and 0 folders.
[2020.05.22-14.58.21:200][  0]LogLoad: (Engine Initialization) Total time: 215.91 seconds
[2020.05.22-14.58.21:200][  0]LogLoad: (Engine Initialization) Total Blueprint compile time: 0.00 seconds
[2020.05.22-14.58.21:400][  0]LogContentStreaming: Texture pool size now 1000 MB
[2020.05.22-14.58.21:884][  2]LogSlate: Took 0.027139 seconds to synchronously load lazily loaded font '../../../Engine/Content/Slate/Fonts/Roboto-Light.ttf' (167K)
[2020.05.22-14.58.21:939][  3]LogAssetRegistry: Asset discovery search completed in 165.1799 seconds
[2020.05.22-14.58.21:946][  3]LogCollectionManager: Fixed up redirectors for 0 collections in 0.000027 seconds (updated 0 objects)
[2020.05.22-14.58.32:178][167]LogEditorViewport: Clicking on Actor (context menu): BP_AdvancedCamera_C (BP_AdvancedCamera)
[2020.05.22-14.58.33:919][271]LogEditorViewport: Clicking on Actor (LMB): Landscape (Landscape1)
[2020.05.22-14.58.34:717][326]LogEditorViewport: Clicking on Actor (context menu): Landscape (Landscape1)
[2020.05.22-14.58.35:584][424]LogEditorViewport: Clicking on Actor (LMB): Landscape (Landscape1)
[2020.05.22-14.58.38:371][726]LogEditorViewport: Clicking on Actor (context menu): TextRenderActor (TextRenderActor44)
[2020.05.22-15.07.13:081][656]LogSlate: Took 0.000234 seconds to synchronously load lazily loaded font '../../../Engine/Content/Slate/Fonts/Roboto-Light.ttf' (167K)
[2020.05.22-15.07.13:768][656]LogAIModule: Creating AISystem for world mapaGral
[2020.05.22-15.07.34:724][311]LogAIModule: Creating AISystem for world Area1
[2020.05.22-15.08.02:807][309]LogUObjectHash: Compacting FUObjectHashTables data took   6.69ms
[2020.05.22-15.08.03:469][309]LogAIModule: Creating AISystem for world Area_0
[2020.05.22-15.08.05:919][466]LogAssetEditorSubsystem: Opening Asset editor for World /Game/Game/Niveles/Areas/Area_0.Area_0
[2020.05.22-15.08.06:055][466]LogUObjectHash: Compacting FUObjectHashTables data took   6.23ms
[2020.05.22-15.08.07:581][466]LogSlate: Window 'Save Content' being destroyed
[2020.05.22-15.08.09:833][466]LogUObjectHash: Compacting FUObjectHashTables data took   4.79ms
[2020.05.22-15.08.11:009][466]LogSavePackage: Moving '../../../../../Desarrollo Games/GITHUB/Social_01/social/Saved/Area_0845E8EC54DB16B06D9110984EC8A1D66.tmp' to '../../../../../Desarrollo Games/GITHUB/Social_01/social/Content/Game/Niveles/Areas/Area_0.umap'
[2020.05.22-15.08.11:213][466]LogFileHelpers: Saving map 'Area_0' took 3.622
[2020.05.22-15.08.11:436][466]LogUObjectHash: Compacting FUObjectHashTables data took   6.23ms
[2020.05.22-15.08.12:762][466]LogSavePackage: Moving '../../../../../Desarrollo Games/GITHUB/Social_01/social/Saved/OverviewMapD5EA206C4193067A68991CAE9A809538.tmp' to '../../../../../Desarrollo Games/GITHUB/Social_01/social/Content/PNCTookit/PNCGame/Scenes/Overview/OverviewMap.umap'
[2020.05.22-15.08.12:870][466]LogFileHelpers: Saving map 'OverviewMap' took 1.656
[2020.05.22-15.08.13:295][466]Cmd: MAP LOAD FILE="../../../../../Desarrollo Games/GITHUB/Social_01/social/Content/Game/Niveles/Areas/Area_0.umap" TEMPLATE=0 SHOWPROGRESS=1 FEATURELEVEL=3
[2020.05.22-15.08.13:296][466]LightingResults: New page: Lighting Build
[2020.05.22-15.08.13:298][466]LoadErrors: New page: Loading map: Area_0.umap
[2020.05.22-15.08.13:306][466]LogWorld: UWorld::CleanupWorld for OverviewMap, bSessionEnded=true, bCleanupResources=true
[2020.05.22-15.08.13:306][466]LogSlate: InvalidateAllWidgets triggered.  All widgets were invalidated
[2020.05.22-15.08.13:306][466]MapCheck: New page: Map Check
[2020.05.22-15.08.13:306][466]LightingResults: New page: Lighting Build
[2020.05.22-15.08.13:436][466]LogUObjectHash: Compacting FUObjectHashTables data took   8.44ms
[2020.05.22-15.08.13:633][466]LogUObjectHash: Compacting FUObjectHashTables data took   6.46ms
[2020.05.22-15.08.13:867][466]LogUObjectHash: Compacting FUObjectHashTables data took   5.99ms
[2020.05.22-15.08.14:046][466]LogUObjectHash: Compacting FUObjectHashTables data took   4.74ms
[2020.05.22-15.08.14:725][466]LogEditorServer: Finished looking for orphan Actors (0.000 secs)
[2020.05.22-15.08.15:028][466]LogUObjectHash: Compacting FUObjectHashTables data took   4.43ms
[2020.05.22-15.08.15:083][466]Cmd: MAP CHECKDEP NOCLEARLOG
[2020.05.22-15.08.15:084][466]MapCheck: Map check complete: 0 Error(s), 0 Warning(s), took 0.147ms to complete.
[2020.05.22-15.08.15:084][466]LogFileHelpers: Loading map 'Area_0' took 2.213
[2020.05.22-15.08.15:180][466]AssetCheck: New page: Asset Save: multiple assets
[2020.05.22-15.08.15:180][466]LogContentValidation: Display: Validating World /Game/Game/Niveles/Areas/Area_0.Area_0
[2020.05.22-15.08.15:180][466]LogContentValidation: Display: Validating World /Game/PNCTookit/PNCGame/Scenes/Overview/OverviewMap.OverviewMap
[2020.05.22-15.08.15:421][466]LogAIModule: Creating AISystem for world OverviewMap
[2020.05.22-15.08.46:992][ 31]LogUObjectHash: Compacting FUObjectHashTables data took   5.37ms
[2020.05.22-15.08.46:995][ 31]LogMetaData: Removing '/Game/Game/Niveles/Areas/Z1.SKEL_Z1_C' ref from Metadata '/Game/Game/Niveles/Areas/Area_0.PackageMetaData'
[2020.05.22-15.08.46:995][ 31]LogMetaData: Removing '/Game/Game/Niveles/Areas/Z1.Z1_C' ref from Metadata '/Game/Game/Niveles/Areas/Area_0.PackageMetaData'
[2020.05.22-15.08.47:046][ 31]Cmd: OBJ SAVEPACKAGE PACKAGE="/Game/Game/Niveles/Areas/Z1" FILE="../../../../../Desarrollo Games/GITHUB/Social_01/social/Content/Game/Niveles/Areas/Z1.umap" SILENT=true AUTOSAVING=false KEEPDIRTY=false
[2020.05.22-15.08.47:169][ 31]LogUObjectHash: Compacting FUObjectHashTables data took   5.56ms
[2020.05.22-15.08.48:148][ 31]LogSavePackage: Moving '../../../../../Desarrollo Games/GITHUB/Social_01/social/Saved/Z1FB7A0DF9455C07E055E544A54D3C7801.tmp' to '../../../../../Desarrollo Games/GITHUB/Social_01/social/Content/Game/Niveles/Areas/Z1.umap'
[2020.05.22-15.08.48:201][ 31]LogFileHelpers: Saving map 'Z1' took 1.155
[2020.05.22-15.08.48:542][ 31]LogUObjectHash: Compacting FUObjectHashTables data took   6.00ms
[2020.05.22-15.08.48:734][ 31]LogUObjectHash: Compacting FUObjectHashTables data took   4.62ms
[2020.05.22-15.08.48:913][ 31]LogUObjectHash: Compacting FUObjectHashTables data took   1.53ms
[2020.05.22-15.08.49:153][ 31]AssetCheck: New page: Asset Save: Z1
[2020.05.22-15.08.49:154][ 31]LogContentValidation: Display: Validating World /Game/Game/Niveles/Areas/Z1.Z1
[2020.05.22-15.08.52:697][446]LogAssetEditorSubsystem: Opening Asset editor for World /Game/Game/Niveles/Areas/Z1.Z1
[2020.05.22-15.08.52:853][446]LogUObjectHash: Compacting FUObjectHashTables data took   1.90ms
[2020.05.22-15.08.52:855][446]Cmd: MAP LOAD FILE="../../../../../Desarrollo Games/GITHUB/Social_01/social/Content/Game/Niveles/Areas/Z1.umap" TEMPLATE=0 SHOWPROGRESS=1 FEATURELEVEL=3
[2020.05.22-15.08.52:855][446]LightingResults: New page: Lighting Build
[2020.05.22-15.08.52:856][446]LoadErrors: New page: Loading map: Z1.umap
[2020.05.22-15.08.52:864][446]LogWorld: UWorld::CleanupWorld for Z1, bSessionEnded=true, bCleanupResources=true
[2020.05.22-15.08.52:864][446]LogSlate: InvalidateAllWidgets triggered.  All widgets were invalidated
[2020.05.22-15.08.52:864][446]MapCheck: New page: Map Check
[2020.05.22-15.08.52:864][446]LightingResults: New page: Lighting Build
[2020.05.22-15.08.53:059][446]LogUObjectHash: Compacting FUObjectHashTables data took   6.36ms
[2020.05.22-15.08.53:252][446]LogUObjectHash: Compacting FUObjectHashTables data took   6.02ms
[2020.05.22-15.08.53:437][446]LogUObjectHash: Compacting FUObjectHashTables data took   4.62ms
[2020.05.22-15.08.53:675][446]LogAIModule: Creating AISystem for world Z1
[2020.05.22-15.08.54:417][446]LogEditorServer: Finished looking for orphan Actors (0.000 secs)
[2020.05.22-15.08.54:637][446]LogUObjectHash: Compacting FUObjectHashTables data took   5.91ms
[2020.05.22-15.08.54:692][446]Cmd: MAP CHECKDEP NOCLEARLOG
[2020.05.22-15.08.54:692][446]MapCheck: Map check complete: 0 Error(s), 0 Warning(s), took 0.168ms to complete.
[2020.05.22-15.08.54:692][446]LogFileHelpers: Loading map 'Z1' took 1.838
[2020.05.22-15.09.09:647][633]LogAIModule: Creating AISystem for world pruebasWill
[2020.05.22-15.09.09:806][633]LogAssetEditorSubsystem: Opening Asset editor for World /Game/Game/Niveles/Areas/pruebasWill.pruebasWill
[2020.05.22-15.09.09:961][633]LogUObjectHash: Compacting FUObjectHashTables data took   6.34ms
[2020.05.22-15.09.09:966][633]Cmd: MAP LOAD FILE="../../../../../Desarrollo Games/GITHUB/Social_01/social/Content/Game/Niveles/Areas/pruebasWill.umap" TEMPLATE=0 SHOWPROGRESS=1 FEATURELEVEL=3
[2020.05.22-15.09.09:966][633]LightingResults: New page: Lighting Build
[2020.05.22-15.09.09:967][633]LoadErrors: New page: Loading map: pruebasWill.umap
[2020.05.22-15.09.09:975][633]LogWorld: UWorld::CleanupWorld for Z1, bSessionEnded=true, bCleanupResources=true
[2020.05.22-15.09.09:975][633]LogSlate: InvalidateAllWidgets triggered.  All widgets were invalidated
[2020.05.22-15.09.09:975][633]MapCheck: New page: Map Check
[2020.05.22-15.09.09:975][633]LightingResults: New page: Lighting Build
[2020.05.22-15.09.10:187][633]LogUObjectHash: Compacting FUObjectHashTables data took   6.35ms
[2020.05.22-15.09.11:106][633]LogEditorServer: Finished looking for orphan Actors (0.000 secs)
[2020.05.22-15.09.11:412][633]LogUObjectHash: Compacting FUObjectHashTables data took   4.46ms
[2020.05.22-15.09.11:473][633]Cmd: MAP CHECKDEP NOCLEARLOG
[2020.05.22-15.09.11:473][633]MapCheck: Map check complete: 0 Error(s), 0 Warning(s), took 0.163ms to complete.
[2020.05.22-15.09.11:474][633]LogFileHelpers: Loading map 'pruebasWill' took 1.509
[2020.05.22-15.09.25:460][ 38]LogAIModule: Creating AISystem for world Z1
[2020.05.22-15.09.25:577][ 38]LogObjectTools: Deleting 1 worlds: /Game/Game/Niveles/Areas/Z1.Z1
[2020.05.22-15.09.25:577][ 38]LogObjectTools: Currently 2 active worlds: /Game/Game/Niveles/Areas/pruebasWill.pruebasWill, /Engine/Transient.World_0
[2020.05.22-15.09.25:722][ 38]LogUObjectHash: Compacting FUObjectHashTables data took   6.03ms
[2020.05.22-15.09.27:452][ 38]LogSlate: Window 'Delete Assets' being destroyed
[2020.05.22-15.09.27:484][ 38]LogWorld: UWorld::CleanupWorld for Z1, bSessionEnded=true, bCleanupResources=true
[2020.05.22-15.09.27:487][ 38]LogSlate: InvalidateAllWidgets triggered.  All widgets were invalidated
[2020.05.22-15.09.27:762][ 38]LogUObjectHash: Compacting FUObjectHashTables data took   1.82ms
[2020.05.22-15.09.27:947][ 38]LogUObjectHash: Compacting FUObjectHashTables data took   1.96ms
[2020.05.22-15.09.28:117][ 38]LogUObjectHash: Compacting FUObjectHashTables data took   1.64ms
[2020.05.22-15.09.43:607][446]LogUObjectHash: Compacting FUObjectHashTables data took   5.37ms
[2020.05.22-15.09.43:958][446]LogAIModule: Creating AISystem for world Z1
[2020.05.22-15.10.48:461][536]LogAssetEditorSubsystem: Opening Asset editor for World /Game/Game/Niveles/Areas/Z1.Z1
[2020.05.22-15.10.48:648][536]LogUObjectHash: Compacting FUObjectHashTables data took   5.94ms
[2020.05.22-15.10.49:767][536]LogSlate: Window 'Save Content' being destroyed
[2020.05.22-15.10.49:791][536]Cmd: OBJ SAVEPACKAGE PACKAGE="/Game/Game/Niveles/Areas/Z1" FILE="../../../../../Desarrollo Games/GITHUB/Social_01/social/Content/Game/Niveles/Areas/Z1.umap" SILENT=true AUTOSAVING=false KEEPDIRTY=false
[2020.05.22-15.10.50:101][536]LogUObjectHash: Compacting FUObjectHashTables data took   4.47ms
[2020.05.22-15.10.51:009][536]LogSavePackage: Moving '../../../../../Desarrollo Games/GITHUB/Social_01/social/Saved/Z1C83A62764B142D57C9A780903EE3E8E8.tmp' to '../../../../../Desarrollo Games/GITHUB/Social_01/social/Content/Game/Niveles/Areas/Z1.umap'
[2020.05.22-15.10.51:162][536]LogFileHelpers: Saving map 'Z1' took 1.372
[2020.05.22-15.10.51:163][536]Cmd: MAP LOAD FILE="../../../../../Desarrollo Games/GITHUB/Social_01/social/Content/Game/Niveles/Areas/Z1.umap" TEMPLATE=0 SHOWPROGRESS=1 FEATURELEVEL=3
[2020.05.22-15.10.51:164][536]LightingResults: New page: Lighting Build
[2020.05.22-15.10.51:165][536]LoadErrors: New page: Loading map: Z1.umap
[2020.05.22-15.10.51:172][536]LogWorld: UWorld::CleanupWorld for pruebasWill, bSessionEnded=true, bCleanupResources=true
[2020.05.22-15.10.51:172][536]LogSlate: InvalidateAllWidgets triggered.  All widgets were invalidated
[2020.05.22-15.10.51:172][536]MapCheck: New page: Map Check
[2020.05.22-15.10.51:172][536]LightingResults: New page: Lighting Build
[2020.05.22-15.10.51:353][536]LogUObjectHash: Compacting FUObjectHashTables data took   6.47ms
[2020.05.22-15.10.52:452][536]LogEditorServer: Finished looking for orphan Actors (0.000 secs)
[2020.05.22-15.10.52:701][536]LogUObjectHash: Compacting FUObjectHashTables data took   4.34ms
[2020.05.22-15.10.52:769][536]Cmd: MAP CHECKDEP NOCLEARLOG
[2020.05.22-15.10.52:769][536]MapCheck: Map check complete: 0 Error(s), 0 Warning(s), took 0.169ms to complete.
[2020.05.22-15.10.52:769][536]LogFileHelpers: Loading map 'Z1' took 1.607
[2020.05.22-15.10.52:847][536]AssetCheck: New page: Asset Save: Z1
[2020.05.22-15.10.52:847][536]LogContentValidation: Display: Validating World /Game/Game/Niveles/Areas/Z1.Z1
[2020.05.22-15.10.56:181][847]LogEditorViewport: Clicking on Actor (LMB): StaticMeshActor (VillaCompleta)
[2020.05.22-15.11.00:429][291]LogEditorViewport: Clicking on Actor (LMB): Landscape (Landscape)
[2020.05.22-15.11.01:073][355]LogEditorViewport: Clicking on Actor (LMB): StaticMeshActor (VillaCompleta)
[2020.05.22-15.11.05:274][746]LogEditorViewport: Clicking on Actor (context menu): StaticMeshActor (VillaCompleta)
[2020.05.22-15.12.52:951][ 86]LogSlate: Window 'Merge Actors' being destroyed
[2020.05.22-15.12.52:957][ 86]LogSlate: Window 'Merge Actors' being destroyed
[2020.05.22-15.12.53:826][157]LogEditorViewport: Clicking on Actor (LMB): Landscape (Landscape)
[2020.05.22-15.12.55:106][254]LogEditorViewport: Clicking on Actor (LMB): StaticMeshActor (VillaCompleta)
[2020.05.22-15.12.58:324][492]Cmd: DELETE
[2020.05.22-15.12.58:325][492]Cmd: ACTOR DELETE
[2020.05.22-15.12.58:504][492]LogEditorActor: Deleted Actor: StaticMeshActor
[2020.05.22-15.12.58:674][492]LogUObjectHash: Compacting FUObjectHashTables data took   4.44ms
[2020.05.22-15.12.58:677][492]LogEditorActor: Deleted 1 Actors (0.225 secs)
[2020.05.22-15.13.25:709][650]LogEditorViewport: Clicking on Actor (LMB): Landscape (Landscape)
[2020.05.22-15.21.19:107][978]LogUObjectHash: Compacting FUObjectHashTables data took   1.63ms
[2020.05.22-15.21.20:108][978]LogSavePackage: Moving '../../../../../Desarrollo Games/GITHUB/Social_01/social/Saved/Z1_Auto1259C669B458A715FD0731B8ED3B196C9.tmp' to '../../../../../Desarrollo Games/GITHUB/Social_01/social/Saved/Autosaves/Game/Game/Niveles/Areas/Z1_Auto1.umap'
[2020.05.22-15.21.20:110][978]LogFileHelpers: Editor autosave (incl. sublevels) for '/Game/Game/Niveles/Areas/Z1' took 1.131
[2020.05.22-15.21.20:110][978]LogFileHelpers: Editor autosave (incl. sublevels) for all levels took 1.131
[2020.05.22-15.23.55:635][373]LogUObjectHash: Compacting FUObjectHashTables data took   5.95ms
[2020.05.22-15.24.03:729][373]LogSlate: Window 'Save Content' being destroyed
[2020.05.22-15.24.03:770][373]Cmd: OBJ SAVEPACKAGE PACKAGE="/Game/Game/Niveles/Areas/Z1" FILE="../../../../../Desarrollo Games/GITHUB/Social_01/social/Content/Game/Niveles/Areas/Z1.umap" SILENT=true AUTOSAVING=false KEEPDIRTY=false
[2020.05.22-15.24.03:921][373]LogUObjectHash: Compacting FUObjectHashTables data took   1.80ms
[2020.05.22-15.24.04:792][373]LogSavePackage: Moving '../../../../../Desarrollo Games/GITHUB/Social_01/social/Saved/Z1E02EF4B1419D571A2024D885856ED62C.tmp' to '../../../../../Desarrollo Games/GITHUB/Social_01/social/Content/Game/Niveles/Areas/Z1.umap'
[2020.05.22-15.24.04:848][373]LogFileHelpers: Saving map 'Z1' took 1.079
[2020.05.22-15.24.04:994][373]LogSlate: Window 'Social01 - Unreal Editor' being destroyed
[2020.05.22-15.24.05:314][373]AssetCheck: New page: Asset Save: Z1
[2020.05.22-15.24.05:314][373]LogContentValidation: Display: Validating World /Game/Game/Niveles/Areas/Z1.Z1
[2020.05.22-15.24.05:315][374]Cmd: QUIT_EDITOR
[2020.05.22-15.24.05:315][374]LogCore: Engine exit requested (reason: UUnrealEdEngine::CloseEditor())
[2020.05.22-15.24.05:341][374]LogCore: Engine exit requested (reason: EngineExit() was called; note: exit was already requested)
[2020.05.22-15.24.05:341][374]LogAudioMixer: Display: No commands were queued while flushing the source manager.
