Log file open, 05/18/20 12:49:40
LogWindows: Failed to load 'aqProf.dll' (GetLastError=126)
LogWindows: File 'aqProf.dll' does not exist
LogWindows: Failed to load 'VtuneApi.dll' (GetLastError=126)
LogWindows: File 'VtuneApi.dll' does not exist
LogWindows: Failed to load 'VtuneApi32e.dll' (GetLastError=126)
LogWindows: File 'VtuneApi32e.dll' does not exist
LogConsoleResponse: Display: Failed to find resolution value strings in scalability ini. Falling back to default.
LogInit: Display: Running engine for game: Social01
LogPlatformFile: Not using cached read wrapper
LogTaskGraph: Started task graph with 5 named threads and 23 total threads with 3 sets of task threads.
LogStats: Stats thread started at 0.115716
LogD3D11RHI: Loaded GFSDK_Aftermath_Lib.x64.dll
LogICUInternationalization: ICU TimeZone Detection - Raw Offset: -4:00, Platform Override: ''
LogPluginManager: Mounting plugin Paper2D
LogPluginManager: Mounting plugin AISupport
LogPluginManager: Mounting plugin LightPropagationVolume
LogPluginManager: Mounting plugin ActorLayerUtilities
LogPluginManager: Mounting plugin AnimationSharing
LogPluginManager: Mounting plugin CLionSourceCodeAccess
LogPluginManager: Mounting plugin CodeLiteSourceCodeAccess
LogPluginManager: Mounting plugin GitSourceControl
LogPluginManager: Mounting plugin KDevelopSourceCodeAccess
LogPluginManager: Mounting plugin NullSourceCodeAccess
LogPluginManager: Mounting plugin PerforceSourceControl
LogPluginManager: Mounting plugin PlasticSourceControl
LogPluginManager: Mounting plugin SubversionSourceControl
LogPluginManager: Mounting plugin UObjectPlugin
LogPluginManager: Mounting plugin VisualStudioCodeSourceCodeAccess
LogPluginManager: Mounting plugin VisualStudioSourceCodeAccess
LogPluginManager: Mounting plugin XCodeSourceCodeAccess
LogPluginManager: Mounting plugin AssetManagerEditor
LogPluginManager: Mounting plugin CryptoKeys
LogPluginManager: Mounting plugin CurveEditorTools
LogPluginManager: Mounting plugin DataValidation
LogPluginManager: Mounting plugin EditorScriptingUtilities
LogPluginManager: Mounting plugin FacialAnimation
LogPluginManager: Mounting plugin GameplayTagsEditor
LogPluginManager: Mounting plugin MacGraphicsSwitching
LogPluginManager: Mounting plugin MaterialAnalyzer
LogPluginManager: Mounting plugin MeshEditor
LogPluginManager: Mounting plugin MobileLauncherProfileWizard
LogPluginManager: Mounting plugin PluginBrowser
LogPluginManager: Mounting plugin SpeedTreeImporter
LogPluginManager: Mounting plugin DatasmithContent
LogPluginManager: Mounting plugin DatasmithImporter
LogPluginManager: Mounting plugin StaticMeshEditorExtension
LogPluginManager: Mounting plugin VariantManager
LogPluginManager: Mounting plugin VariantManagerContent
LogPluginManager: Mounting plugin AlembicImporter
LogPluginManager: Mounting plugin AutomationUtils
LogPluginManager: Mounting plugin BackChannel
LogPluginManager: Mounting plugin BlastPlugin
LogPluginManager: Mounting plugin ChaosSolverPlugin
LogPluginManager: Mounting plugin CharacterAI
LogPluginManager: Mounting plugin DataPrepEditor
LogPluginManager: Mounting plugin GeometryCache
LogPluginManager: Mounting plugin GeometryCollectionPlugin
LogPluginManager: Mounting plugin PlatformCrypto
LogPluginManager: Mounting plugin ProxyLODPlugin
LogPluginManager: Mounting plugin PythonScriptPlugin
LogPluginManager: Mounting plugin SkeletalReduction
LogPluginManager: Mounting plugin MagicLeap
LogPluginManager: Mounting plugin MagicLeapMedia
LogPluginManager: Mounting plugin MLSDK
LogPluginManager: Mounting plugin AndroidMedia
LogPluginManager: Mounting plugin AvfMedia
LogPluginManager: Mounting plugin ImgMedia
LogPluginManager: Mounting plugin MediaCompositing
LogPluginManager: Mounting plugin MediaPlayerEditor
LogPluginManager: Mounting plugin WebMMedia
LogPluginManager: Mounting plugin WmfMedia
LogPluginManager: Mounting plugin MegascansPlugin
LogPluginManager: Mounting plugin TcpMessaging
LogPluginManager: Mounting plugin UdpMessaging
LogPluginManager: Mounting plugin ActorSequence
LogPluginManager: Mounting plugin LevelSequenceEditor
LogPluginManager: Mounting plugin MatineeToLevelSequence
LogPluginManager: Mounting plugin NetcodeUnitTest
LogPluginManager: Mounting plugin NUTUnrealEngine4
LogPluginManager: Mounting plugin OnlineSubsystemGooglePlay
LogPluginManager: Mounting plugin OnlineSubsystemIOS
LogPluginManager: Mounting plugin OnlineSubsystem
LogPluginManager: Mounting plugin OnlineSubsystemNull
LogPluginManager: Mounting plugin OnlineSubsystemUtils
LogPluginManager: Mounting plugin LauncherChunkInstaller
LogPluginManager: Mounting plugin AndroidDeviceProfileSelector
LogPluginManager: Mounting plugin AndroidMoviePlayer
LogPluginManager: Mounting plugin AndroidPermission
LogPluginManager: Mounting plugin AppleImageUtils
LogPluginManager: Mounting plugin AppleMoviePlayer
LogPluginManager: Mounting plugin ArchVisCharacter
LogPluginManager: Mounting plugin AssetTags
LogPluginManager: Mounting plugin AudioCapture
LogPluginManager: Mounting plugin CableComponent
LogPluginManager: Mounting plugin CustomMeshComponent
LogPluginManager: Mounting plugin EditableMesh
LogPluginManager: Mounting plugin ExampleDeviceProfileSelector
LogPluginManager: Mounting plugin GoogleCloudMessaging
LogPluginManager: Mounting plugin IOSDeviceProfileSelector
LogPluginManager: Mounting plugin LinuxDeviceProfileSelector
LogPluginManager: Mounting plugin LocationServicesBPLibrary
LogPluginManager: Mounting plugin MobilePatchingUtils
LogPluginManager: Mounting plugin OculusVR
LogPluginManager: Mounting plugin PhysXVehicles
LogPluginManager: Mounting plugin PostSplashScreen
LogPluginManager: Mounting plugin ProceduralMeshComponent
LogPluginManager: Mounting plugin RuntimePhysXCooking
LogPluginManager: Mounting plugin SignificanceManager
LogPluginManager: Mounting plugin SteamVR
LogPluginManager: Mounting plugin WebMMoviePlayer
LogPluginManager: Mounting plugin WindowsMoviePlayer
LogPluginManager: Mounting plugin ScreenshotTools
LogInit: Using libcurl 7.55.1-DEV
LogInit:  - built for x86_64-pc-win32
LogInit:  - supports SSL with OpenSSL/1.1.1
LogInit:  - supports HTTP deflate (compression) using libz 1.2.8
LogInit:  - other features:
LogInit:      CURL_VERSION_SSL
LogInit:      CURL_VERSION_LIBZ
LogInit:      CURL_VERSION_IPV6
LogInit:      CURL_VERSION_ASYNCHDNS
LogInit:      CURL_VERSION_LARGEFILE
LogInit:      CURL_VERSION_IDN
LogInit:  CurlRequestOptions (configurable via config and command line):
LogInit:  - bVerifyPeer = true  - Libcurl will verify peer certificate
LogInit:  - bUseHttpProxy = false  - Libcurl will NOT use HTTP proxy
LogInit:  - bDontReuseConnections = false  - Libcurl will reuse connections
LogInit:  - MaxHostConnections = 16  - Libcurl will limit the number of connections to a host
LogInit:  - LocalHostAddr = Default
LogInit:  - BufferSize = 65536
LogOnline: OSS: Creating online subsystem instance for: NULL
LogInit: WinSock: version 1.1 (2.2), MaxSocks=32767, MaxUdp=65467
LogOnline: OSS: TryLoadSubsystemAndSetDefault: Loaded subsystem for module [NULL]
LogInit: Build: ++UE4+Release-4.24-CL-11590370
LogInit: Engine Version: 4.24.3-11590370+++UE4+Release-4.24
LogInit: Compatible Engine Version: 4.24.0-10570792+++UE4+Release-4.24
LogInit: Net CL: 10570792
LogInit: OS: Windows 10 (Release 1809) (), CPU: AMD FX-8320E Eight-Core Processor              , GPU: AMD Radeon R9 200 Series
LogInit: Compiled (64-bit): Feb 24 2020 15:39:18
LogInit: Compiled with Visual C++: 19.16.27032.01
LogInit: Build Configuration: Development
LogInit: Branch Name: ++UE4+Release-4.24
LogInit: Command Line: 
LogInit: Base Directory: D:/Programas D/UE_4.24/Engine/Binaries/Win64/
LogInit: Installed Engine Build: 1
LogDevObjectVersion: Number of dev versions registered: 25
LogDevObjectVersion:   Dev-Blueprints (B0D832E4-1F89-4F0D-ACCF-7EB736FD4AA2): 10
LogDevObjectVersion:   Dev-Build (E1C64328-A22C-4D53-A36C-8E866417BD8C): 0
LogDevObjectVersion:   Dev-Core (375EC13C-06E4-48FB-B500-84F0262A717E): 3
LogDevObjectVersion:   Dev-Editor (E4B068ED-F494-42E9-A231-DA0B2E46BB41): 37
LogDevObjectVersion:   Dev-Framework (CFFC743F-43B0-4480-9391-14DF171D2073): 36
LogDevObjectVersion:   Dev-Mobile (B02B49B5-BB20-44E9-A304-32B752E40360): 2
LogDevObjectVersion:   Dev-Networking (A4E4105C-59A1-49B5-A7C5-40C4547EDFEE): 0
LogDevObjectVersion:   Dev-Online (39C831C9-5AE6-47DC-9A44-9C173E1C8E7C): 0
LogDevObjectVersion:   Dev-Physics (78F01B33-EBEA-4F98-B9B4-84EACCB95AA2): 2
LogDevObjectVersion:   Dev-Platform (6631380F-2D4D-43E0-8009-CF276956A95A): 0
LogDevObjectVersion:   Dev-Rendering (12F88B9F-8875-4AFC-A67C-D90C383ABD29): 36
LogDevObjectVersion:   Dev-Sequencer (7B5AE74C-D270-4C10-A958-57980B212A5A): 11
LogDevObjectVersion:   Dev-VR (D7296918-1DD6-4BDD-9DE2-64A83CC13884): 2
LogDevObjectVersion:   Dev-LoadTimes (C2A15278-BFE7-4AFE-6C17-90FF531DF755): 1
LogDevObjectVersion:   Private-Geometry (6EACA3D4-40EC-4CC1-B786-8BED09428FC5): 3
LogDevObjectVersion:   Dev-AnimPhys (29E575DD-E0A3-4627-9D10-D276232CDCEA): 17
LogDevObjectVersion:   Dev-Anim (AF43A65D-7FD3-4947-9873-3E8ED9C1BB05): 2
LogDevObjectVersion:   Dev-ReflectionCapture (6B266CEC-1EC7-4B8F-A30B-E4D90942FC07): 1
LogDevObjectVersion:   Dev-Automation (0DF73D61-A23F-47EA-B727-89E90C41499A): 1
LogDevObjectVersion:   FortniteMain (601D1886-AC64-4F84-AA16-D3DE0DEAC7D6): 31
LogDevObjectVersion:   Dev-Enterprise (9DFFBCD6-494F-0158-E221-12823C92A888): 8
LogDevObjectVersion:   Dev-Niagara (F2AED0AC-9AFE-416F-8664-AA7FFA26D6FC): 1
LogDevObjectVersion:   Dev-Destruction (174F1F0B-B4C6-45A5-B13F-2EE8D0FB917D): 9
LogDevObjectVersion:   Dev-Physics-Ext (35F94A83-E258-406C-A318-09F59610247C): 8
LogDevObjectVersion:   Dev-CineCamera (B2E18506-4273-CFC2-A54E-F4BB758BBA07): 1
LogInit: Presizing for max 25165824 objects, including 0 objects not considered by GC, pre-allocating 0 bytes for permanent pool.
LogInit: Object subsystem initialized
LogConfig: Setting CVar [[con.DebugEarlyDefault:1]]
LogConfig: Setting CVar [[r.setres:1280x720]]
[2020.05.18-16.49.41:401][  0]LogConfig: Setting CVar [[r.VSync:0]]
[2020.05.18-16.49.41:401][  0]LogConfig: Setting CVar [[r.RHICmdBypass:0]]
[2020.05.18-16.49.41:402][  0]LogConfig: Applying CVar settings from Section [/Script/Engine.RendererSettings] File [D:/Desarrollo Games/GITHUB/Social_01/social/Saved/Config/Windows/Engine.ini]
[2020.05.18-16.49.41:402][  0]LogConfig: Setting CVar [[r.GPUCrashDebugging:0]]
[2020.05.18-16.49.41:402][  0]LogConfig: Applying CVar settings from Section [/Script/Engine.RendererOverrideSettings] File [D:/Desarrollo Games/GITHUB/Social_01/social/Saved/Config/Windows/Engine.ini]
[2020.05.18-16.49.41:402][  0]LogConfig: Applying CVar settings from Section [/Script/Engine.StreamingSettings] File [D:/Desarrollo Games/GITHUB/Social_01/social/Saved/Config/Windows/Engine.ini]
[2020.05.18-16.49.41:402][  0]LogConfig: Setting CVar [[s.MinBulkDataSizeForAsyncLoading:131072]]
[2020.05.18-16.49.41:402][  0]LogConfig: Setting CVar [[s.AsyncLoadingThreadEnabled:0]]
[2020.05.18-16.49.41:402][  0]LogConfig: Setting CVar [[s.EventDrivenLoaderEnabled:0]]
[2020.05.18-16.49.41:402][  0]LogConfig: Setting CVar [[s.WarnIfTimeLimitExceeded:0]]
[2020.05.18-16.49.41:402][  0]LogConfig: Setting CVar [[s.TimeLimitExceededMultiplier:1.5]]
[2020.05.18-16.49.41:402][  0]LogConfig: Setting CVar [[s.TimeLimitExceededMinTime:0.005]]
[2020.05.18-16.49.41:402][  0]LogConfig: Setting CVar [[s.UseBackgroundLevelStreaming:1]]
[2020.05.18-16.49.41:402][  0]LogConfig: Setting CVar [[s.PriorityAsyncLoadingExtraTime:15.0]]
[2020.05.18-16.49.41:402][  0]LogConfig: Setting CVar [[s.LevelStreamingActorsUpdateTimeLimit:5.0]]
[2020.05.18-16.49.41:402][  0]LogConfig: Setting CVar [[s.PriorityLevelStreamingActorsUpdateExtraTime:5.0]]
[2020.05.18-16.49.41:402][  0]LogConfig: Setting CVar [[s.LevelStreamingComponentsRegistrationGranularity:10]]
[2020.05.18-16.49.41:402][  0]LogConfig: Setting CVar [[s.UnregisterComponentsTimeLimit:1.0]]
[2020.05.18-16.49.41:402][  0]LogConfig: Setting CVar [[s.LevelStreamingComponentsUnregistrationGranularity:5]]
[2020.05.18-16.49.41:402][  0]LogConfig: Setting CVar [[s.FlushStreamingOnExit:1]]
[2020.05.18-16.49.41:402][  0]LogConfig: Applying CVar settings from Section [/Script/Engine.GarbageCollectionSettings] File [D:/Desarrollo Games/GITHUB/Social_01/social/Saved/Config/Windows/Engine.ini]
[2020.05.18-16.49.41:402][  0]LogConfig: Setting CVar [[gc.MaxObjectsNotConsideredByGC:1]]
[2020.05.18-16.49.41:402][  0]LogConfig: Setting CVar [[gc.SizeOfPermanentObjectPool:0]]
[2020.05.18-16.49.41:402][  0]LogConfig: Setting CVar [[gc.FlushStreamingOnGC:0]]
[2020.05.18-16.49.41:402][  0]LogConfig: Setting CVar [[gc.NumRetriesBeforeForcingGC:10]]
[2020.05.18-16.49.41:402][  0]LogConfig: Setting CVar [[gc.AllowParallelGC:1]]
[2020.05.18-16.49.41:402][  0]LogConfig: Setting CVar [[gc.TimeBetweenPurgingPendingKillObjects:61.1]]
[2020.05.18-16.49.41:402][  0]LogConfig: Setting CVar [[gc.MaxObjectsInEditor:25165824]]
[2020.05.18-16.49.41:402][  0]LogConfig: Setting CVar [[gc.IncrementalBeginDestroyEnabled:1]]
[2020.05.18-16.49.41:402][  0]LogConfig: Setting CVar [[gc.CreateGCClusters:1]]
[2020.05.18-16.49.41:402][  0]LogConfig: Setting CVar [[gc.MinGCClusterSize:5]]
[2020.05.18-16.49.41:402][  0]LogConfig: Setting CVar [[gc.ActorClusteringEnabled:0]]
[2020.05.18-16.49.41:402][  0]LogConfig: Setting CVar [[gc.BlueprintClusteringEnabled:0]]
[2020.05.18-16.49.41:402][  0]LogConfig: Setting CVar [[gc.UseDisregardForGCOnDedicatedServers:0]]
[2020.05.18-16.49.41:402][  0]LogConfig: Applying CVar settings from Section [/Script/Engine.NetworkSettings] File [D:/Desarrollo Games/GITHUB/Social_01/social/Saved/Config/Windows/Engine.ini]
[2020.05.18-16.49.41:402][  0]LogConfig: Applying CVar settings from Section [/Script/UnrealEd.CookerSettings] File [D:/Desarrollo Games/GITHUB/Social_01/social/Saved/Config/Windows/Engine.ini]
[2020.05.18-16.49.41:411][  0]LogConfig: Applying CVar settings from Section [ViewDistanceQuality@3] File [D:/Desarrollo Games/GITHUB/Social_01/social/Saved/Config/Windows/Scalability.ini]
[2020.05.18-16.49.41:411][  0]LogConfig: Setting CVar [[r.SkeletalMeshLODBias:0]]
[2020.05.18-16.49.41:411][  0]LogConfig: Setting CVar [[r.ViewDistanceScale:1.0]]
[2020.05.18-16.49.41:411][  0]LogConfig: Applying CVar settings from Section [AntiAliasingQuality@3] File [D:/Desarrollo Games/GITHUB/Social_01/social/Saved/Config/Windows/Scalability.ini]
[2020.05.18-16.49.41:411][  0]LogConfig: Setting CVar [[r.PostProcessAAQuality:4]]
[2020.05.18-16.49.41:411][  0]LogConfig: Applying CVar settings from Section [ShadowQuality@3] File [D:/Desarrollo Games/GITHUB/Social_01/social/Saved/Config/Windows/Scalability.ini]
[2020.05.18-16.49.41:411][  0]LogConfig: Setting CVar [[r.LightFunctionQuality:1]]
[2020.05.18-16.49.41:411][  0]LogConfig: Setting CVar [[r.ShadowQuality:5]]
[2020.05.18-16.49.41:411][  0]LogConfig: Setting CVar [[r.Shadow.CSM.MaxCascades:10]]
[2020.05.18-16.49.41:411][  0]LogConfig: Setting CVar [[r.Shadow.MaxResolution:2048]]
[2020.05.18-16.49.41:411][  0]LogConfig: Setting CVar [[r.Shadow.MaxCSMResolution:2048]]
[2020.05.18-16.49.41:411][  0]LogConfig: Setting CVar [[r.Shadow.RadiusThreshold:0.01]]
[2020.05.18-16.49.41:411][  0]LogConfig: Setting CVar [[r.Shadow.DistanceScale:1.0]]
[2020.05.18-16.49.41:411][  0]LogConfig: Setting CVar [[r.Shadow.CSM.TransitionScale:1.0]]
[2020.05.18-16.49.41:411][  0]LogConfig: Setting CVar [[r.Shadow.PreShadowResolutionFactor:1.0]]
[2020.05.18-16.49.41:411][  0]LogConfig: Setting CVar [[r.DistanceFieldShadowing:1]]
[2020.05.18-16.49.41:411][  0]LogConfig: Setting CVar [[r.DistanceFieldAO:1]]
[2020.05.18-16.49.41:411][  0]LogConfig: Setting CVar [[r.AOQuality:2]]
[2020.05.18-16.49.41:411][  0]LogConfig: Setting CVar [[r.VolumetricFog:1]]
[2020.05.18-16.49.41:411][  0]LogConfig: Setting CVar [[r.VolumetricFog.GridPixelSize:8]]
[2020.05.18-16.49.41:411][  0]LogConfig: Setting CVar [[r.VolumetricFog.GridSizeZ:128]]
[2020.05.18-16.49.41:411][  0]LogConfig: Setting CVar [[r.VolumetricFog.HistoryMissSupersampleCount:4]]
[2020.05.18-16.49.41:411][  0]LogConfig: Setting CVar [[r.LightMaxDrawDistanceScale:1]]
[2020.05.18-16.49.41:411][  0]LogConfig: Setting CVar [[r.CapsuleShadows:1]]
[2020.05.18-16.49.41:412][  0]LogConfig: Applying CVar settings from Section [PostProcessQuality@3] File [D:/Desarrollo Games/GITHUB/Social_01/social/Saved/Config/Windows/Scalability.ini]
[2020.05.18-16.49.41:412][  0]LogConfig: Setting CVar [[r.MotionBlurQuality:4]]
[2020.05.18-16.49.41:412][  0]LogConfig: Setting CVar [[r.AmbientOcclusionMipLevelFactor:0.4]]
[2020.05.18-16.49.41:412][  0]LogConfig: Setting CVar [[r.AmbientOcclusionMaxQuality:100]]
[2020.05.18-16.49.41:412][  0]LogConfig: Setting CVar [[r.AmbientOcclusionLevels:-1]]
[2020.05.18-16.49.41:412][  0]LogConfig: Setting CVar [[r.AmbientOcclusionRadiusScale:1.0]]
[2020.05.18-16.49.41:412][  0]LogConfig: Setting CVar [[r.DepthOfFieldQuality:2]]
[2020.05.18-16.49.41:412][  0]LogConfig: Setting CVar [[r.RenderTargetPoolMin:400]]
[2020.05.18-16.49.41:412][  0]LogConfig: Setting CVar [[r.LensFlareQuality:2]]
[2020.05.18-16.49.41:412][  0]LogConfig: Setting CVar [[r.SceneColorFringeQuality:1]]
[2020.05.18-16.49.41:412][  0]LogConfig: Setting CVar [[r.EyeAdaptationQuality:2]]
[2020.05.18-16.49.41:412][  0]LogConfig: Setting CVar [[r.BloomQuality:5]]
[2020.05.18-16.49.41:412][  0]LogConfig: Setting CVar [[r.FastBlurThreshold:100]]
[2020.05.18-16.49.41:412][  0]LogConfig: Setting CVar [[r.Upscale.Quality:3]]
[2020.05.18-16.49.41:412][  0]LogConfig: Setting CVar [[r.Tonemapper.GrainQuantization:1]]
[2020.05.18-16.49.41:412][  0]LogConfig: Setting CVar [[r.LightShaftQuality:1]]
[2020.05.18-16.49.41:412][  0]LogConfig: Setting CVar [[r.Filter.SizeScale:1]]
[2020.05.18-16.49.41:412][  0]LogConfig: Setting CVar [[r.Tonemapper.Quality:5]]
[2020.05.18-16.49.41:412][  0]LogConfig: Setting CVar [[r.DOF.Gather.AccumulatorQuality:1        ; higher gathering accumulator quality]]
[2020.05.18-16.49.41:412][  0]LogConfig: Setting CVar [[r.DOF.Gather.PostfilterMethod:1          ; Median3x3 postfilering method]]
[2020.05.18-16.49.41:412][  0]LogConfig: Setting CVar [[r.DOF.Gather.EnableBokehSettings:0       ; no bokeh simulation when gathering]]
[2020.05.18-16.49.41:412][  0]LogConfig: Setting CVar [[r.DOF.Gather.RingCount:4                 ; medium number of samples when gathering]]
[2020.05.18-16.49.41:412][  0]LogConfig: Setting CVar [[r.DOF.Scatter.ForegroundCompositing:1    ; additive foreground scattering]]
[2020.05.18-16.49.41:412][  0]LogConfig: Setting CVar [[r.DOF.Scatter.BackgroundCompositing:2    ; additive background scattering]]
[2020.05.18-16.49.41:412][  0]LogConfig: Setting CVar [[r.DOF.Scatter.EnableBokehSettings:1      ; bokeh simulation when scattering]]
[2020.05.18-16.49.41:412][  0]LogConfig: Setting CVar [[r.DOF.Scatter.MaxSpriteRatio:0.1         ; only a maximum of 10% of scattered bokeh]]
[2020.05.18-16.49.41:412][  0]LogConfig: Setting CVar [[r.DOF.Recombine.Quality:1                ; cheap slight out of focus]]
[2020.05.18-16.49.41:412][  0]LogConfig: Setting CVar [[r.DOF.Recombine.EnableBokehSettings:0    ; no bokeh simulation on slight out of focus]]
[2020.05.18-16.49.41:412][  0]LogConfig: Setting CVar [[r.DOF.TemporalAAQuality:1                ; more stable temporal accumulation]]
[2020.05.18-16.49.41:412][  0]LogConfig: Setting CVar [[r.DOF.Kernel.MaxForegroundRadius:0.025]]
[2020.05.18-16.49.41:412][  0]LogConfig: Setting CVar [[r.DOF.Kernel.MaxBackgroundRadius:0.025]]
[2020.05.18-16.49.41:412][  0]LogConfig: Applying CVar settings from Section [TextureQuality@3] File [D:/Desarrollo Games/GITHUB/Social_01/social/Saved/Config/Windows/Scalability.ini]
[2020.05.18-16.49.41:412][  0]LogConfig: Setting CVar [[r.Streaming.MipBias:0]]
[2020.05.18-16.49.41:412][  0]LogConfig: Setting CVar [[r.Streaming.AmortizeCPUToGPUCopy:0]]
[2020.05.18-16.49.41:412][  0]LogConfig: Setting CVar [[r.Streaming.MaxNumTexturesToStreamPerFrame:0]]
[2020.05.18-16.49.41:412][  0]LogConfig: Setting CVar [[r.Streaming.Boost:1]]
[2020.05.18-16.49.41:412][  0]LogConfig: Setting CVar [[r.MaxAnisotropy:8]]
[2020.05.18-16.49.41:412][  0]LogConfig: Setting CVar [[r.VT.MaxAnisotropy:8]]
[2020.05.18-16.49.41:412][  0]LogConfig: Setting CVar [[r.Streaming.LimitPoolSizeToVRAM:0]]
[2020.05.18-16.49.41:412][  0]LogConfig: Setting CVar [[r.Streaming.PoolSize:1000]]
[2020.05.18-16.49.41:412][  0]LogConfig: Setting CVar [[r.Streaming.MaxEffectiveScreenSize:0]]
[2020.05.18-16.49.41:412][  0]LogConfig: Applying CVar settings from Section [EffectsQuality@3] File [D:/Desarrollo Games/GITHUB/Social_01/social/Saved/Config/Windows/Scalability.ini]
[2020.05.18-16.49.41:412][  0]LogConfig: Setting CVar [[r.TranslucencyLightingVolumeDim:64]]
[2020.05.18-16.49.41:412][  0]LogConfig: Setting CVar [[r.RefractionQuality:2]]
[2020.05.18-16.49.41:412][  0]LogConfig: Setting CVar [[r.SSR.Quality:3]]
[2020.05.18-16.49.41:412][  0]LogConfig: Setting CVar [[r.SSR.HalfResSceneColor:0]]
[2020.05.18-16.49.41:412][  0]LogConfig: Setting CVar [[r.SceneColorFormat:4]]
[2020.05.18-16.49.41:412][  0]LogConfig: Setting CVar [[r.DetailMode:2]]
[2020.05.18-16.49.41:412][  0]LogConfig: Setting CVar [[r.TranslucencyVolumeBlur:1]]
[2020.05.18-16.49.41:412][  0]LogConfig: Setting CVar [[r.MaterialQualityLevel:1 ; High quality]]
[2020.05.18-16.49.41:412][  0]LogConfig: Setting CVar [[r.SSS.Scale:1]]
[2020.05.18-16.49.41:412][  0]LogConfig: Setting CVar [[r.SSS.SampleSet:2]]
[2020.05.18-16.49.41:412][  0]LogConfig: Setting CVar [[r.SSS.Quality:1]]
[2020.05.18-16.49.41:412][  0]LogConfig: Setting CVar [[r.SSS.HalfRes:1]]
[2020.05.18-16.49.41:413][  0]LogConfig: Setting CVar [[r.SSGI.Quality:3]]
[2020.05.18-16.49.41:413][  0]LogConfig: Setting CVar [[r.EmitterSpawnRateScale:1.0]]
[2020.05.18-16.49.41:413][  0]LogConfig: Setting CVar [[r.ParticleLightQuality:2]]
[2020.05.18-16.49.41:413][  0]LogConfig: Setting CVar [[r.SkyAtmosphere.AerialPerspectiveLUT.FastApplyOnOpaque:1 ; Always have FastSkyLUT 1 in this case to avoid wrong sky]]
[2020.05.18-16.49.41:413][  0]LogConfig: Setting CVar [[r.SkyAtmosphere.AerialPerspectiveLUT.SampleCountPerSlice:1]]
[2020.05.18-16.49.41:413][  0]LogConfig: Setting CVar [[r.SkyAtmosphere.AerialPerspectiveLUT.DepthResolution:16.0]]
[2020.05.18-16.49.41:413][  0]LogConfig: Setting CVar [[r.SkyAtmosphere.FastSkyLUT:1]]
[2020.05.18-16.49.41:413][  0]LogConfig: Setting CVar [[r.SkyAtmosphere.FastSkyLUT.SampleCountMin:4.0]]
[2020.05.18-16.49.41:413][  0]LogConfig: Setting CVar [[r.SkyAtmosphere.FastSkyLUT.SampleCountMax:32.0]]
[2020.05.18-16.49.41:413][  0]LogConfig: Setting CVar [[r.SkyAtmosphere.SampleCountMin:4.0]]
[2020.05.18-16.49.41:413][  0]LogConfig: Setting CVar [[r.SkyAtmosphere.SampleCountMax:32.0]]
[2020.05.18-16.49.41:413][  0]LogConfig: Setting CVar [[r.SkyAtmosphere.TransmittanceLUT.UseSmallFormat:0]]
[2020.05.18-16.49.41:413][  0]LogConfig: Setting CVar [[r.SkyAtmosphere.TransmittanceLUT.SampleCount:10.0]]
[2020.05.18-16.49.41:413][  0]LogConfig: Setting CVar [[r.SkyAtmosphere.MultiScatteringLUT.SampleCount:15.0]]
[2020.05.18-16.49.41:413][  0]LogConfig: Applying CVar settings from Section [FoliageQuality@3] File [D:/Desarrollo Games/GITHUB/Social_01/social/Saved/Config/Windows/Scalability.ini]
[2020.05.18-16.49.41:413][  0]LogConfig: Setting CVar [[foliage.DensityScale:1.0]]
[2020.05.18-16.49.41:413][  0]LogConfig: Setting CVar [[grass.DensityScale:1.0]]
[2020.05.18-16.49.41:413][  0]LogConfig: Applying CVar settings from Section [ShadingQuality@3] File [D:/Desarrollo Games/GITHUB/Social_01/social/Saved/Config/Windows/Scalability.ini]
[2020.05.18-16.49.41:413][  0]LogConfig: Setting CVar [[r.HairStrands.SkyLighting.SampleCount:16]]
[2020.05.18-16.49.41:413][  0]LogConfig: Setting CVar [[r.HairStrands.SkyLighting.JitterIntegration:0]]
[2020.05.18-16.49.41:413][  0]LogConfig: Setting CVar [[r.HairStrands.SkyAO.SampleCount:16]]
[2020.05.18-16.49.41:413][  0]LogInit: Selected Device Profile: [Windows]
[2020.05.18-16.49.41:413][  0]LogInit: Applying CVar settings loaded from the selected device profile: [Windows]
[2020.05.18-16.49.41:416][  0]LogHAL: Display: Platform has ~ 8 GB [8548765696 / 8589934592 / 8], which maps to Default [LargestMinGB=32, LargerMinGB=12, DefaultMinGB=8, SmallerMinGB=6, SmallestMinGB=0)
[2020.05.18-16.49.41:416][  0]LogInit: Going up to parent DeviceProfile []
[2020.05.18-16.49.41:416][  0]LogConfig: Applying CVar settings from Section [ViewDistanceQuality@3] File [D:/Desarrollo Games/GITHUB/Social_01/social/Saved/Config/Windows/Scalability.ini]
[2020.05.18-16.49.41:416][  0]LogConfig: Setting CVar [[r.SkeletalMeshLODBias:0]]
[2020.05.18-16.49.41:416][  0]LogConfig: Setting CVar [[r.ViewDistanceScale:1.0]]
[2020.05.18-16.49.41:416][  0]LogConfig: Applying CVar settings from Section [AntiAliasingQuality@3] File [D:/Desarrollo Games/GITHUB/Social_01/social/Saved/Config/Windows/Scalability.ini]
[2020.05.18-16.49.41:416][  0]LogConfig: Setting CVar [[r.PostProcessAAQuality:4]]
[2020.05.18-16.49.41:416][  0]LogConfig: Applying CVar settings from Section [ShadowQuality@3] File [D:/Desarrollo Games/GITHUB/Social_01/social/Saved/Config/Windows/Scalability.ini]
[2020.05.18-16.49.41:416][  0]LogConfig: Setting CVar [[r.LightFunctionQuality:1]]
[2020.05.18-16.49.41:417][  0]LogConfig: Setting CVar [[r.ShadowQuality:5]]
[2020.05.18-16.49.41:417][  0]LogConfig: Setting CVar [[r.Shadow.CSM.MaxCascades:10]]
[2020.05.18-16.49.41:417][  0]LogConfig: Setting CVar [[r.Shadow.MaxResolution:2048]]
[2020.05.18-16.49.41:417][  0]LogConfig: Setting CVar [[r.Shadow.MaxCSMResolution:2048]]
[2020.05.18-16.49.41:417][  0]LogConfig: Setting CVar [[r.Shadow.RadiusThreshold:0.01]]
[2020.05.18-16.49.41:417][  0]LogConfig: Setting CVar [[r.Shadow.DistanceScale:1.0]]
[2020.05.18-16.49.41:417][  0]LogConfig: Setting CVar [[r.Shadow.CSM.TransitionScale:1.0]]
[2020.05.18-16.49.41:417][  0]LogConfig: Setting CVar [[r.Shadow.PreShadowResolutionFactor:1.0]]
[2020.05.18-16.49.41:417][  0]LogConfig: Setting CVar [[r.DistanceFieldShadowing:1]]
[2020.05.18-16.49.41:417][  0]LogConfig: Setting CVar [[r.DistanceFieldAO:1]]
[2020.05.18-16.49.41:417][  0]LogConfig: Setting CVar [[r.AOQuality:2]]
[2020.05.18-16.49.41:417][  0]LogConfig: Setting CVar [[r.VolumetricFog:1]]
[2020.05.18-16.49.41:417][  0]LogConfig: Setting CVar [[r.VolumetricFog.GridPixelSize:8]]
[2020.05.18-16.49.41:417][  0]LogConfig: Setting CVar [[r.VolumetricFog.GridSizeZ:128]]
[2020.05.18-16.49.41:417][  0]LogConfig: Setting CVar [[r.VolumetricFog.HistoryMissSupersampleCount:4]]
[2020.05.18-16.49.41:417][  0]LogConfig: Setting CVar [[r.LightMaxDrawDistanceScale:1]]
[2020.05.18-16.49.41:417][  0]LogConfig: Setting CVar [[r.CapsuleShadows:1]]
[2020.05.18-16.49.41:417][  0]LogConfig: Applying CVar settings from Section [PostProcessQuality@3] File [D:/Desarrollo Games/GITHUB/Social_01/social/Saved/Config/Windows/Scalability.ini]
[2020.05.18-16.49.41:417][  0]LogConfig: Setting CVar [[r.MotionBlurQuality:4]]
[2020.05.18-16.49.41:417][  0]LogConfig: Setting CVar [[r.AmbientOcclusionMipLevelFactor:0.4]]
[2020.05.18-16.49.41:417][  0]LogConfig: Setting CVar [[r.AmbientOcclusionMaxQuality:100]]
[2020.05.18-16.49.41:417][  0]LogConfig: Setting CVar [[r.AmbientOcclusionLevels:-1]]
[2020.05.18-16.49.41:417][  0]LogConfig: Setting CVar [[r.AmbientOcclusionRadiusScale:1.0]]
[2020.05.18-16.49.41:417][  0]LogConfig: Setting CVar [[r.DepthOfFieldQuality:2]]
[2020.05.18-16.49.41:417][  0]LogConfig: Setting CVar [[r.RenderTargetPoolMin:400]]
[2020.05.18-16.49.41:417][  0]LogConfig: Setting CVar [[r.LensFlareQuality:2]]
[2020.05.18-16.49.41:417][  0]LogConfig: Setting CVar [[r.SceneColorFringeQuality:1]]
[2020.05.18-16.49.41:417][  0]LogConfig: Setting CVar [[r.EyeAdaptationQuality:2]]
[2020.05.18-16.49.41:417][  0]LogConfig: Setting CVar [[r.BloomQuality:5]]
[2020.05.18-16.49.41:417][  0]LogConfig: Setting CVar [[r.FastBlurThreshold:100]]
[2020.05.18-16.49.41:417][  0]LogConfig: Setting CVar [[r.Upscale.Quality:3]]
[2020.05.18-16.49.41:417][  0]LogConfig: Setting CVar [[r.Tonemapper.GrainQuantization:1]]
[2020.05.18-16.49.41:417][  0]LogConfig: Setting CVar [[r.LightShaftQuality:1]]
[2020.05.18-16.49.41:417][  0]LogConfig: Setting CVar [[r.Filter.SizeScale:1]]
[2020.05.18-16.49.41:417][  0]LogConfig: Setting CVar [[r.Tonemapper.Quality:5]]
[2020.05.18-16.49.41:417][  0]LogConfig: Setting CVar [[r.DOF.Gather.AccumulatorQuality:1        ; higher gathering accumulator quality]]
[2020.05.18-16.49.41:417][  0]LogConfig: Setting CVar [[r.DOF.Gather.PostfilterMethod:1          ; Median3x3 postfilering method]]
[2020.05.18-16.49.41:417][  0]LogConfig: Setting CVar [[r.DOF.Gather.EnableBokehSettings:0       ; no bokeh simulation when gathering]]
[2020.05.18-16.49.41:417][  0]LogConfig: Setting CVar [[r.DOF.Gather.RingCount:4                 ; medium number of samples when gathering]]
[2020.05.18-16.49.41:417][  0]LogConfig: Setting CVar [[r.DOF.Scatter.ForegroundCompositing:1    ; additive foreground scattering]]
[2020.05.18-16.49.41:417][  0]LogConfig: Setting CVar [[r.DOF.Scatter.BackgroundCompositing:2    ; additive background scattering]]
[2020.05.18-16.49.41:417][  0]LogConfig: Setting CVar [[r.DOF.Scatter.EnableBokehSettings:1      ; bokeh simulation when scattering]]
[2020.05.18-16.49.41:417][  0]LogConfig: Setting CVar [[r.DOF.Scatter.MaxSpriteRatio:0.1         ; only a maximum of 10% of scattered bokeh]]
[2020.05.18-16.49.41:417][  0]LogConfig: Setting CVar [[r.DOF.Recombine.Quality:1                ; cheap slight out of focus]]
[2020.05.18-16.49.41:417][  0]LogConfig: Setting CVar [[r.DOF.Recombine.EnableBokehSettings:0    ; no bokeh simulation on slight out of focus]]
[2020.05.18-16.49.41:417][  0]LogConfig: Setting CVar [[r.DOF.TemporalAAQuality:1                ; more stable temporal accumulation]]
[2020.05.18-16.49.41:417][  0]LogConfig: Setting CVar [[r.DOF.Kernel.MaxForegroundRadius:0.025]]
[2020.05.18-16.49.41:417][  0]LogConfig: Setting CVar [[r.DOF.Kernel.MaxBackgroundRadius:0.025]]
[2020.05.18-16.49.41:417][  0]LogConfig: Applying CVar settings from Section [TextureQuality@3] File [D:/Desarrollo Games/GITHUB/Social_01/social/Saved/Config/Windows/Scalability.ini]
[2020.05.18-16.49.41:417][  0]LogConfig: Setting CVar [[r.Streaming.MipBias:0]]
[2020.05.18-16.49.41:417][  0]LogConfig: Setting CVar [[r.Streaming.AmortizeCPUToGPUCopy:0]]
[2020.05.18-16.49.41:417][  0]LogConfig: Setting CVar [[r.Streaming.MaxNumTexturesToStreamPerFrame:0]]
[2020.05.18-16.49.41:417][  0]LogConfig: Setting CVar [[r.Streaming.Boost:1]]
[2020.05.18-16.49.41:418][  0]LogConfig: Setting CVar [[r.MaxAnisotropy:8]]
[2020.05.18-16.49.41:418][  0]LogConfig: Setting CVar [[r.VT.MaxAnisotropy:8]]
[2020.05.18-16.49.41:418][  0]LogConfig: Setting CVar [[r.Streaming.LimitPoolSizeToVRAM:0]]
[2020.05.18-16.49.41:418][  0]LogConfig: Setting CVar [[r.Streaming.PoolSize:1000]]
[2020.05.18-16.49.41:418][  0]LogConfig: Setting CVar [[r.Streaming.MaxEffectiveScreenSize:0]]
[2020.05.18-16.49.41:418][  0]LogConfig: Applying CVar settings from Section [EffectsQuality@3] File [D:/Desarrollo Games/GITHUB/Social_01/social/Saved/Config/Windows/Scalability.ini]
[2020.05.18-16.49.41:418][  0]LogConfig: Setting CVar [[r.TranslucencyLightingVolumeDim:64]]
[2020.05.18-16.49.41:418][  0]LogConfig: Setting CVar [[r.RefractionQuality:2]]
[2020.05.18-16.49.41:418][  0]LogConfig: Setting CVar [[r.SSR.Quality:3]]
[2020.05.18-16.49.41:418][  0]LogConfig: Setting CVar [[r.SSR.HalfResSceneColor:0]]
[2020.05.18-16.49.41:418][  0]LogConfig: Setting CVar [[r.SceneColorFormat:4]]
[2020.05.18-16.49.41:418][  0]LogConfig: Setting CVar [[r.DetailMode:2]]
[2020.05.18-16.49.41:418][  0]LogConfig: Setting CVar [[r.TranslucencyVolumeBlur:1]]
[2020.05.18-16.49.41:418][  0]LogConfig: Setting CVar [[r.MaterialQualityLevel:1 ; High quality]]
[2020.05.18-16.49.41:418][  0]LogConfig: Setting CVar [[r.SSS.Scale:1]]
[2020.05.18-16.49.41:418][  0]LogConfig: Setting CVar [[r.SSS.SampleSet:2]]
[2020.05.18-16.49.41:418][  0]LogConfig: Setting CVar [[r.SSS.Quality:1]]
[2020.05.18-16.49.41:418][  0]LogConfig: Setting CVar [[r.SSS.HalfRes:1]]
[2020.05.18-16.49.41:418][  0]LogConfig: Setting CVar [[r.SSGI.Quality:3]]
[2020.05.18-16.49.41:418][  0]LogConfig: Setting CVar [[r.EmitterSpawnRateScale:1.0]]
[2020.05.18-16.49.41:418][  0]LogConfig: Setting CVar [[r.ParticleLightQuality:2]]
[2020.05.18-16.49.41:418][  0]LogConfig: Setting CVar [[r.SkyAtmosphere.AerialPerspectiveLUT.FastApplyOnOpaque:1 ; Always have FastSkyLUT 1 in this case to avoid wrong sky]]
[2020.05.18-16.49.41:418][  0]LogConfig: Setting CVar [[r.SkyAtmosphere.AerialPerspectiveLUT.SampleCountPerSlice:1]]
[2020.05.18-16.49.41:418][  0]LogConfig: Setting CVar [[r.SkyAtmosphere.AerialPerspectiveLUT.DepthResolution:16.0]]
[2020.05.18-16.49.41:418][  0]LogConfig: Setting CVar [[r.SkyAtmosphere.FastSkyLUT:1]]
[2020.05.18-16.49.41:418][  0]LogConfig: Setting CVar [[r.SkyAtmosphere.FastSkyLUT.SampleCountMin:4.0]]
[2020.05.18-16.49.41:418][  0]LogConfig: Setting CVar [[r.SkyAtmosphere.FastSkyLUT.SampleCountMax:32.0]]
[2020.05.18-16.49.41:418][  0]LogConfig: Setting CVar [[r.SkyAtmosphere.SampleCountMin:4.0]]
[2020.05.18-16.49.41:418][  0]LogConfig: Setting CVar [[r.SkyAtmosphere.SampleCountMax:32.0]]
[2020.05.18-16.49.41:418][  0]LogConfig: Setting CVar [[r.SkyAtmosphere.TransmittanceLUT.UseSmallFormat:0]]
[2020.05.18-16.49.41:418][  0]LogConfig: Setting CVar [[r.SkyAtmosphere.TransmittanceLUT.SampleCount:10.0]]
[2020.05.18-16.49.41:418][  0]LogConfig: Setting CVar [[r.SkyAtmosphere.MultiScatteringLUT.SampleCount:15.0]]
[2020.05.18-16.49.41:418][  0]LogConfig: Applying CVar settings from Section [FoliageQuality@3] File [D:/Desarrollo Games/GITHUB/Social_01/social/Saved/Config/Windows/Scalability.ini]
[2020.05.18-16.49.41:418][  0]LogConfig: Setting CVar [[foliage.DensityScale:1.0]]
[2020.05.18-16.49.41:418][  0]LogConfig: Setting CVar [[grass.DensityScale:1.0]]
[2020.05.18-16.49.41:418][  0]LogConfig: Applying CVar settings from Section [ShadingQuality@3] File [D:/Desarrollo Games/GITHUB/Social_01/social/Saved/Config/Windows/Scalability.ini]
[2020.05.18-16.49.41:418][  0]LogConfig: Setting CVar [[r.HairStrands.SkyLighting.SampleCount:16]]
[2020.05.18-16.49.41:418][  0]LogConfig: Setting CVar [[r.HairStrands.SkyLighting.JitterIntegration:0]]
[2020.05.18-16.49.41:418][  0]LogConfig: Setting CVar [[r.HairStrands.SkyAO.SampleCount:16]]
[2020.05.18-16.49.41:418][  0]LogConfig: Applying CVar settings from Section [Startup] File [../../../Engine/Config/ConsoleVariables.ini]
[2020.05.18-16.49.41:418][  0]LogConfig: Setting CVar [[net.UseAdaptiveNetUpdateFrequency:0]]
[2020.05.18-16.49.41:419][  0]LogConfig: Setting CVar [[p.chaos.AllowCreatePhysxBodies:1]]
[2020.05.18-16.49.41:419][  0]LogConfig: Applying CVar settings from Section [ConsoleVariables] File [D:/Desarrollo Games/GITHUB/Social_01/social/Saved/Config/Windows/Engine.ini]
[2020.05.18-16.49.41:419][  0]LogInit: Computer: DESKTOP-T7J819N
[2020.05.18-16.49.41:419][  0]LogInit: User: C137
[2020.05.18-16.49.41:419][  0]LogInit: CPU Page size=4096, Cores=4
[2020.05.18-16.49.41:419][  0]LogInit: High frequency timer resolution =10.000000 MHz
[2020.05.18-16.49.41:419][  0]LogMemory: Memory total: Physical=8.0GB (8GB approx)
[2020.05.18-16.49.41:419][  0]LogMemory: Platform Memory Stats for Windows
[2020.05.18-16.49.41:419][  0]LogMemory: Process Physical Memory: 105.23 MB used, 105.23 MB peak
[2020.05.18-16.49.41:419][  0]LogMemory: Process Virtual Memory: 101.21 MB used, 101.21 MB peak
[2020.05.18-16.49.41:419][  0]LogMemory: Physical Memory: 4055.61 MB used,  4097.13 MB free, 8152.74 MB total
[2020.05.18-16.49.41:419][  0]LogMemory: Virtual Memory: 5156.46 MB used,  134212568.00 MB free, 134217728.00 MB total
[2020.05.18-16.49.41:422][  0]LogWindows: WindowsPlatformFeatures enabled
[2020.05.18-16.49.41:443][  0]LogInit: Overriding language with editor language configuration option (en).
[2020.05.18-16.49.41:443][  0]LogInit: Overriding locale with editor locale configuration option (en).
[2020.05.18-16.49.41:693][  0]LogInit: Setting process to per monitor DPI aware
[2020.05.18-16.49.41:813][  0]LogSlate: New Slate User Created.  User Index 0, Is Virtual User: 0
[2020.05.18-16.49.41:813][  0]LogSlate: Slate User Registered.  User Index 0, Is Virtual User: 0
[2020.05.18-16.49.42:007][  0]LogHMD: Failed to initialize OpenVR with code 110
[2020.05.18-16.49.42:007][  0]LogD3D11RHI: D3D11 min allowed feature level: 11_0
[2020.05.18-16.49.42:007][  0]LogD3D11RHI: D3D11 max allowed feature level: 11_0
[2020.05.18-16.49.42:007][  0]LogD3D11RHI: D3D11 adapters:
[2020.05.18-16.49.42:049][  0]LogD3D11RHI:    0. 'AMD Radeon R9 200 Series' (Feature Level 11_0)
[2020.05.18-16.49.42:049][  0]LogD3D11RHI:       4072/0/4076 MB DedicatedVideo/DedicatedSystem/SharedSystem, Outputs:2, VendorId:0x1002
[2020.05.18-16.49.42:052][  0]LogD3D11RHI:    1. 'Microsoft Basic Render Driver' (Feature Level 11_0)
[2020.05.18-16.49.42:052][  0]LogD3D11RHI:       0/0/4076 MB DedicatedVideo/DedicatedSystem/SharedSystem, Outputs:0, VendorId:0x1414
[2020.05.18-16.49.42:052][  0]LogD3D11RHI: Chosen D3D11 Adapter: 0
[2020.05.18-16.49.42:062][  0]LogD3D11RHI: Creating new Direct3DDevice
[2020.05.18-16.49.42:062][  0]LogD3D11RHI:     GPU DeviceId: 0x67b0 (for the marketing name, search the web for "GPU Device Id")
[2020.05.18-16.49.42:062][  0]LogWindows: EnumDisplayDevices:
[2020.05.18-16.49.42:062][  0]LogWindows:    0. 'AMD Radeon R9 200 Series' (P:0 D:1)
[2020.05.18-16.49.42:063][  0]LogWindows:    1. 'AMD Radeon R9 200 Series' (P:1 D:1)
[2020.05.18-16.49.42:064][  0]LogWindows:    2. 'AMD Radeon R9 200 Series' (P:0 D:0)
[2020.05.18-16.49.42:064][  0]LogWindows:    3. 'AMD Radeon R9 200 Series' (P:0 D:0)
[2020.05.18-16.49.42:065][  0]LogWindows:    4. 'AMD Radeon R9 200 Series' (P:0 D:0)
[2020.05.18-16.49.42:065][  0]LogWindows:    5. 'AMD Radeon R9 200 Series' (P:0 D:0)
[2020.05.18-16.49.42:066][  0]LogWindows:    6. 'AMD Radeon R9 200 Series' (P:0 D:0)
[2020.05.18-16.49.42:066][  0]LogWindows:    7. 'AMD Radeon R9 200 Series' (P:0 D:0)
[2020.05.18-16.49.42:066][  0]LogWindows: DebugString: FoundDriverCount:8 
[2020.05.18-16.49.42:067][  0]LogD3D11RHI:     Adapter Name: AMD Radeon R9 200 Series
[2020.05.18-16.49.42:067][  0]LogD3D11RHI:   Driver Version: Adrenalin 2020 19.12.3 (internal:26.20.15003.5016, unified:26.20.15003.5016)
[2020.05.18-16.49.42:067][  0]LogD3D11RHI:      Driver Date: 12-16-2019
[2020.05.18-16.49.42:067][  0]LogRHI: Texture pool is 2850 MB (70% of 4072 MB)
[2020.05.18-16.49.42:132][  0]LogD3D11RHI: RHI does not have support for 64 bit atomics
[2020.05.18-16.49.42:132][  0]LogD3D11RHI: Async texture creation enabled
[2020.05.18-16.49.42:146][  0]LogD3D11RHI: GPU Timing Frequency: 27.000000 (Debug: 2 1)
[2020.05.18-16.49.42:644][  0]LogTargetPlatformManager: Display: Loaded TargetPlatform 'AllDesktop'
[2020.05.18-16.49.42:691][  0]LogTargetPlatformManager: Display: Loaded TargetPlatform 'Android'
[2020.05.18-16.49.42:691][  0]LogTargetPlatformManager: Display: Loaded TargetPlatform 'Android_ASTC'
[2020.05.18-16.49.42:691][  0]LogTargetPlatformManager: Display: Loaded TargetPlatform 'Android_ATC'
[2020.05.18-16.49.42:691][  0]LogTargetPlatformManager: Display: Loaded TargetPlatform 'Android_DXT'
[2020.05.18-16.49.42:691][  0]LogTargetPlatformManager: Display: Loaded TargetPlatform 'Android_ETC1'
[2020.05.18-16.49.42:691][  0]LogTargetPlatformManager: Display: Loaded TargetPlatform 'Android_ETC1a'
[2020.05.18-16.49.42:691][  0]LogTargetPlatformManager: Display: Loaded TargetPlatform 'Android_ETC2'
[2020.05.18-16.49.42:691][  0]LogTargetPlatformManager: Display: Loaded TargetPlatform 'Android_PVRTC'
[2020.05.18-16.49.42:691][  0]LogTargetPlatformManager: Display: Loaded TargetPlatform 'AndroidClient'
[2020.05.18-16.49.42:691][  0]LogTargetPlatformManager: Display: Loaded TargetPlatform 'Android_ASTCClient'
[2020.05.18-16.49.42:691][  0]LogTargetPlatformManager: Display: Loaded TargetPlatform 'Android_ATCClient'
[2020.05.18-16.49.42:691][  0]LogTargetPlatformManager: Display: Loaded TargetPlatform 'Android_DXTClient'
[2020.05.18-16.49.42:691][  0]LogTargetPlatformManager: Display: Loaded TargetPlatform 'Android_ETC1Client'
[2020.05.18-16.49.42:691][  0]LogTargetPlatformManager: Display: Loaded TargetPlatform 'Android_ETC1aClient'
[2020.05.18-16.49.42:691][  0]LogTargetPlatformManager: Display: Loaded TargetPlatform 'Android_ETC2Client'
[2020.05.18-16.49.42:691][  0]LogTargetPlatformManager: Display: Loaded TargetPlatform 'Android_PVRTCClient'
[2020.05.18-16.49.42:691][  0]LogTargetPlatformManager: Display: Loaded TargetPlatform 'Android_Multi'
[2020.05.18-16.49.42:691][  0]LogTargetPlatformManager: Display: Loaded TargetPlatform 'Android_MultiClient'
[2020.05.18-16.49.42:719][  0]LogTargetPlatformManager: Display: Loaded TargetPlatform 'IOSClient'
[2020.05.18-16.49.42:719][  0]LogTargetPlatformManager: Display: Loaded TargetPlatform 'IOS'
[2020.05.18-16.49.42:730][  0]LogTargetPlatformManager: Display: Loaded TargetPlatform 'LinuxNoEditor'
[2020.05.18-16.49.42:740][  0]LogTargetPlatformManager: Display: Loaded TargetPlatform 'LinuxClient'
[2020.05.18-16.49.42:751][  0]LogTargetPlatformManager: Display: Loaded TargetPlatform 'LinuxServer'
[2020.05.18-16.49.42:761][  0]LogTargetPlatformManager: Display: Loaded TargetPlatform 'LinuxAArch64NoEditor'
[2020.05.18-16.49.42:771][  0]LogTargetPlatformManager: Display: Loaded TargetPlatform 'LinuxAArch64Client'
[2020.05.18-16.49.42:781][  0]LogTargetPlatformManager: Display: Loaded TargetPlatform 'LinuxAArch64Server'
[2020.05.18-16.49.42:813][  0]LogTargetPlatformManager: Display: Loaded TargetPlatform 'Lumin'
[2020.05.18-16.49.42:813][  0]LogTargetPlatformManager: Display: Loaded TargetPlatform 'LuminClient'
[2020.05.18-16.49.42:832][  0]LogTargetPlatformManager: Display: Loaded TargetPlatform 'TVOSClient'
[2020.05.18-16.49.42:832][  0]LogTargetPlatformManager: Display: Loaded TargetPlatform 'TVOS'
[2020.05.18-16.49.42:843][  0]LogTargetPlatformManager: Display: Loaded TargetPlatform 'WindowsNoEditor'
[2020.05.18-16.49.42:854][  0]LogTargetPlatformManager: Display: Loaded TargetPlatform 'Windows'
[2020.05.18-16.49.42:864][  0]LogTargetPlatformManager: Display: Loaded TargetPlatform 'WindowsClient'
[2020.05.18-16.49.42:877][  0]LogTargetPlatformManager: Display: Loaded TargetPlatform 'WindowsServer'
[2020.05.18-16.49.42:877][  0]LogTargetPlatformManager: Display: Building Assets For Windows
[2020.05.18-16.49.42:881][  0]LogAudioDebug: Display: Lib vorbis DLL was dynamically loaded.
[2020.05.18-16.49.42:914][  0]LogShaderCompilers: Guid format shader working directory is -10 characters bigger than the processId version (../../../../../Desarrollo Games/GITHUB/Social_01/social/Intermediate/Shaders/WorkingDirectory/9628/).
[2020.05.18-16.49.42:914][  0]LogShaderCompilers: Cleaned the shader compiler working directory 'C:/Users/C137/AppData/Local/Temp/UnrealShaderWorkingDir/810DEB6B47F58F469B1865B2F26A7632/'.
[2020.05.18-16.49.42:915][  0]LogXGEController: Cleaning working directory: C:/Users/C137/AppData/Local/Temp/UnrealXGEWorkingDir/
[2020.05.18-16.49.42:915][  0]LogXGEController: Cannot use XGE Controller as Incredibuild is not installed on this machine.
[2020.05.18-16.49.42:915][  0]LogShaderCompilers: Cannot use XGE Shader Compiler as Incredibuild is not installed on this machine.
[2020.05.18-16.49.42:915][  0]LogShaderCompilers: Display: Using Local Shader Compiler.
[2020.05.18-16.49.44:122][  0]LogDerivedDataCache: Display: Max Cache Size: 512 MB
[2020.05.18-16.49.44:275][  0]LogDerivedDataCache: Loaded boot cache 0.15s 95MB C:/Users/C137/AppData/Local/UnrealEngine/4.24/DerivedDataCache/Boot.ddc.
[2020.05.18-16.49.44:275][  0]LogDerivedDataCache: Display: Loaded Boot cache: C:/Users/C137/AppData/Local/UnrealEngine/4.24/DerivedDataCache/Boot.ddc
[2020.05.18-16.49.44:275][  0]LogDerivedDataCache: FDerivedDataBackendGraph:  Pak pak cache file ../../../../../Desarrollo Games/GITHUB/Social_01/social/DerivedDataCache/DDC.ddp not found, will not use a pak cache.
[2020.05.18-16.49.44:275][  0]LogDerivedDataCache: Unable to find inner node Pak for hierarchical cache Hierarchy.
[2020.05.18-16.49.44:275][  0]LogDerivedDataCache: FDerivedDataBackendGraph:  CompressedPak pak cache file ../../../../../Desarrollo Games/GITHUB/Social_01/social/DerivedDataCache/Compressed.ddp not found, will not use a pak cache.
[2020.05.18-16.49.44:275][  0]LogDerivedDataCache: Unable to find inner node CompressedPak for hierarchical cache Hierarchy.
[2020.05.18-16.49.44:287][  0]LogDerivedDataCache: Display: Pak cache opened for reading ../../../Engine/DerivedDataCache/Compressed.ddp.
[2020.05.18-16.49.44:287][  0]LogDerivedDataCache: FDerivedDataBackendGraph:  EnterprisePak pak cache file ../../../Enterprise/DerivedDataCache/Compressed.ddp not found, will not use a pak cache.
[2020.05.18-16.49.44:287][  0]LogDerivedDataCache: Unable to find inner node EnterprisePak for hierarchical cache Hierarchy.
[2020.05.18-16.49.44:289][  0]LogDerivedDataCache: Using Local data cache path C:/Users/C137/AppData/Local/UnrealEngine/Common/DerivedDataCache: Writable
[2020.05.18-16.49.44:289][  0]LogDerivedDataCache: Shared data cache path not found in *engine.ini, will not use an Shared cache.
[2020.05.18-16.49.44:290][  0]LogDerivedDataCache: Unable to find inner node Shared for hierarchical cache Hierarchy.
[2020.05.18-16.49.44:334][  0]LogMaterial: Verifying Global Shaders for PCD3D_SM5
[2020.05.18-16.49.44:339][  0]LogSlate: Using FreeType 2.10.0
[2020.05.18-16.49.44:339][  0]LogSlate: SlateFontServices - WITH_FREETYPE: 1, WITH_HARFBUZZ: 1
[2020.05.18-16.49.44:410][  0]LogAssetRegistry: FAssetRegistry took 0.0031 seconds to start up
[2020.05.18-16.49.44:916][  0]LogInit: Selected Device Profile: [Windows]
[2020.05.18-16.49.45:133][  0]LogMeshReduction: Using QuadricMeshReduction for automatic static mesh reduction
[2020.05.18-16.49.45:133][  0]LogMeshReduction: Using SimplygonMeshReduction for automatic skeletal mesh reduction
[2020.05.18-16.49.45:133][  0]LogMeshReduction: Using ProxyLODMeshReduction for automatic mesh merging
[2020.05.18-16.49.45:133][  0]LogMeshReduction: No distributed automatic mesh merging module available
[2020.05.18-16.49.45:133][  0]LogMeshMerging: No distributed automatic mesh merging module available
[2020.05.18-16.49.45:154][  0]LogNetVersion: Social01 1.0.0, NetCL: 10570792, EngineNetVer: 13, GameNetVer: 0 (Checksum: 2520743753)
[2020.05.18-16.49.46:907][  0]LogPackageLocalizationCache: Processed 17 localized package path(s) for 1 prioritized culture(s) in 0.153404 seconds
[2020.05.18-16.49.46:921][  0]LogUObjectArray: 46750 objects as part of root set at end of initial load.
[2020.05.18-16.49.46:921][  0]LogUObjectAllocator: 8137160 out of 0 bytes used by permanent object pool.
[2020.05.18-16.49.46:921][  0]LogUObjectArray: CloseDisregardForGC: 0/0 objects in disregard for GC pool
[2020.05.18-16.49.47:572][  0]LogPython: Using Python 2.7.14
[2020.05.18-16.49.49:558][  0]LogTcpMessaging: Initializing TcpMessaging bridge
[2020.05.18-16.49.49:562][  0]LogUdpMessaging: Initializing bridge on interface 0.0.0.0:0 to multicast group 230.0.0.1:6666.
[2020.05.18-16.49.49:668][  0]SourceControl: Source control is disabled
[2020.05.18-16.49.49:668][  0]SourceControl: Source control is disabled
[2020.05.18-16.49.49:669][  0]SourceControl: Source control is disabled
[2020.05.18-16.49.49:670][  0]SourceControl: Source control is disabled
[2020.05.18-16.49.49:671][  0]SourceControl: Source control is disabled
[2020.05.18-16.49.53:454][  0]LogAndroidPermission: UAndroidPermissionCallbackProxy::GetInstance
[2020.05.18-16.49.53:485][  0]LogAudioCaptureCore: Display: No Audio Capture implementations found. Audio input will be silent.
[2020.05.18-16.49.53:486][  0]LogAudioCaptureCore: Display: No Audio Capture implementations found. Audio input will be silent.
[2020.05.18-16.49.53:607][  0]LogOcInput: OculusInput pre-init called
[2020.05.18-16.49.53:617][  0]LogWindows: Failed to load 'OVRPlugin.dll' (GetLastError=126)
[2020.05.18-16.49.53:617][  0]LogWindows: File 'OVRPlugin.dll' does not exist
[2020.05.18-16.49.55:212][  0]LogEngine: Initializing Engine...
[2020.05.18-16.49.55:214][  0]LogHMD: Failed to initialize OpenVR with code 110
[2020.05.18-16.49.55:278][  0]LogStats: UGameplayTagsManager::InitializeManager -  0.063 s
[2020.05.18-16.49.57:055][  0]LogLinker: While loading '../../../../../Desarrollo Games/GITHUB/Social_01/social/Content/PNCTookit/Blueprints/Interface/BPI_ObjectInteractions.uasset' failed to load '/Game/PNCAdventureTookit/Dialogue/TestDialogWave': Can't find file.
[2020.05.18-16.49.57:055][  0]LogLinker: While loading '../../../../../Desarrollo Games/GITHUB/Social_01/social/Content/PNCTookit/Blueprints/Interface/BPI_ObjectInteractions.uasset' failed to load '/Game/PNCAdventureTookit/Dialogue/TestDialogWave': Can't find file.
[2020.05.18-16.49.57:070][  0]LogLinker: While loading '../../../../../Desarrollo Games/GITHUB/Social_01/social/Content/PNCTookit/Blueprints/Interface/BPI_ObjectInteractions.uasset' failed to load '/Game/PNCAdventureTookit/Dialogue/DefaultCharacterVoice': Can't find file.
[2020.05.18-16.49.57:070][  0]LogLinker: While loading '../../../../../Desarrollo Games/GITHUB/Social_01/social/Content/PNCTookit/Blueprints/Interface/BPI_ObjectInteractions.uasset' failed to load '/Game/PNCAdventureTookit/Dialogue/DefaultCharacterVoice': Can't find file.
[2020.05.18-16.50.03:458][  0]LogInit: Initializing FReadOnlyCVARCache
[2020.05.18-16.50.03:485][  0]LogAIModule: Creating AISystem for world Untitled
[2020.05.18-16.50.03:490][  0]LogAudioMixer: Display: Audio Mixer Platform Settings:
[2020.05.18-16.50.03:490][  0]LogAudioMixer: Display: 	Sample Rate:						  44100
[2020.05.18-16.50.03:490][  0]LogAudioMixer: Display: 	Callback Buffer Frame Size Requested: 1024
[2020.05.18-16.50.03:490][  0]LogAudioMixer: Display: 	Callback Buffer Frame Size To Use:	  1024
[2020.05.18-16.50.03:490][  0]LogAudioMixer: Display: 	Number of buffers to queue:			  2
[2020.05.18-16.50.03:490][  0]LogAudioMixer: Display: 	Max Channels (voices):				  32
[2020.05.18-16.50.03:490][  0]LogAudioMixer: Display: 	Number of Async Source Workers:		  0
[2020.05.18-16.50.03:490][  0]LogAudio: Display: AudioDevice MaxSources: 32
[2020.05.18-16.50.03:491][  0]LogAudio: Display: Using built-in audio occlusion.
[2020.05.18-16.50.03:491][  0]LogAudioMixer: Display: Initializing audio mixer.
[2020.05.18-16.50.03:571][  0]LogAudioMixer: Display: Audio Device Output Speaker Info:
[2020.05.18-16.50.03:571][  0]LogAudioMixer: Display: Name: Altavoces (2- Dispositivo de High Definition Audio)
[2020.05.18-16.50.03:571][  0]LogAudioMixer: Display: Is Default: Yes
[2020.05.18-16.50.03:571][  0]LogAudioMixer: Display: Sample Rate: 48000
[2020.05.18-16.50.03:571][  0]LogAudioMixer: Display: Channel Count Used: 2
[2020.05.18-16.50.03:571][  0]LogAudioMixer: Display: Device Channel Count: 2
[2020.05.18-16.50.03:571][  0]LogAudioMixer: Display: Channel Order:
[2020.05.18-16.50.03:571][  0]LogAudioMixer: Display: 0: FrontLeft
[2020.05.18-16.50.03:571][  0]LogAudioMixer: Display: 1: FrontRight
[2020.05.18-16.50.03:606][  0]LogAudioMixer: Display: Using Audio Device Altavoces (2- Dispositivo de High Definition Audio)
[2020.05.18-16.50.03:611][  0]LogInit: FAudioDevice initialized.
[2020.05.18-16.50.03:611][  0]LogNetVersion: Set ProjectVersion to 1.1.0.0. Version Checksum will be recalculated on next use.
[2020.05.18-16.50.03:807][  0]LogDerivedDataCache: Saved boot cache 0.20s 111MB C:/Users/C137/AppData/Local/UnrealEngine/4.24/DerivedDataCache/Boot.ddc.
[2020.05.18-16.50.03:819][  0]LogInit: Texture streaming: Enabled
[2020.05.18-16.50.03:870][  0]LogEngineSessionManager: EngineSessionManager initialized
[2020.05.18-16.50.03:870][  0]LogEditorSessionSummary: Verbose: Initializing EditorSessionSummaryWriter for editor session tracking
[2020.05.18-16.50.03:873][  0]LogEditorSessionSummary: EditorSessionSummaryWriter initialized
[2020.05.18-16.50.04:093][  0]LogInit: Transaction tracking system initialized
[2020.05.18-16.50.04:132][  0]BlueprintLog: New page: Editor Load
[2020.05.18-16.50.04:302][  0]LocalizationService: Localization service is disabled
[2020.05.18-16.50.04:758][  0]LogCook: Display: Max memory allowance for cook 16384mb min free memory 0mb
[2020.05.18-16.50.04:759][  0]LogCook: Display: Mobile HDR setting 1
[2020.05.18-16.50.05:515][  0]LogFileCache: Scanning file cache for directory 'D:/Desarrollo Games/GITHUB/Social_01/social/Content/' took 0.04s
[2020.05.18-16.50.06:445][  0]SourceControl: Source control is disabled
[2020.05.18-16.50.06:445][  0]Cmd: MAP LOAD FILE="../../../../../Desarrollo Games/GITHUB/Social_01/social/Content/PNCTookit/PNCGame/Scenes/Overview/OverviewMap.umap" TEMPLATE=0 SHOWPROGRESS=1 FEATURELEVEL=3
[2020.05.18-16.50.06:477][  0]LightingResults: New page: Lighting Build
[2020.05.18-16.50.06:488][  0]LogWorld: UWorld::CleanupWorld for Untitled, bSessionEnded=true, bCleanupResources=true
[2020.05.18-16.50.06:488][  0]LogSlate: InvalidateAllWidgets triggered.  All widgets were invalidated
[2020.05.18-16.50.06:488][  0]MapCheck: New page: Map Check
[2020.05.18-16.50.06:488][  0]LightingResults: New page: Lighting Build
[2020.05.18-16.50.06:776][  0]LogUObjectHash: Compacting FUObjectHashTables data took   8.41ms
[2020.05.18-16.50.12:946][  0]LogAIModule: Creating AISystem for world OverviewMap
[2020.05.18-16.50.15:104][  0]LogEditorServer: Finished looking for orphan Actors (0.000 secs)
[2020.05.18-16.50.15:329][  0]LogUObjectHash: Compacting FUObjectHashTables data took   7.60ms
[2020.05.18-16.50.15:331][  0]Cmd: MAP CHECKDEP NOCLEARLOG
[2020.05.18-16.50.15:332][  0]MapCheck: Map check complete: 0 Error(s), 0 Warning(s), took 0.387ms to complete.
[2020.05.18-16.50.15:332][  0]LogFileHelpers: Loading map 'OverviewMap' took 8.887
[2020.05.18-16.50.15:706][  0]LogSlate: Updating window title bar state: overlay mode, drag disabled, window buttons hidden, title bar hidden
[2020.05.18-16.50.15:717][  0]LogSlate: Updating window title bar state: overlay mode, drag disabled, window buttons hidden, title bar hidden
[2020.05.18-16.50.15:729][  0]LogSlate: Updating window title bar state: overlay mode, drag disabled, window buttons hidden, title bar hidden
[2020.05.18-16.50.15:741][  0]LogSlate: Updating window title bar state: overlay mode, drag disabled, window buttons hidden, title bar hidden
[2020.05.18-16.50.15:751][  0]LogCollectionManager: Loaded 0 collections in 0.004273 seconds
[2020.05.18-16.50.15:779][  0]LogFileCache: Scanning file cache for directory 'D:/Desarrollo Games/GITHUB/Social_01/social/Saved/Collections/' took 0.00s
[2020.05.18-16.50.15:779][  0]LogFileCache: Scanning file cache for directory 'D:/Desarrollo Games/GITHUB/Social_01/social/Content/Developers/C137/Collections/' took 0.00s
[2020.05.18-16.50.15:779][  0]LogFileCache: Scanning file cache for directory 'D:/Desarrollo Games/GITHUB/Social_01/social/Content/Collections/' took 0.00s
[2020.05.18-16.50.15:779][  0]LogContentBrowser: Native class hierarchy populated in 0.0157 seconds. Added 3216 classes and 787 folders.
[2020.05.18-16.50.15:817][  0]LogContentBrowser: Native class hierarchy updated for 'WidgetCarousel' in 0.0003 seconds. Added 0 classes and 0 folders.
[2020.05.18-16.50.15:890][  0]LogContentBrowser: Native class hierarchy updated for 'AddContentDialog' in 0.0004 seconds. Added 0 classes and 0 folders.
[2020.05.18-16.50.15:894][  0]LogContentBrowser: Native class hierarchy updated for 'SceneOutliner' in 0.0003 seconds. Added 2 classes and 0 folders.
[2020.05.18-16.50.16:305][  0]LogSlate: Took 0.000365 seconds to synchronously load lazily loaded font '../../../Engine/Content/Slate/Fonts/Roboto-Regular.ttf' (155K)
[2020.05.18-16.50.16:307][  0]LogSlate: Took 0.000187 seconds to synchronously load lazily loaded font '../../../Engine/Content/Slate/Fonts/Roboto-Bold.ttf' (160K)
[2020.05.18-16.50.16:315][  0]LogSlate: Took 0.000234 seconds to synchronously load lazily loaded font '../../../Engine/Content/Editor/Slate/Fonts/FontAwesome.ttf' (139K)
[2020.05.18-16.50.16:577][  0]LogRenderer: Reallocating scene render targets to support 692x300 Format 10 NumSamples 1 (Frame:1).
[2020.05.18-16.50.16:858][  0]LogContentBrowser: Native class hierarchy updated for 'HierarchicalLODOutliner' in 0.0005 seconds. Added 0 classes and 0 folders.
[2020.05.18-16.50.16:859][  0]LogLoad: (Engine Initialization) Total time: 37.89 seconds
[2020.05.18-16.50.16:859][  0]LogLoad: (Engine Initialization) Total Blueprint compile time: 0.00 seconds
[2020.05.18-16.50.17:049][  0]LogContentStreaming: Texture pool size now 1000 MB
[2020.05.18-16.50.18:530][ 19]LogAssetRegistry: Asset discovery search completed in 34.1220 seconds
[2020.05.18-16.50.18:536][ 19]LogCollectionManager: Fixed up redirectors for 0 collections in 0.000011 seconds (updated 0 objects)
[2020.05.18-16.50.21:136][290]LogSlate: Took 0.000244 seconds to synchronously load lazily loaded font '../../../Engine/Content/Slate/Fonts/Roboto-Light.ttf' (167K)
[2020.05.18-16.50.33:034][536]LogUObjectHash: Compacting FUObjectHashTables data took   1.75ms
[2020.05.18-16.50.33:132][536]LogSlate: Window 'Social01 - Unreal Editor' being destroyed
[2020.05.18-16.50.33:132][536]LogWindowsTextInputMethodSystem: Display: IME system now deactivated.
[2020.05.18-16.50.33:277][537]Cmd: QUIT_EDITOR
[2020.05.18-16.50.33:277][537]LogCore: Engine exit requested (reason: UUnrealEdEngine::CloseEditor())
[2020.05.18-16.50.33:306][537]LogCore: Engine exit requested (reason: EngineExit() was called; note: exit was already requested)
[2020.05.18-16.50.33:307][537]LogAudioMixer: Display: No commands were queued while flushing the source manager.
[2020.05.18-16.50.33:368][537]LogExit: Preparing to exit.
[2020.05.18-16.50.33:728][537]LogUObjectHash: Compacting FUObjectHashTables data took   6.11ms
[2020.05.18-16.50.34:010][537]LogDemo: Cleaned up 0 splitscreen connections with owner deletion
[2020.05.18-16.50.34:028][537]LogExit: Transaction tracking system shut down
[2020.05.18-16.50.34:122][537]LogExit: Editor shut down
[2020.05.18-16.50.34:611][537]LogExit: Object subsystem successfully closed.
[2020.05.18-16.50.34:638][537]LogShaderCompilers: Display: Shaders left to compile 0
[2020.05.18-16.50.34:707][537]LogModuleManager: Shutting down and abandoning module HierarchicalLODOutliner (740)
[2020.05.18-16.50.34:708][537]LogModuleManager: Shutting down and abandoning module SceneOutliner (738)
[2020.05.18-16.50.34:708][537]LogModuleManager: Shutting down and abandoning module AddContentDialog (736)
[2020.05.18-16.50.34:709][537]LogModuleManager: Shutting down and abandoning module WidgetCarousel (735)
[2020.05.18-16.50.34:709][537]LogModuleManager: Shutting down and abandoning module EditorWidgets (732)
[2020.05.18-16.50.34:710][537]LogModuleManager: Shutting down and abandoning module CollectionManager (730)
[2020.05.18-16.50.34:710][537]LogModuleManager: Shutting down and abandoning module StatsViewer (728)
[2020.05.18-16.50.34:711][537]LogModuleManager: Shutting down and abandoning module VirtualTexturingEditor (726)
[2020.05.18-16.50.34:711][537]LogModuleManager: Shutting down and abandoning module FoliageEdit (724)
[2020.05.18-16.50.34:711][537]LogModuleManager: Shutting down and abandoning module LandscapeEditor (722)
[2020.05.18-16.50.34:711][537]LogModuleManager: Shutting down and abandoning module MeshPaintMode (720)
[2020.05.18-16.50.34:711][537]LogModuleManager: Shutting down and abandoning module SceneDepthPickerMode (718)
[2020.05.18-16.50.34:711][537]LogModuleManager: Shutting down and abandoning module ActorPickerMode (716)
[2020.05.18-16.50.34:711][537]LogModuleManager: Shutting down and abandoning module GeometryMode (714)
[2020.05.18-16.50.34:711][537]LogModuleManager: Shutting down and abandoning module TextureAlignMode (712)
[2020.05.18-16.50.34:711][537]LogModuleManager: Shutting down and abandoning module BspMode (710)
[2020.05.18-16.50.34:711][537]LogModuleManager: Shutting down and abandoning module PIEPreviewDeviceProfileSelector (708)
[2020.05.18-16.50.34:711][537]LogModuleManager: Shutting down and abandoning module SequenceRecorderSections (706)
[2020.05.18-16.50.34:711][537]LogModuleManager: Shutting down and abandoning module AutomationWorker (704)
[2020.05.18-16.50.34:712][537]LogModuleManager: Shutting down and abandoning module SteamVREditor (702)
[2020.05.18-16.50.34:712][537]LogModuleManager: Shutting down and abandoning module OculusMR (700)
[2020.05.18-16.50.34:712][537]LogModuleManager: Shutting down and abandoning module AudioCaptureEditor (698)
[2020.05.18-16.50.34:712][537]LogModuleManager: Shutting down and abandoning module MatineeToLevelSequence (696)
[2020.05.18-16.50.34:712][537]LogModuleManager: Shutting down and abandoning module LevelSequenceEditor (694)
[2020.05.18-16.50.34:712][537]LogModuleManager: Shutting down and abandoning module PlacementMode (693)
[2020.05.18-16.50.34:712][537]LogModuleManager: Shutting down and abandoning module MaterialEditor (692)
[2020.05.18-16.50.34:712][537]LogModuleManager: Shutting down and abandoning module ActorSequenceEditor (688)
[2020.05.18-16.50.34:712][537]LogModuleManager: Shutting down and abandoning module WmfMediaFactory (686)
[2020.05.18-16.50.34:712][537]LogModuleManager: Shutting down and abandoning module WmfMediaEditor (684)
[2020.05.18-16.50.34:712][537]LogModuleManager: Shutting down and abandoning module WebMMediaFactory (682)
[2020.05.18-16.50.34:713][537]LogModuleManager: Shutting down and abandoning module WebMMediaEditor (680)
[2020.05.18-16.50.34:713][537]LogModuleManager: Shutting down and abandoning module WebMMedia (678)
[2020.05.18-16.50.34:713][537]LogModuleManager: Shutting down and abandoning module MediaPlayerEditor (676)
[2020.05.18-16.50.34:713][537]LogModuleManager: Shutting down and abandoning module MediaCompositingEditor (674)
[2020.05.18-16.50.34:713][537]LogModuleManager: Shutting down and abandoning module SequenceRecorder (673)
[2020.05.18-16.50.34:713][537]LogModuleManager: Shutting down and abandoning module OpenExrWrapper (670)
[2020.05.18-16.50.34:713][537]LogModuleManager: Shutting down and abandoning module ImgMediaFactory (668)
[2020.05.18-16.50.34:713][537]LogModuleManager: Shutting down and abandoning module ImgMediaEditor (666)
[2020.05.18-16.50.34:713][537]LogModuleManager: Shutting down and abandoning module AvfMediaFactory (664)
[2020.05.18-16.50.34:713][537]LogModuleManager: Shutting down and abandoning module AvfMediaEditor (662)
[2020.05.18-16.50.34:713][537]LogModuleManager: Shutting down and abandoning module AndroidMediaFactory (660)
[2020.05.18-16.50.34:713][537]LogModuleManager: Shutting down and abandoning module AndroidMediaEditor (658)
[2020.05.18-16.50.34:713][537]LogModuleManager: Shutting down and abandoning module MagicLeapMediaCodecFactory (656)
[2020.05.18-16.50.34:714][537]LogModuleManager: Shutting down and abandoning module MagicLeapMediaFactory (654)
[2020.05.18-16.50.34:714][537]LogModuleManager: Shutting down and abandoning module MagicLeapMediaEditor (652)
[2020.05.18-16.50.34:714][537]LogModuleManager: Shutting down and abandoning module CharacterAI (650)
[2020.05.18-16.50.34:714][537]LogModuleManager: Shutting down and abandoning module SmartSnapping (648)
[2020.05.18-16.50.34:714][537]LogModuleManager: Shutting down and abandoning module SessionServices (646)
[2020.05.18-16.50.34:714][537]LogModuleManager: Shutting down and abandoning module MeshPaint (644)
[2020.05.18-16.50.34:714][537]LogModuleManager: Shutting down and abandoning module ViewportSnapping (642)
[2020.05.18-16.50.34:714][537]LogModuleManager: Shutting down and abandoning module ViewportInteraction (640)
[2020.05.18-16.50.34:714][537]LogModuleManager: Shutting down and abandoning module ClothPainter (638)
[2020.05.18-16.50.34:714][537]LogModuleManager: Shutting down and abandoning module SkeletalMeshEditor (637)
[2020.05.18-16.50.34:714][537]LogModuleManager: Shutting down and abandoning module LogVisualizer (634)
[2020.05.18-16.50.34:714][537]LogModuleManager: Shutting down and abandoning module IntroTutorials (632)
[2020.05.18-16.50.34:715][537]LogModuleManager: Shutting down and abandoning module GameProjectGeneration (631)
[2020.05.18-16.50.34:715][537]LogModuleManager: Shutting down and abandoning module LuminPlatformEditor (628)
[2020.05.18-16.50.34:715][537]LogModuleManager: Shutting down and abandoning module IOSPlatformEditor (626)
[2020.05.18-16.50.34:715][537]LogModuleManager: Shutting down and abandoning module AndroidPlatformEditor (624)
[2020.05.18-16.50.34:715][537]LogModuleManager: Shutting down and abandoning module AndroidDeviceDetection (623)
[2020.05.18-16.50.36:416][537]LogModuleManager: Shutting down and abandoning module WindowsPlatformEditor (620)
[2020.05.18-16.50.36:416][537]LogModuleManager: Shutting down and abandoning module LuminRuntimeSettings (618)
[2020.05.18-16.50.36:416][537]LogModuleManager: Shutting down and abandoning module IOSRuntimeSettings (616)
[2020.05.18-16.50.36:416][537]LogModuleManager: Shutting down and abandoning module AndroidRuntimeSettings (614)
[2020.05.18-16.50.36:416][537]LogModuleManager: Shutting down and abandoning module EditorInteractiveToolsFramework (612)
[2020.05.18-16.50.36:416][537]LogModuleManager: Shutting down and abandoning module TimeManagementEditor (610)
[2020.05.18-16.50.36:416][537]LogModuleManager: Shutting down and abandoning module InputBindingEditor (608)
[2020.05.18-16.50.36:417][537]LogModuleManager: Shutting down and abandoning module MergeActors (606)
[2020.05.18-16.50.36:417][537]LogModuleManager: Shutting down and abandoning module LocalizationDashboard (604)
[2020.05.18-16.50.36:417][537]LogModuleManager: Shutting down and abandoning module LocalizationService (603)
[2020.05.18-16.50.36:417][537]LogModuleManager: Shutting down and abandoning module HardwareTargeting (600)
[2020.05.18-16.50.36:417][537]LogModuleManager: Shutting down and abandoning module DeviceProfileEditor (598)
[2020.05.18-16.50.36:417][537]LogModuleManager: Shutting down and abandoning module UndoHistory (596)
[2020.05.18-16.50.36:417][537]LogModuleManager: Shutting down and abandoning module XmlParser (594)
[2020.05.18-16.50.36:417][537]LogModuleManager: Shutting down and abandoning module Blutility (592)
[2020.05.18-16.50.36:417][537]LogModuleManager: Shutting down and abandoning module ProjectSettingsViewer (590)
[2020.05.18-16.50.36:417][537]LogModuleManager: Shutting down and abandoning module ProjectTargetPlatformEditor (589)
[2020.05.18-16.50.36:418][537]LogModuleManager: Shutting down and abandoning module EditorSettingsViewer (586)
[2020.05.18-16.50.36:418][537]LogModuleManager: Shutting down and abandoning module SettingsEditor (584)
[2020.05.18-16.50.36:418][537]LogModuleManager: Shutting down and abandoning module ProjectLauncher (582)
[2020.05.18-16.50.36:418][537]LogModuleManager: Shutting down and abandoning module SessionFrontend (580)
[2020.05.18-16.50.36:418][537]LogModuleManager: Shutting down and abandoning module ProfilerClient (578)
[2020.05.18-16.50.36:418][537]LogModuleManager: Shutting down and abandoning module DeviceManager (576)
[2020.05.18-16.50.36:418][537]LogModuleManager: Shutting down and abandoning module TargetDeviceServices (575)
[2020.05.18-16.50.36:451][537]LogModuleManager: Shutting down and abandoning module AutomationController (572)
[2020.05.18-16.50.36:451][537]LogModuleManager: Shutting down and abandoning module AutomationWindow (570)
[2020.05.18-16.50.36:451][537]LogModuleManager: Shutting down and abandoning module Layers (568)
[2020.05.18-16.50.36:451][537]LogModuleManager: Shutting down and abandoning module ComponentVisualizers (566)
[2020.05.18-16.50.36:451][537]LogModuleManager: Shutting down and abandoning module DetailCustomizations (564)
[2020.05.18-16.50.36:451][537]LogModuleManager: Shutting down and abandoning module PackagesDialog (562)
[2020.05.18-16.50.36:451][537]LogModuleManager: Shutting down and abandoning module AnimationBlueprintEditor (560)
[2020.05.18-16.50.36:451][537]LogModuleManager: Shutting down and abandoning module Persona (558)
[2020.05.18-16.50.36:451][537]LogModuleManager: Shutting down and abandoning module AnimGraph (557)
[2020.05.18-16.50.36:451][537]LogModuleManager: Shutting down and abandoning module Kismet (554)
[2020.05.18-16.50.36:457][537]LogModuleManager: Shutting down and abandoning module KismetWidgets (553)
[2020.05.18-16.50.36:457][537]LogModuleManager: Shutting down and abandoning module GraphEditor (550)
[2020.05.18-16.50.36:457][537]LogModuleManager: Shutting down and abandoning module StructViewer (548)
[2020.05.18-16.50.36:457][537]LogModuleManager: Shutting down and abandoning module ClassViewer (546)
[2020.05.18-16.50.36:457][537]LogModuleManager: Shutting down and abandoning module Toolbox (544)
[2020.05.18-16.50.36:457][537]LogModuleManager: Shutting down and abandoning module ModuleUI (542)
[2020.05.18-16.50.36:457][537]LogModuleManager: Shutting down and abandoning module OutputLog (540)
[2020.05.18-16.50.36:457][537]LogModuleManager: Shutting down and abandoning module GammaUI (538)
[2020.05.18-16.50.36:457][537]LogModuleManager: Shutting down and abandoning module Documentation (536)
[2020.05.18-16.50.36:457][537]LogModuleManager: Shutting down and abandoning module LiveCoding (534)
[2020.05.18-16.50.36:457][537]LogModuleManager: Shutting down and abandoning module LevelSequence (532)
[2020.05.18-16.50.36:457][537]LogModuleManager: Shutting down and abandoning module MovieSceneTracks (530)
[2020.05.18-16.50.36:457][537]LogModuleManager: Shutting down and abandoning module MovieScene (528)
[2020.05.18-16.50.36:457][537]LogModuleManager: Shutting down and abandoning module StreamingPauseRendering (526)
[2020.05.18-16.50.36:458][537]LogModuleManager: Shutting down and abandoning module LauncherPlatform (524)
[2020.05.18-16.50.36:458][537]LogModuleManager: Shutting down and abandoning module AnalyticsET (522)
[2020.05.18-16.50.36:458][537]LogModuleManager: Shutting down and abandoning module PortalServices (520)
[2020.05.18-16.50.36:458][537]LogModuleManager: Shutting down and abandoning module PortalRpc (518)
[2020.05.18-16.50.36:458][537]LogModuleManager: Shutting down and abandoning module MessagingRpc (516)
[2020.05.18-16.50.36:458][537]LogModuleManager: Shutting down and abandoning module AudioMixerXAudio2 (514)
[2020.05.18-16.50.36:458][537]LogModuleManager: Shutting down and abandoning module AIModule (512)
[2020.05.18-16.50.36:458][537]LogModuleManager: Shutting down and abandoning module GameplayDebugger (511)
[2020.05.18-16.50.36:458][537]LogModuleManager: Shutting down and abandoning module AITestSuite (509)
[2020.05.18-16.50.36:458][537]LogModuleManager: Shutting down and abandoning module NavigationSystem (507)
[2020.05.18-16.50.36:458][537]LogModuleManager: Shutting down and abandoning module ImageWriteQueue (504)
[2020.05.18-16.50.36:463][537]LogModuleManager: Shutting down and abandoning module ProfilerService (502)
[2020.05.18-16.50.36:710][537]LogModuleManager: Shutting down and abandoning module TaskGraph (500)
[2020.05.18-16.50.36:710][537]LogModuleManager: Shutting down and abandoning module MegascansPlugin (498)
[2020.05.18-16.50.36:710][537]LogModuleManager: Shutting down and abandoning module ScreenshotTools (496)
[2020.05.18-16.50.36:710][537]LogModuleManager: Shutting down and abandoning module ProceduralMeshComponentEditor (494)
[2020.05.18-16.50.36:710][537]LogModuleManager: Shutting down and abandoning module ProceduralMeshComponent (492)
[2020.05.18-16.50.36:710][537]LogModuleManager: Shutting down and abandoning module OculusEditor (490)
[2020.05.18-16.50.36:710][537]LogModuleManager: Shutting down and abandoning module OculusInput (488)
[2020.05.18-16.50.36:710][537]LogModuleManager: Shutting down and abandoning module MobilePatchingUtils (486)
[2020.05.18-16.50.36:710][537]LogModuleManager: Shutting down and abandoning module EditableMesh (484)
[2020.05.18-16.50.36:710][537]LogModuleManager: Shutting down and abandoning module CustomMeshComponent (482)
[2020.05.18-16.50.36:710][537]LogModuleManager: Shutting down and abandoning module CableComponent (480)
[2020.05.18-16.50.36:710][537]LogModuleManager: Shutting down and abandoning module AudioCapture (478)
[2020.05.18-16.50.36:710][537]LogModuleManager: Shutting down and abandoning module AudioCaptureRtAudio (477)
[2020.05.18-16.50.36:710][537]LogModuleManager: Shutting down and abandoning module AssetTags (474)
[2020.05.18-16.50.36:710][537]LogModuleManager: Shutting down and abandoning module ArchVisCharacter (472)
[2020.05.18-16.50.36:710][537]LogModuleManager: Shutting down and abandoning module AppleImageUtilsBlueprintSupport (470)
[2020.05.18-16.50.36:710][537]LogModuleManager: Shutting down and abandoning module AppleImageUtils (468)
[2020.05.18-16.50.36:710][537]LogModuleManager: Shutting down and abandoning module AndroidPermission (466)
[2020.05.18-16.50.36:710][537]LogModuleManager: Shutting down and abandoning module NUTUnrealEngine4 (464)
[2020.05.18-16.50.36:711][537]LogModuleManager: Shutting down and abandoning module NetcodeUnitTest (462)
[2020.05.18-16.50.36:711][537]LogModuleManager: Shutting down and abandoning module MediaCompositing (460)
[2020.05.18-16.50.36:711][537]LogModuleManager: Shutting down and abandoning module ImgMedia (458)
[2020.05.18-16.50.36:711][537]LogModuleManager: Shutting down and abandoning module MagicLeapHelperVulkan (456)
[2020.05.18-16.50.36:711][537]LogModuleManager: Shutting down and abandoning module MagicLeapHelperOpenGL (454)
[2020.05.18-16.50.36:711][537]LogModuleManager: Shutting down and abandoning module MagicLeapAudio (452)
[2020.05.18-16.50.36:711][537]LogModuleManager: Shutting down and abandoning module GeometryCollectionTracks (450)
[2020.05.18-16.50.36:711][537]LogModuleManager: Shutting down and abandoning module GeometryCollectionSequencer (449)
[2020.05.18-16.50.36:711][537]LogModuleManager: Shutting down and abandoning module GeometryCollectionEditor (446)
[2020.05.18-16.50.36:711][537]LogModuleManager: Shutting down and abandoning module GeometryCollectionExampleCore (444)
[2020.05.18-16.50.36:711][537]LogModuleManager: Shutting down and abandoning module GeometryCacheTracks (442)
[2020.05.18-16.50.36:711][537]LogModuleManager: Shutting down and abandoning module GeometryCacheSequencer (440)
[2020.05.18-16.50.36:711][537]LogModuleManager: Shutting down and abandoning module DataprepLibraries (438)
[2020.05.18-16.50.36:711][537]LogModuleManager: Shutting down and abandoning module DataprepCore (436)
[2020.05.18-16.50.36:711][537]LogModuleManager: Shutting down and abandoning module DataprepEditor (434)
[2020.05.18-16.50.36:732][537]LogModuleManager: Shutting down and abandoning module ChaosSolverEditor (432)
[2020.05.18-16.50.36:732][537]LogModuleManager: Shutting down and abandoning module BlastCore (430)
[2020.05.18-16.50.36:732][537]LogModuleManager: Shutting down and abandoning module BlastAuthoring (428)
[2020.05.18-16.50.36:732][537]LogModuleManager: Shutting down and abandoning module BackChannel (426)
[2020.05.18-16.50.36:732][537]LogModuleManager: Shutting down and abandoning module AutomationUtilsEditor (424)
[2020.05.18-16.50.36:733][537]LogModuleManager: Shutting down and abandoning module AutomationUtils (422)
[2020.05.18-16.50.36:733][537]LogModuleManager: Shutting down and abandoning module AlembicImporter (420)
[2020.05.18-16.50.36:733][537]LogModuleManager: Shutting down and abandoning module AlembicLibrary (419)
[2020.05.18-16.50.36:733][537]LogModuleManager: Shutting down and abandoning module GeometryCache (418)
[2020.05.18-16.50.36:733][537]LogModuleManager: Shutting down and abandoning module GeometryCacheEd (417)
[2020.05.18-16.50.36:733][537]LogModuleManager: Shutting down and abandoning module VariantManager (412)
[2020.05.18-16.50.36:774][537]LogModuleManager: Shutting down and abandoning module VariantManagerContentEditor (411)
[2020.05.18-16.50.36:774][537]LogModuleManager: Shutting down and abandoning module StaticMeshEditorExtension (408)
[2020.05.18-16.50.36:782][537]LogModuleManager: Shutting down and abandoning module StaticMeshEditor (407)
[2020.05.18-16.50.36:806][537]LogModuleManager: Shutting down and abandoning module AdvancedPreviewScene (406)
[2020.05.18-16.50.36:806][537]LogModuleManager: Shutting down and abandoning module MeshProcessingLibrary (403)
[2020.05.18-16.50.36:806][537]LogModuleManager: Shutting down and abandoning module DatasmithNativeTranslator (400)
[2020.05.18-16.50.36:823][537]LogModuleManager: Shutting down and abandoning module DatasmithImporter (398)
[2020.05.18-16.50.36:834][537]LogModuleManager: Shutting down and abandoning module ToolMenus (397)
[2020.05.18-16.50.36:834][537]LogModuleManager: Shutting down and abandoning module DatasmithContentEditor (394)
[2020.05.18-16.50.36:834][537]LogModuleManager: Shutting down and abandoning module SpeedTreeImporter (392)
[2020.05.18-16.50.36:834][537]LogModuleManager: Shutting down and abandoning module PluginBrowser (390)
[2020.05.18-16.50.36:834][537]LogModuleManager: Shutting down and abandoning module MobileLauncherProfileWizard (388)
[2020.05.18-16.50.36:834][537]LogModuleManager: Shutting down and abandoning module PolygonModeling (386)
[2020.05.18-16.50.36:834][537]LogModuleManager: Shutting down and abandoning module MeshEditor (384)
[2020.05.18-16.50.36:835][537]LogModuleManager: Shutting down and abandoning module MaterialAnalyzer (382)
[2020.05.18-16.50.36:835][537]LogModuleManager: Shutting down and abandoning module EditorScriptingUtilities (380)
[2020.05.18-16.50.36:835][537]LogModuleManager: Shutting down and abandoning module CurveEditorTools (378)
[2020.05.18-16.50.36:835][537]LogModuleManager: Shutting down and abandoning module CryptoKeysOpenSSL (376)
[2020.05.18-16.50.36:835][537]LogModuleManager: Shutting down and abandoning module CryptoKeys (374)
[2020.05.18-16.50.36:835][537]LogModuleManager: Shutting down and abandoning module VisualStudioSourceCodeAccess (372)
[2020.05.18-16.50.36:835][537]LogModuleManager: Shutting down and abandoning module VisualStudioCodeSourceCodeAccess (370)
[2020.05.18-16.50.36:835][537]LogModuleManager: Shutting down and abandoning module UObjectPlugin (368)
[2020.05.18-16.50.36:835][537]LogModuleManager: Shutting down and abandoning module SubversionSourceControl (366)
[2020.05.18-16.50.36:835][537]LogModuleManager: Shutting down and abandoning module PlasticSourceControl (364)
[2020.05.18-16.50.36:835][537]LogModuleManager: Shutting down and abandoning module PerforceSourceControl (362)
[2020.05.18-16.50.36:836][537]LogModuleManager: Shutting down and abandoning module GitSourceControl (360)
[2020.05.18-16.50.36:836][537]LogModuleManager: Shutting down and abandoning module SourceControl (359)
[2020.05.18-16.50.36:836][537]LogModuleManager: Shutting down and abandoning module CLionSourceCodeAccess (356)
[2020.05.18-16.50.36:836][537]LogModuleManager: Shutting down and abandoning module AnimationSharingEd (354)
[2020.05.18-16.50.36:836][537]LogModuleManager: Shutting down and abandoning module ActorLayerUtilitiesEditor (352)
[2020.05.18-16.50.36:836][537]LogModuleManager: Shutting down and abandoning module ActorLayerUtilities (350)
[2020.05.18-16.50.36:836][537]LogModuleManager: Shutting down and abandoning module LightPropagationVolumeEditor (348)
[2020.05.18-16.50.36:836][537]LogModuleManager: Shutting down and abandoning module PaperTiledImporter (346)
[2020.05.18-16.50.36:836][537]LogModuleManager: Shutting down and abandoning module PaperSpriteSheetImporter (344)
[2020.05.18-16.50.36:836][537]LogModuleManager: Shutting down and abandoning module Paper2DEditor (342)
[2020.05.18-16.50.36:836][537]LogModuleManager: Shutting down and abandoning module SignificanceManager (340)
[2020.05.18-16.50.36:836][537]LogModuleManager: Shutting down and abandoning module RuntimePhysXCooking (338)
[2020.05.18-16.50.36:836][537]LogModuleManager: Shutting down and abandoning module PhysXVehiclesEditor (336)
[2020.05.18-16.50.36:836][537]LogModuleManager: Shutting down and abandoning module LocationServicesBPLibrary (332)
[2020.05.18-16.50.36:836][537]LogModuleManager: Shutting down and abandoning module ActorSequence (330)
[2020.05.18-16.50.36:836][537]LogModuleManager: Shutting down and abandoning module UdpMessaging (328)
[2020.05.18-16.50.36:937][537]LogModuleManager: Shutting down and abandoning module TcpMessaging (326)
[2020.05.18-16.50.37:038][537]LogModuleManager: Shutting down and abandoning module MagicLeapPrivileges (324)
[2020.05.18-16.50.37:038][537]LogModuleManager: Shutting down and abandoning module MagicLeapPlanes (322)
[2020.05.18-16.50.37:038][537]LogMagicLeapPlanes: Planes tracker already destroyed.
[2020.05.18-16.50.37:038][537]LogModuleManager: Shutting down and abandoning module MagicLeapIdentity (320)
[2020.05.18-16.50.37:038][537]LogModuleManager: Shutting down and abandoning module MagicLeapSecureStorage (318)
[2020.05.18-16.50.37:038][537]LogModuleManager: Shutting down and abandoning module MagicLeapImageTracker (316)
[2020.05.18-16.50.37:038][537]LogModuleManager: Shutting down and abandoning module MagicLeapHandTracking (314)
[2020.05.18-16.50.37:038][537]LogModuleManager: Shutting down and abandoning module MagicLeapHandMeshing (312)
[2020.05.18-16.50.37:038][537]LogModuleManager: Shutting down and abandoning module MagicLeapEyeTracker (310)
[2020.05.18-16.50.37:038][537]LogModuleManager: Shutting down and abandoning module MagicLeapController (308)
[2020.05.18-16.50.37:038][537]LogSlate: Slate User Destroyed.  User Index 0, Is Virtual User: 0
[2020.05.18-16.50.37:038][537]LogModuleManager: Shutting down and abandoning module MagicLeapARPin (306)
[2020.05.18-16.50.37:038][537]LogModuleManager: Shutting down and abandoning module MagicLeapAR (304)
[2020.05.18-16.50.37:038][537]LogModuleManager: Shutting down and abandoning module AugmentedReality (303)
[2020.05.18-16.50.37:038][537]LogModuleManager: Shutting down and abandoning module PythonScriptPlugin (300)
[2020.05.18-16.50.37:038][537]LogModuleManager: Shutting down and abandoning module GameplayTagsEditor (298)
[2020.05.18-16.50.37:038][537]LogModuleManager: Shutting down and abandoning module FacialAnimationEditor (296)
[2020.05.18-16.50.37:038][537]LogModuleManager: Shutting down and abandoning module FacialAnimation (294)
[2020.05.18-16.50.37:038][537]LogModuleManager: Shutting down and abandoning module DataValidation (292)
[2020.05.18-16.50.37:038][537]LogModuleManager: Shutting down and abandoning module AssetManagerEditor (290)
[2020.05.18-16.50.37:039][537]LogModuleManager: Shutting down and abandoning module LevelEditor (289)
[2020.05.18-16.50.37:039][537]LogModuleManager: Shutting down and abandoning module PixelInspectorModule (288)
[2020.05.18-16.50.37:039][537]LogModuleManager: Shutting down and abandoning module CommonMenuExtensions (286)
[2020.05.18-16.50.37:039][537]LogModuleManager: Shutting down and abandoning module MainFrame (284)
[2020.05.18-16.50.37:039][537]LogModuleManager: Shutting down and abandoning module HotReload (283)
[2020.05.18-16.50.37:040][537]LogModuleManager: Shutting down and abandoning module ContentBrowser (279)
[2020.05.18-16.50.37:041][537]LogModuleManager: Shutting down and abandoning module TreeMap (277)
[2020.05.18-16.50.37:041][537]LogModuleManager: Shutting down and abandoning module AnimationSharing (274)
[2020.05.18-16.50.37:041][537]LogModuleManager: Shutting down and abandoning module LightPropagationVolumeRuntime (272)
[2020.05.18-16.50.37:041][537]LogModuleManager: Shutting down and abandoning module Paper2D (270)
[2020.05.18-16.50.37:041][537]LogModuleManager: Shutting down and abandoning module WindowsMoviePlayer (268)
[2020.05.18-16.50.37:046][537]LogModuleManager: Shutting down and abandoning module WebMMoviePlayer (266)
[2020.05.18-16.50.37:046][537]LogModuleManager: Shutting down and abandoning module NetworkReplayStreaming (264)
[2020.05.18-16.50.37:046][537]LogModuleManager: Shutting down and abandoning module PacketHandler (262)
[2020.05.18-16.50.37:046][537]LogModuleManager: Shutting down and abandoning module ClothingSystemEditor (260)
[2020.05.18-16.50.37:046][537]LogModuleManager: Shutting down and abandoning module ClothingSystemRuntimeNv (258)
[2020.05.18-16.50.37:046][537]LogModuleManager: Shutting down and abandoning module MediaAssets (256)
[2020.05.18-16.50.37:046][537]LogModuleManager: Shutting down and abandoning module Overlay (254)
[2020.05.18-16.50.37:046][537]LogModuleManager: Shutting down and abandoning module OverlayEditor (253)
[2020.05.18-16.50.37:046][537]LogModuleManager: Shutting down and abandoning module VREditor (250)
[2020.05.18-16.50.37:046][537]LogModuleManager: Shutting down and abandoning module StringTableEditor (248)
[2020.05.18-16.50.37:046][537]LogModuleManager: Shutting down and abandoning module GameplayTasksEditor (246)
[2020.05.18-16.50.37:046][537]LogModuleManager: Shutting down and abandoning module BehaviorTreeEditor (244)
[2020.05.18-16.50.37:046][537]LogModuleManager: Shutting down and abandoning module FunctionalTesting (242)
[2020.05.18-16.50.37:046][537]LogModuleManager: Shutting down and abandoning module CollisionAnalyzer (240)
[2020.05.18-16.50.37:047][537]LogModuleManager: Shutting down and abandoning module WorkspaceMenuStructure (239)
[2020.05.18-16.50.37:047][537]LogModuleManager: Shutting down and abandoning module UMG (236)
[2020.05.18-16.50.37:047][537]LogModuleManager: Shutting down and abandoning module UMGEditor (235)
[2020.05.18-16.50.37:047][537]LogModuleManager: Shutting down and abandoning module MessageLog (233)
[2020.05.18-16.50.37:047][537]LogModuleManager: Shutting down and abandoning module SlateReflector (228)
[2020.05.18-16.50.37:047][537]LogModuleManager: Shutting down and abandoning module Slate (226)
[2020.05.18-16.50.37:047][537]LogModuleManager: Shutting down and abandoning module SlateCore (224)
[2020.05.18-16.50.37:047][537]LogModuleManager: Shutting down and abandoning module LandscapeEditorUtilities (222)
[2020.05.18-16.50.37:047][537]LogModuleManager: Shutting down and abandoning module UnrealEd (220)
[2020.05.18-16.50.37:047][537]LogModuleManager: Shutting down and abandoning module MRMesh (218)
[2020.05.18-16.50.37:047][537]LogModuleManager: Shutting down and abandoning module SourceCodeAccess (216)
[2020.05.18-16.50.37:047][537]LogModuleManager: Shutting down and abandoning module HeadMountedDisplay (214)
[2020.05.18-16.50.37:047][537]LogModuleManager: Shutting down and abandoning module XAudio2 (212)
[2020.05.18-16.50.37:047][537]LogModuleManager: Shutting down and abandoning module Networking (210)
[2020.05.18-16.50.37:047][537]LogModuleManager: Shutting down and abandoning module Core (208)
[2020.05.18-16.50.37:047][537]LogModuleManager: Shutting down and abandoning module MovieSceneTools (206)
[2020.05.18-16.50.37:047][537]LogModuleManager: Shutting down and abandoning module CurveEditor (205)
[2020.05.18-16.50.37:047][537]LogModuleManager: Shutting down and abandoning module Sequencer (203)
[2020.05.18-16.50.37:047][537]LogModuleManager: Shutting down and abandoning module EditorStyle (202)
[2020.05.18-16.50.37:049][537]LogModuleManager: Shutting down and abandoning module KismetCompiler (198)
[2020.05.18-16.50.37:049][537]LogModuleManager: Shutting down and abandoning module MeshUtilities (196)
[2020.05.18-16.50.37:050][537]LogModuleManager: Shutting down and abandoning module MeshMergeUtilities (195)
[2020.05.18-16.50.37:050][537]LogModuleManager: Shutting down and abandoning module MeshReductionInterface (194)
[2020.05.18-16.50.37:050][537]LogModuleManager: Shutting down and abandoning module MeshBoneReduction (193)
[2020.05.18-16.50.37:050][537]LogModuleManager: Shutting down and abandoning module SkeletalMeshReduction (191)
[2020.05.18-16.50.37:051][537]LogModuleManager: Shutting down and abandoning module ProxyLODMeshReduction (189)
[2020.05.18-16.50.37:051][537]LogModuleManager: Shutting down and abandoning module QuadricMeshReduction (187)
[2020.05.18-16.50.37:051][537]LogModuleManager: Shutting down and abandoning module MaterialBaking (183)
[2020.05.18-16.50.37:051][537]LogModuleManager: Shutting down and abandoning module NullInstallBundleManager (178)
[2020.05.18-16.50.37:051][537]LogModuleManager: Shutting down and abandoning module DerivedDataCache (176)
[2020.05.18-16.50.37:051][537]LogDerivedDataCache: Shutdown
[2020.05.18-16.50.37:051][537]LogModuleManager: Shutting down and abandoning module XGEController (174)
[2020.05.18-16.50.37:051][537]LogXGEController: Cleaning working directory: C:/Users/C137/AppData/Local/Temp/UnrealXGEWorkingDir/
[2020.05.18-16.50.37:052][537]LogModuleManager: Shutting down and abandoning module TargetPlatform (172)
[2020.05.18-16.50.37:052][537]LogModuleManager: Shutting down and abandoning module VulkanShaderFormat (171)
[2020.05.18-16.50.37:052][537]LogModuleManager: Shutting down and abandoning module ShaderFormatVectorVM (169)
[2020.05.18-16.50.37:052][537]LogModuleManager: Shutting down and abandoning module ShaderFormatOpenGL (167)
[2020.05.18-16.50.37:052][537]LogModuleManager: Shutting down and abandoning module ShaderFormatD3D (165)
[2020.05.18-16.50.37:052][537]LogModuleManager: Shutting down and abandoning module MetalShaderFormat (163)
[2020.05.18-16.50.37:052][537]LogModuleManager: Shutting down and abandoning module TextureFormatUncompressed (161)
[2020.05.18-16.50.37:052][537]LogModuleManager: Shutting down and abandoning module TextureFormatPVR (159)
[2020.05.18-16.50.37:052][537]LogModuleManager: Shutting down and abandoning module TextureFormatDXT (157)
[2020.05.18-16.50.37:052][537]LogModuleManager: Shutting down and abandoning module TextureFormatIntelISPCTexComp (155)
[2020.05.18-16.50.37:052][537]LogModuleManager: Shutting down and abandoning module TextureFormatASTC (153)
[2020.05.18-16.50.37:052][537]LogModuleManager: Shutting down and abandoning module ImageWrapper (152)
[2020.05.18-16.50.37:052][537]LogModuleManager: Shutting down and abandoning module TextureFormatAndroid (149)
[2020.05.18-16.50.37:052][537]LogModuleManager: Shutting down and abandoning module AudioFormatOpus (147)
[2020.05.18-16.50.37:052][537]LogModuleManager: Shutting down and abandoning module AudioFormatOgg (145)
[2020.05.18-16.50.37:052][537]LogModuleManager: Shutting down and abandoning module AudioFormatADPCM (143)
[2020.05.18-16.50.37:052][537]LogModuleManager: Shutting down and abandoning module WindowsServerTargetPlatform (141)
[2020.05.18-16.50.37:052][537]LogModuleManager: Shutting down and abandoning module WindowsClientTargetPlatform (139)
[2020.05.18-16.50.37:052][537]LogModuleManager: Shutting down and abandoning module WindowsTargetPlatform (137)
[2020.05.18-16.50.37:052][537]LogModuleManager: Shutting down and abandoning module WindowsNoEditorTargetPlatform (135)
[2020.05.18-16.50.37:052][537]LogModuleManager: Shutting down and abandoning module TVOSTargetPlatform (133)
[2020.05.18-16.50.37:053][537]LogModuleManager: Shutting down and abandoning module LuminTargetPlatform (131)
[2020.05.18-16.50.37:054][537]LogModuleManager: Shutting down and abandoning module LinuxAArch64ServerTargetPlatform (129)
[2020.05.18-16.50.37:054][537]LogModuleManager: Shutting down and abandoning module LinuxAArch64ClientTargetPlatform (127)
[2020.05.18-16.50.37:054][537]LogModuleManager: Shutting down and abandoning module LinuxAArch64NoEditorTargetPlatform (125)
[2020.05.18-16.50.37:054][537]LogModuleManager: Shutting down and abandoning module LinuxServerTargetPlatform (123)
[2020.05.18-16.50.37:054][537]LogModuleManager: Shutting down and abandoning module LinuxClientTargetPlatform (121)
[2020.05.18-16.50.37:054][537]LogModuleManager: Shutting down and abandoning module LinuxNoEditorTargetPlatform (119)
[2020.05.18-16.50.37:054][537]LogModuleManager: Shutting down and abandoning module Messaging (117)
[2020.05.18-16.50.37:054][537]LogModuleManager: Shutting down and abandoning module IOSTargetPlatform (115)
[2020.05.18-16.50.37:056][537]LogModuleManager: Shutting down and abandoning module AndroidTargetPlatform (113)
[2020.05.18-16.50.37:067][537]LogModuleManager: Shutting down and abandoning module AllDesktopTargetPlatform (111)
[2020.05.18-16.50.37:067][537]LogModuleManager: Shutting down and abandoning module InputCore (108)
[2020.05.18-16.50.37:067][537]LogModuleManager: Shutting down and abandoning module Settings (106)
[2020.05.18-16.50.37:067][537]LogModuleManager: Shutting down and abandoning module DirectoryWatcher (104)
[2020.05.18-16.50.37:067][537]LogModuleManager: Shutting down and abandoning module PhysXCooking (102)
[2020.05.18-16.50.37:067][537]LogModuleManager: Shutting down and abandoning module ChaosSolvers (100)
[2020.05.18-16.50.37:067][537]LogModuleManager: Shutting down and abandoning module FieldSystemEngine (99)
[2020.05.18-16.50.37:067][537]LogModuleManager: Shutting down and abandoning module Chaos (96)
[2020.05.18-16.50.37:067][537]LogModuleManager: Shutting down and abandoning module WindowsPlatformFeatures (94)
[2020.05.18-16.50.37:067][537]LogModuleManager: Shutting down and abandoning module GameplayMediaEncoder (93)
[2020.05.18-16.50.37:067][537]LogModuleManager: Shutting down and abandoning module SteamVRInputDevice (90)
[2020.05.18-16.50.37:067][537]LogModuleManager: Shutting down and abandoning module SteamVRInput (88)
[2020.05.18-16.50.37:067][537]LogModuleManager: Shutting down and abandoning module SteamVR (86)
[2020.05.18-16.50.37:067][537]LogHMD: Freeing OpenVRDLLHandle.
[2020.05.18-16.50.37:067][537]LogModuleManager: Shutting down and abandoning module OculusHMD (84)
[2020.05.18-16.50.37:067][537]LogModuleManager: Shutting down and abandoning module ExampleDeviceProfileSelector (82)
[2020.05.18-16.50.37:067][537]LogModuleManager: Shutting down and abandoning module LauncherChunkInstaller (80)
[2020.05.18-16.50.37:068][537]LogModuleManager: Shutting down and abandoning module OnlineBlueprintSupport (78)
[2020.05.18-16.50.37:068][537]LogModuleManager: Shutting down and abandoning module OnlineSubsystem (74)
[2020.05.18-16.50.37:069][537]LogModuleManager: Shutting down and abandoning module XMPP (69)
[2020.05.18-16.50.37:069][537]LogModuleManager: Shutting down and abandoning module WebSockets (68)
[2020.05.18-16.50.37:082][537]LogModuleManager: Shutting down and abandoning module HTTP (65)
[2020.05.18-16.50.37:082][537]LogHttp: Display: Http module shutting down, but needs to wait on 1 outstanding Http requests:
[2020.05.18-16.50.37:082][537]LogHttp: Display: 	verb=[POST] url=[https://datarouter.ol.epicgames.com/datarouter/api/v1/public/data?SessionID=%7BF446B027-4172-9E12-06B7-6BAE6C1BE547%7D&AppID=UEEditor.Rocket.Release&AppVersion=4.24.3-11590370%2B%2B%2BUE4%2BRelease-4.24&UserID=5a95ec9d4851555efff6f1a4a2d51d90%7C1698f13540b0406c81b5cfc39f9cf102%7Cd5f6810f-1013-49a2-af3f-f592ee221fc3&AppEnvironment=datacollector-binary&UploadType=eteventstream] refs=[1] status=Processing
[2020.05.18-16.50.37:085][537]LogModuleManager: Shutting down and abandoning module SSL (64)
[2020.05.18-16.50.37:087][537]LogModuleManager: Shutting down and abandoning module WmfMedia (60)
[2020.05.18-16.50.37:089][537]LogModuleManager: Shutting down and abandoning module Media (59)
[2020.05.18-16.50.37:090][537]LogModuleManager: Shutting down and abandoning module MagicLeap (56)
[2020.05.18-16.50.37:090][537]LogModuleManager: Shutting down and abandoning module VariantManagerContent (54)
[2020.05.18-16.50.37:090][537]LogModuleManager: Shutting down and abandoning module DatasmithContent (52)
[2020.05.18-16.50.37:090][537]LogModuleManager: Shutting down and abandoning module AISupportModule (50)
[2020.05.18-16.50.37:090][537]LogModuleManager: Shutting down and abandoning module DesktopPlatform (48)
[2020.05.18-16.50.37:090][537]LogModuleManager: Shutting down and abandoning module PythonScriptPluginPreload (46)
[2020.05.18-16.50.37:090][537]LogModuleManager: Shutting down and abandoning module PlatformCryptoOpenSSL (44)
[2020.05.18-16.50.37:090][537]LogModuleManager: Shutting down and abandoning module PlatformCryptoTypes (42)
[2020.05.18-16.50.37:090][537]LogModuleManager: Shutting down and abandoning module PlatformCrypto (40)
[2020.05.18-16.50.37:090][537]LogModuleManager: Shutting down and abandoning module AnimationModifiers (38)
[2020.05.18-16.50.37:090][537]LogModuleManager: Shutting down and abandoning module PropertyEditor (37)
[2020.05.18-16.50.37:091][537]LogModuleManager: Shutting down and abandoning module AudioEditor (34)
[2020.05.18-16.50.37:091][537]LogModuleManager: Shutting down and abandoning module TextureCompressor (32)
[2020.05.18-16.50.37:091][537]LogModuleManager: Shutting down and abandoning module RenderCore (30)
[2020.05.18-16.50.37:091][537]LogModuleManager: Shutting down and abandoning module Landscape (28)
[2020.05.18-16.50.37:091][537]LogModuleManager: Shutting down and abandoning module SlateRHIRenderer (26)
[2020.05.18-16.50.37:093][537]LogModuleManager: Shutting down and abandoning module OpenGLDrv (24)
[2020.05.18-16.50.37:093][537]LogModuleManager: Shutting down and abandoning module D3D11RHI (22)
[2020.05.18-16.50.37:093][537]LogModuleManager: Shutting down and abandoning module AnimGraphRuntime (20)
[2020.05.18-16.50.37:093][537]LogModuleManager: Shutting down and abandoning module Renderer (18)
[2020.05.18-16.50.37:093][537]LogModuleManager: Shutting down and abandoning module Engine (16)
[2020.05.18-16.50.37:093][537]LogModuleManager: Shutting down and abandoning module CoreUObject (14)
[2020.05.18-16.50.37:093][537]LogModuleManager: Shutting down and abandoning module NetworkFile (12)
[2020.05.18-16.50.37:093][537]LogModuleManager: Shutting down and abandoning module CookedIterativeFile (10)
[2020.05.18-16.50.37:094][537]LogModuleManager: Shutting down and abandoning module StreamingFile (8)
[2020.05.18-16.50.37:094][537]LogModuleManager: Shutting down and abandoning module SandboxFile (6)
[2020.05.18-16.50.37:094][537]LogModuleManager: Shutting down and abandoning module PakFile (4)
[2020.05.18-16.50.37:094][537]LogModuleManager: Shutting down and abandoning module RSA (3)
[2020.05.18-16.50.37:095][537]LogD3D11RHI: Shutdown
[2020.05.18-16.50.37:095][537]LogD3D11RHI: CleanupD3DDevice
[2020.05.18-16.50.37:122][537]LogExit: Exiting.
[2020.05.18-16.50.37:208][537]Log file closed, 05/18/20 12:50:37
